-------------------------------------------------------------------------------
Test set: org.thingsplode.server.executors.ExecutorTest
-------------------------------------------------------------------------------
Tests run: 4, Failures: 0, Errors: 1, Skipped: 0, Time elapsed: 0.699 sec <<< FAILURE! - in org.thingsplode.server.executors.ExecutorTest
testEventSync(org.thingsplode.server.executors.ExecutorTest)  Time elapsed: 0.08 sec  <<< ERROR!
org.springframework.messaging.MessagingException: ; nested exception is org.springframework.messaging.core.DestinationResolutionException: no output-channel or replyChannel header available
	at org.springframework.integration.handler.AbstractMessageProducingHandler.sendOutput(AbstractMessageProducingHandler.java:243)
	at org.springframework.integration.handler.AbstractMessageProducingHandler.produceOutput(AbstractMessageProducingHandler.java:171)
	at org.springframework.integration.handler.AbstractMessageProducingHandler.sendOutputs(AbstractMessageProducingHandler.java:119)
	at org.springframework.integration.handler.AbstractReplyProducingMessageHandler.handleMessageInternal(AbstractReplyProducingMessageHandler.java:105)
	at org.springframework.integration.handler.AbstractMessageHandler.handleMessage(AbstractMessageHandler.java:78)
	at org.springframework.integration.dispatcher.AbstractDispatcher.tryOptimizedDispatch(AbstractDispatcher.java:116)
	at org.springframework.integration.dispatcher.UnicastingDispatcher.doDispatch(UnicastingDispatcher.java:101)
	at org.springframework.integration.dispatcher.UnicastingDispatcher.dispatch(UnicastingDispatcher.java:97)
	at org.springframework.integration.channel.AbstractSubscribableChannel.doSend(AbstractSubscribableChannel.java:77)
	at org.springframework.integration.channel.AbstractMessageChannel.send(AbstractMessageChannel.java:277)
	at org.springframework.integration.channel.AbstractMessageChannel.send(AbstractMessageChannel.java:239)
	at org.springframework.messaging.core.GenericMessagingTemplate.doSend(GenericMessagingTemplate.java:115)
	at org.springframework.messaging.core.GenericMessagingTemplate.doSend(GenericMessagingTemplate.java:45)
	at org.springframework.messaging.core.AbstractMessageSendingTemplate.send(AbstractMessageSendingTemplate.java:95)
	at org.springframework.messaging.core.AbstractMessageSendingTemplate.send(AbstractMessageSendingTemplate.java:85)
	at org.thingsplode.server.bus.executors.AbstractSyncExecutor.process(AbstractSyncExecutor.java:40)
	at org.thingsplode.server.BusConfig$1.handleMessageInternal(BusConfig.java:90)
	at org.springframework.integration.handler.AbstractMessageHandler.handleMessage(AbstractMessageHandler.java:78)
	at org.springframework.integration.config.annotation.ServiceActivatorAnnotationPostProcessor$ReplyProducingMessageHandlerWrapper.handleRequestMessage(ServiceActivatorAnnotationPostProcessor.java:96)
	at org.springframework.integration.handler.AbstractReplyProducingMessageHandler.handleMessageInternal(AbstractReplyProducingMessageHandler.java:99)
	at org.springframework.integration.handler.AbstractMessageHandler.handleMessage(AbstractMessageHandler.java:78)
	at org.springframework.integration.dispatcher.AbstractDispatcher.tryOptimizedDispatch(AbstractDispatcher.java:116)
	at org.springframework.integration.dispatcher.UnicastingDispatcher.doDispatch(UnicastingDispatcher.java:101)
	at org.springframework.integration.dispatcher.UnicastingDispatcher.dispatch(UnicastingDispatcher.java:97)
	at org.springframework.integration.channel.AbstractSubscribableChannel.doSend(AbstractSubscribableChannel.java:77)
	at org.springframework.integration.channel.AbstractMessageChannel.send(AbstractMessageChannel.java:277)
	at org.springframework.integration.channel.AbstractMessageChannel.send(AbstractMessageChannel.java:239)
	at org.springframework.messaging.core.GenericMessagingTemplate.doSend(GenericMessagingTemplate.java:115)
	at org.springframework.messaging.core.GenericMessagingTemplate.doSend(GenericMessagingTemplate.java:45)
	at org.springframework.messaging.core.AbstractMessageSendingTemplate.send(AbstractMessageSendingTemplate.java:95)
	at org.springframework.messaging.core.AbstractMessageSendingTemplate.convertAndSend(AbstractMessageSendingTemplate.java:133)
	at org.springframework.messaging.core.AbstractMessageSendingTemplate.convertAndSend(AbstractMessageSendingTemplate.java:125)
	at org.springframework.integration.gateway.MessagingGatewaySupport.send(MessagingGatewaySupport.java:302)
	at org.springframework.integration.gateway.GatewayProxyFactoryBean.invokeGatewayMethod(GatewayProxyFactoryBean.java:417)
	at org.springframework.integration.gateway.GatewayProxyFactoryBean.doInvoke(GatewayProxyFactoryBean.java:374)
	at org.springframework.integration.gateway.GatewayProxyFactoryBean.invoke(GatewayProxyFactoryBean.java:365)
	at org.springframework.aop.framework.ReflectiveMethodInvocation.proceed(ReflectiveMethodInvocation.java:179)
	at org.springframework.aop.framework.JdkDynamicAopProxy.invoke(JdkDynamicAopProxy.java:207)
	at com.sun.proxy.$Proxy89.process(Unknown Source)
	at org.thingsplode.server.executors.ExecutorTest.testEventSync(ExecutorTest.java:214)

