<?xml version="1.0" encoding="UTF-8"?>
<testsuite name="org.thingsplode.server.repositories.RepositoryTest" time="0.567" tests="4" errors="4" skipped="0" failures="0">
  <properties>
[...]
</properties>
  <testcase name="testDeleteConfigs" classname="org.thingsplode.server.repositories.RepositoryTest" time="0.525">
    <error message="A collection with cascade=&quot;all-delete-orphan&quot; was no longer referenced by the owning entity instance: org.thingsplode.core.entities.Capability.parameters; nested exception is org.hibernate.HibernateException: A collection with cascade=&quot;all-delete-orphan&quot; was no longer referenced by the owning entity instance: org.thingsplode.core.entities.Capability.parameters" type="org.springframework.orm.jpa.JpaSystemException">org.springframework.orm.jpa.JpaSystemException: A collection with cascade="all-delete-orphan" was no longer referenced by the owning entity instance: org.thingsplode.core.entities.Capability.parameters; nested exception is org.hibernate.HibernateException: A collection with cascade="all-delete-orphan" was no longer referenced by the owning entity instance: org.thingsplode.core.entities.Capability.parameters
	at org.hibernate.engine.internal.Collections.processDereferencedCollection(Collections.java:114)
	at org.hibernate.engine.internal.Collections.processUnreachableCollection(Collections.java:67)
	at org.hibernate.event.internal.AbstractFlushingEventListener.flushCollections(AbstractFlushingEventListener.java:258)
	at org.hibernate.event.internal.AbstractFlushingEventListener.flushEverythingToExecutions(AbstractFlushingEventListener.java:103)
	at org.hibernate.event.internal.DefaultFlushEventListener.onFlush(DefaultFlushEventListener.java:55)
	at org.hibernate.internal.SessionImpl.flush(SessionImpl.java:1222)
	at org.hibernate.internal.SessionImpl.managedFlush(SessionImpl.java:425)
	at org.hibernate.engine.transaction.internal.jdbc.JdbcTransaction.beforeTransactionCommit(JdbcTransaction.java:101)
	at org.hibernate.engine.transaction.spi.AbstractTransactionImpl.commit(AbstractTransactionImpl.java:177)
	at org.hibernate.jpa.internal.TransactionImpl.commit(TransactionImpl.java:77)
	at org.springframework.orm.jpa.JpaTransactionManager.doCommit(JpaTransactionManager.java:517)
	at org.springframework.transaction.support.AbstractPlatformTransactionManager.processCommit(AbstractPlatformTransactionManager.java:757)
	at org.springframework.transaction.support.AbstractPlatformTransactionManager.commit(AbstractPlatformTransactionManager.java:726)
	at org.springframework.transaction.interceptor.TransactionAspectSupport.commitTransactionAfterReturning(TransactionAspectSupport.java:515)
	at org.springframework.transaction.interceptor.TransactionAspectSupport.invokeWithinTransaction(TransactionAspectSupport.java:291)
	at org.springframework.transaction.interceptor.TransactionInterceptor.invoke(TransactionInterceptor.java:96)
	at org.springframework.aop.framework.ReflectiveMethodInvocation.proceed(ReflectiveMethodInvocation.java:179)
	at org.springframework.dao.support.PersistenceExceptionTranslationInterceptor.invoke(PersistenceExceptionTranslationInterceptor.java:136)
	at org.springframework.aop.framework.ReflectiveMethodInvocation.proceed(ReflectiveMethodInvocation.java:179)
	at org.springframework.data.jpa.repository.support.CrudMethodMetadataPostProcessor$CrudMethodMetadataPopulatingMethodIntercceptor.invoke(CrudMethodMetadataPostProcessor.java:122)
	at org.springframework.aop.framework.ReflectiveMethodInvocation.proceed(ReflectiveMethodInvocation.java:179)
	at org.springframework.aop.interceptor.ExposeInvocationInterceptor.invoke(ExposeInvocationInterceptor.java:92)
	at org.springframework.aop.framework.ReflectiveMethodInvocation.proceed(ReflectiveMethodInvocation.java:179)
	at org.springframework.aop.framework.JdkDynamicAopProxy.invoke(JdkDynamicAopProxy.java:207)
	at com.sun.proxy.$Proxy77.save(Unknown Source)
	at org.thingsplode.server.repositories.RepositoryTest.testDeleteConfigs(RepositoryTest.java:82)
</error>
    <system-out><![CDATA[

 ***** 
 REMOVING PREVIOUS DATABASE: (/tmp/thingsplode_h2db_test.h2.db)
 *****


 **** WARNING: test database file was not found and not deleted. (/tmp/thingsplode_h2db_test.h2.db)
0 [main] DEBUG org.jboss.logging  - Logging Provider: org.jboss.logging.Log4jLoggerProvider
27 [main] INFO com.mchange.v2.log.MLog  - MLog clients using log4j logging.
108 [main] INFO com.mchange.v2.c3p0.C3P0Registry  - Initializing c3p0-0.9.1.2 [built 21-May-2007 15:04:56; debug? true; trace: 10]
572 [main] INFO com.mchange.v2.c3p0.impl.AbstractPoolBackedDataSource  - Initializing c3p0 pool... com.mchange.v2.c3p0.ComboPooledDataSource [ acquireIncrement -> 2, acquireRetryAttempts -> 10, acquireRetryDelay -> 1000, autoCommitOnClose -> false, automaticTestTable -> test, breakAfterAcquireFailure -> false, checkoutTimeout -> 0, connectionCustomizerClassName -> null, connectionTesterClassName -> com.mchange.v2.c3p0.impl.DefaultConnectionTester, dataSourceName -> z8kfsx99g6p8uv1bsvmrg|21ba0741, debugUnreturnedConnectionStackTraces -> false, description -> null, driverClass -> org.h2.Driver, factoryClassLocation -> null, forceIgnoreUnresolvedTransactions -> false, identityToken -> z8kfsx99g6p8uv1bsvmrg|21ba0741, idleConnectionTestPeriod -> 60000, initialPoolSize -> 10, jdbcUrl -> jdbc:h2:/tmp/thingsplode_h2db_test;MODE=Oracle;AUTO_SERVER=TRUE, maxAdministrativeTaskTime -> 0, maxConnectionAge -> 0, maxIdleTime -> 0, maxIdleTimeExcessConnections -> 0, maxPoolSize -> 20, maxStatements -> 0, maxStatementsPerConnection -> 50, minPoolSize -> 10, numHelperThreads -> 10, numThreadsAwaitingCheckoutDefaultUser -> 0, preferredTestQuery -> null, properties -> {user=******, password=******}, propertyCycle -> 0, testConnectionOnCheckin -> true, testConnectionOnCheckout -> false, unreturnedConnectionTimeout -> 0, usesTraditionalReflectiveProxies -> false ]
573 [main] DEBUG org.hibernate.jpa.internal.util.LogHelper  - PersistenceUnitInfo [
	name: default
	persistence provider classname: null
	classloader: sun.misc.Launcher$AppClassLoader@42a57993
	excludeUnlistedClasses: true
	JTA datasource: null
	Non JTA datasource: com.mchange.v2.c3p0.ComboPooledDataSource [ acquireIncrement -> 2, acquireRetryAttempts -> 10, acquireRetryDelay -> 1000, autoCommitOnClose -> false, automaticTestTable -> test, breakAfterAcquireFailure -> false, checkoutTimeout -> 0, connectionCustomizerClassName -> null, connectionTesterClassName -> com.mchange.v2.c3p0.impl.DefaultConnectionTester, dataSourceName -> z8kfsx99g6p8uv1bsvmrg|21ba0741, debugUnreturnedConnectionStackTraces -> false, description -> null, driverClass -> org.h2.Driver, factoryClassLocation -> null, forceIgnoreUnresolvedTransactions -> false, identityToken -> z8kfsx99g6p8uv1bsvmrg|21ba0741, idleConnectionTestPeriod -> 60000, initialPoolSize -> 10, jdbcUrl -> jdbc:h2:/tmp/thingsplode_h2db_test;MODE=Oracle;AUTO_SERVER=TRUE, maxAdministrativeTaskTime -> 0, maxConnectionAge -> 0, maxIdleTime -> 0, maxIdleTimeExcessConnections -> 0, maxPoolSize -> 20, maxStatements -> 0, maxStatementsPerConnection -> 50, minPoolSize -> 10, numHelperThreads -> 10, numThreadsAwaitingCheckoutDefaultUser -> 0, preferredTestQuery -> null, properties -> {user=******, password=******}, propertyCycle -> 0, testConnectionOnCheckin -> true, testConnectionOnCheckout -> false, unreturnedConnectionTimeout -> 0, usesTraditionalReflectiveProxies -> false ]
	Transaction type: RESOURCE_LOCAL
	PU root URL: file:/home/tamas/.m2/repository/org/thingsplode/thingsplode-core/1.0-SNAPSHOT/thingsplode-core-1.0-SNAPSHOT.jar
	Shared Cache Mode: UNSPECIFIED
	Validation Mode: AUTO
	Jar files URLs []
	Managed classes names [
		org.thingsplode.core.entities.Configuration
		org.thingsplode.core.entities.Component
		org.thingsplode.core.entities.Parameter
		org.thingsplode.core.entities.Indication
		org.thingsplode.core.entities.Capability
		org.thingsplode.core.entities.Persistable
		org.thingsplode.core.entities.Device
		org.thingsplode.core.entities.Model
		org.thingsplode.core.entities.Treshold
		org.thingsplode.core.entities.Event]
	Mapping files names []
	Properties []
587 [main] DEBUG org.hibernate.integrator.internal.IntegratorServiceImpl  - Adding Integrator [org.hibernate.cfg.beanvalidation.BeanValidationIntegrator].
588 [main] DEBUG org.hibernate.integrator.internal.IntegratorServiceImpl  - Adding Integrator [org.hibernate.secure.spi.JaccIntegrator].
589 [main] DEBUG org.hibernate.integrator.internal.IntegratorServiceImpl  - Adding Integrator [org.hibernate.cache.internal.CollectionCacheInvalidator].
589 [main] DEBUG org.hibernate.integrator.internal.IntegratorServiceImpl  - Adding Integrator [org.hibernate.jpa.event.spi.JpaIntegrator].
596 [main] DEBUG org.hibernate.integrator.internal.IntegratorServiceImpl  - Adding Integrator [org.hibernate.envers.event.spi.EnversIntegrator].
616 [main] DEBUG org.hibernate.boot.registry.selector.internal.StrategySelectorImpl  - Registering named strategy selector [org.hibernate.dialect.Dialect] : [MySQL5] -> [org.hibernate.dialect.MySQL5Dialect] (replacing [org.hibernate.dialect.MySQL5Dialect])
616 [main] DEBUG org.hibernate.boot.registry.selector.internal.StrategySelectorImpl  - Registering named strategy selector [org.hibernate.dialect.Dialect] : [MySQL5InnoDB] -> [org.hibernate.dialect.MySQL5InnoDBDialect] (replacing [org.hibernate.dialect.MySQL5InnoDBDialect])
650 [main] INFO org.hibernate.Version  - HHH000412: Hibernate Core {4.3.8.Final}
830 [main] DEBUG org.hibernate.service.spi.ServiceBinding  - Overriding existing service binding [org.hibernate.secure.spi.JaccService]
914 [main] DEBUG org.hibernate.engine.jdbc.internal.JdbcServicesImpl  - Database ->
       name : H2
    version : 1.3.172 (2013-05-25)
      major : 1
      minor : 3
914 [main] DEBUG org.hibernate.engine.jdbc.internal.JdbcServicesImpl  - Driver ->
       name : H2 JDBC Driver
    version : 1.3.172 (2013-05-25)
      major : 1
      minor : 3
914 [main] DEBUG org.hibernate.engine.jdbc.internal.JdbcServicesImpl  - JDBC version : 4.0
916 [main] DEBUG org.hibernate.engine.jdbc.cursor.internal.StandardRefCursorSupport  - Unexpected error trying to gauge level of JDBC REF_CURSOR support : null
932 [main] INFO org.hibernate.dialect.Dialect  - HHH000400: Using dialect: org.hibernate.dialect.H2Dialect
940 [main] INFO org.hibernate.engine.jdbc.internal.LobCreatorBuilder  - HHH000424: Disabling contextual LOB creation as createClob() method threw error : java.lang.reflect.InvocationTargetException
1114 [main] DEBUG org.hibernate.engine.transaction.jta.platform.internal.JtaPlatformInitiator  - No JtaPlatform was specified, checking resolver
1115 [main] DEBUG org.hibernate.engine.transaction.jta.platform.internal.JtaPlatformResolverInitiator  - No JtaPlatformResolver was specified, using default [org.hibernate.engine.transaction.jta.platform.internal.StandardJtaPlatformResolver]
1117 [main] DEBUG org.hibernate.engine.transaction.jta.platform.internal.StandardJtaPlatformResolver  - Could not resolve JtaPlatform, using default [org.hibernate.engine.transaction.jta.platform.internal.NoJtaPlatform]
1122 [main] INFO org.hibernate.hql.internal.ast.ASTQueryTranslatorFactory  - HHH000397: Using ASTQueryTranslatorFactory
1123 [main] DEBUG org.hibernate.cache.internal.RegionFactoryInitiator  - Cache region factory : org.hibernate.cache.internal.NoCachingRegionFactory
1130 [main] DEBUG org.hibernate.internal.SessionFactoryImpl  - Building session factory
1136 [main] TRACE org.hibernate.type.TypeFactory  - Scoping types to session factory org.hibernate.internal.SessionFactoryImpl@31ee96f4
1137 [main] DEBUG org.hibernate.internal.SessionFactoryImpl  - Session factory constructed with filter configurations : {}
1143 [main] DEBUG org.hibernate.internal.SessionFactoryImpl  - Instantiating session factory with properties: {java.runtime.name=Java(TM) SE Runtime Environment, sun.boot.library.path=/usr/lib/jvm/java-8-oracle/jre/lib/amd64, java.vm.version=25.45-b02, java.vm.vendor=Oracle Corporation, java.vendor.url=http://java.oracle.com/, path.separator=:, java.vm.name=Java HotSpot(TM) 64-Bit Server VM, file.encoding.pkg=sun.io, user.country=US, sun.java.launcher=SUN_STANDARD, sun.os.patch.level=unknown, java.vm.specification.name=Java Virtual Machine Specification, user.dir=/home/tamas/Code/thingsplode/thingsplode-server, javax.persistence.sharedCache.mode=UNSPECIFIED, java.runtime.version=1.8.0_45-b14, java.awt.graphicsenv=sun.awt.X11GraphicsEnvironment, basedir=/home/tamas/Code/thingsplode/thingsplode-server, java.endorsed.dirs=/usr/lib/jvm/java-8-oracle/jre/lib/endorsed, os.arch=amd64, surefire.real.class.path=/home/tamas/Code/thingsplode/thingsplode-server/target/surefire/surefirebooter5813859415860693255.jar, hibernate.connection.autocommit=true, java.io.tmpdir=/tmp, line.separator=
, java.vm.specification.vendor=Oracle Corporation, hibernate.validator.apply_to_ddl=true, os.name=Linux, maven.ext.class.path=/home/tamas/Programs/netbeans-8.0.2/java/maven-nblib/netbeans-eventspy.jar, sun.jnu.encoding=UTF-8, java.library.path=/usr/lib/jvm/java-8-oracle/jre/lib/amd64:/usr/lib/jvm/java-8-oracle/jre/lib/i386::/usr/java/packages/lib/amd64:/usr/lib64:/lib64:/lib:/usr/lib, surefire.test.class.path=/home/tamas/Code/thingsplode/thingsplode-server/target/test-classes:/home/tamas/Code/thingsplode/thingsplode-server/target/classes:/home/tamas/.m2/repository/junit/junit/4.12/junit-4.12.jar:/home/tamas/.m2/repository/org/hamcrest/hamcrest-core/1.3/hamcrest-core-1.3.jar:/home/tamas/.m2/repository/com/h2database/h2/1.3.172/h2-1.3.172.jar:/home/tamas/.m2/repository/org/springframework/integration/spring-integration-core/4.1.2.RELEASE/spring-integration-core-4.1.2.RELEASE.jar:/home/tamas/.m2/repository/org/projectreactor/reactor-core/1.1.4.RELEASE/reactor-core-1.1.4.RELEASE.jar:/home/tamas/.m2/repository/com/goldmansachs/gs-collections/5.1.0/gs-collections-5.1.0.jar:/home/tamas/.m2/repository/com/goldmansachs/gs-collections-api/5.1.0/gs-collections-api-5.1.0.jar:/home/tamas/.m2/repository/com/lmax/disruptor/3.2.1/disruptor-3.2.1.jar:/home/tamas/.m2/repository/io/gatling/jsr166e/1.0/jsr166e-1.0.jar:/home/tamas/.m2/repository/org/springframework/spring-aop/4.1.4.RELEASE/spring-aop-4.1.4.RELEASE.jar:/home/tamas/.m2/repository/aopalliance/aopalliance/1.0/aopalliance-1.0.jar:/home/tamas/.m2/repository/org/springframework/retry/spring-retry/1.1.1.RELEASE/spring-retry-1.1.1.RELEASE.jar:/home/tamas/.m2/repository/org/springframework/spring-messaging/4.1.4.RELEASE/spring-messaging-4.1.4.RELEASE.jar:/home/tamas/.m2/repository/org/springframework/data/spring-data-jpa/1.7.2.RELEASE/spring-data-jpa-1.7.2.RELEASE.jar:/home/tamas/.m2/repository/org/springframework/data/spring-data-commons/1.9.2.RELEASE/spring-data-commons-1.9.2.RELEASE.jar:/home/tamas/.m2/repository/org/springframework/spring-beans/4.0.9.RELEASE/spring-beans-4.0.9.RELEASE.jar:/home/tamas/.m2/repository/org/aspectj/aspectjrt/1.8.4/aspectjrt-1.8.4.jar:/home/tamas/.m2/repository/org/slf4j/slf4j-api/1.7.10/slf4j-api-1.7.10.jar:/home/tamas/.m2/repository/org/slf4j/jcl-over-slf4j/1.7.10/jcl-over-slf4j-1.7.10.jar:/home/tamas/.m2/repository/org/springframework/spring-context/4.1.4.RELEASE/spring-context-4.1.4.RELEASE.jar:/home/tamas/.m2/repository/org/springframework/spring-expression/4.1.4.RELEASE/spring-expression-4.1.4.RELEASE.jar:/home/tamas/.m2/repository/org/springframework/spring-core/4.1.4.RELEASE/spring-core-4.1.4.RELEASE.jar:/home/tamas/.m2/repository/commons-logging/commons-logging/1.2/commons-logging-1.2.jar:/home/tamas/.m2/repository/org/springframework/spring-test/4.1.4.RELEASE/spring-test-4.1.4.RELEASE.jar:/home/tamas/.m2/repository/org/springframework/spring-orm/4.0.9.RELEASE/spring-orm-4.0.9.RELEASE.jar:/home/tamas/.m2/repository/org/springframework/spring-jdbc/4.0.9.RELEASE/spring-jdbc-4.0.9.RELEASE.jar:/home/tamas/.m2/repository/org/springframework/spring-tx/4.1.4.RELEASE/spring-tx-4.1.4.RELEASE.jar:/home/tamas/.m2/repository/org/hibernate/hibernate-tools/3.2.4.GA/hibernate-tools-3.2.4.GA.jar:/home/tamas/.m2/repository/org/beanshell/bsh/2.0b4/bsh-2.0b4.jar:/home/tamas/.m2/repository/freemarker/freemarker/2.3.8/freemarker-2.3.8.jar:/home/tamas/.m2/repository/org/hibernate/jtidy/r8-20060801/jtidy-r8-20060801.jar:/home/tamas/.m2/repository/org/hibernate/hibernate-commons-annotations/3.2.0.Final/hibernate-commons-annotations-3.2.0.Final.jar:/home/tamas/.m2/repository/org/hibernate/hibernate-entitymanager/4.3.8.Final/hibernate-entitymanager-4.3.8.Final.jar:/home/tamas/.m2/repository/org/jboss/logging/jboss-logging/3.1.3.GA/jboss-logging-3.1.3.GA.jar:/home/tamas/.m2/repository/org/jboss/logging/jboss-logging-annotations/1.2.0.Beta1/jboss-logging-annotations-1.2.0.Beta1.jar:/home/tamas/.m2/repository/org/hibernate/hibernate-core/4.3.8.Final/hibernate-core-4.3.8.Final.jar:/home/tamas/.m2/repository/antlr/antlr/2.7.7/antlr-2.7.7.jar:/home/tamas/.m2/repository/org/jboss/jandex/1.1.0.Final/jandex-1.1.0.Final.jar:/home/tamas/.m2/repository/dom4j/dom4j/1.6.1/dom4j-1.6.1.jar:/home/tamas/.m2/repository/xml-apis/xml-apis/1.0.b2/xml-apis-1.0.b2.jar:/home/tamas/.m2/repository/org/hibernate/common/hibernate-commons-annotations/4.0.5.Final/hibernate-commons-annotations-4.0.5.Final.jar:/home/tamas/.m2/repository/org/hibernate/javax/persistence/hibernate-jpa-2.1-api/1.0.0.Final/hibernate-jpa-2.1-api-1.0.0.Final.jar:/home/tamas/.m2/repository/org/jboss/spec/javax/transaction/jboss-transaction-api_1.2_spec/1.0.0.Final/jboss-transaction-api_1.2_spec-1.0.0.Final.jar:/home/tamas/.m2/repository/org/javassist/javassist/3.18.1-GA/javassist-3.18.1-GA.jar:/home/tamas/.m2/repository/org/hibernate/hibernate-envers/4.3.8.Final/hibernate-envers-4.3.8.Final.jar:/home/tamas/.m2/repository/c3p0/c3p0/0.9.1.2/c3p0-0.9.1.2.jar:/home/tamas/.m2/repository/log4j/log4j/1.2.17/log4j-1.2.17.jar:/home/tamas/.m2/repository/org/thingsplode/thingsplode-core/1.0-SNAPSHOT/thingsplode-core-1.0-SNAPSHOT.jar:/home/tamas/.m2/repository/org/hibernate/hibernate-validator/4.1.0.Final/hibernate-validator-4.1.0.Final.jar:/home/tamas/.m2/repository/javax/validation/validation-api/1.0.0.GA/validation-api-1.0.0.GA.jar:/home/tamas/.m2/repository/org/thingsplode/thingsplode-core/1.0-SNAPSHOT/thingsplode-core-1.0-SNAPSHOT-tests.jar:, hibernate.ejb.persistenceUnitName=default, java.specification.name=Java Platform API Specification, java.class.version=52.0, sun.management.compiler=HotSpot 64-Bit Tiered Compilers, os.version=3.16.0-37-generic, user.home=/home/tamas, user.timezone=Europe/Vienna, java.awt.printerjob=sun.print.PSPrinterJob, java.specification.version=1.8, file.encoding=UTF-8, javax.persistence.nonJtaDataSource=com.mchange.v2.c3p0.ComboPooledDataSource [ acquireIncrement -> 2, acquireRetryAttempts -> 10, acquireRetryDelay -> 1000, autoCommitOnClose -> false, automaticTestTable -> test, breakAfterAcquireFailure -> false, checkoutTimeout -> 0, connectionCustomizerClassName -> null, connectionTesterClassName -> com.mchange.v2.c3p0.impl.DefaultConnectionTester, dataSourceName -> z8kfsx99g6p8uv1bsvmrg|21ba0741, debugUnreturnedConnectionStackTraces -> false, description -> null, driverClass -> org.h2.Driver, factoryClassLocation -> null, forceIgnoreUnresolvedTransactions -> false, identityToken -> z8kfsx99g6p8uv1bsvmrg|21ba0741, idleConnectionTestPeriod -> 60000, initialPoolSize -> 10, jdbcUrl -> jdbc:h2:/tmp/thingsplode_h2db_test;MODE=Oracle;AUTO_SERVER=TRUE, maxAdministrativeTaskTime -> 0, maxConnectionAge -> 0, maxIdleTime -> 0, maxIdleTimeExcessConnections -> 0, maxPoolSize -> 20, maxStatements -> 0, maxStatementsPerConnection -> 50, minPoolSize -> 10, numHelperThreads -> 10, numThreadsAwaitingCheckoutDefaultUser -> 0, preferredTestQuery -> null, properties -> {user=******, password=******}, propertyCycle -> 0, testConnectionOnCheckin -> true, testConnectionOnCheckout -> false, unreturnedConnectionTimeout -> 0, usesTraditionalReflectiveProxies -> false ], hibernate.format_sql=true, java.net.useSystemProxies=true, user.name=tamas, java.class.path=/home/tamas/Code/thingsplode/thingsplode-server/target/test-classes:/home/tamas/Code/thingsplode/thingsplode-server/target/classes:/home/tamas/.m2/repository/junit/junit/4.12/junit-4.12.jar:/home/tamas/.m2/repository/org/hamcrest/hamcrest-core/1.3/hamcrest-core-1.3.jar:/home/tamas/.m2/repository/com/h2database/h2/1.3.172/h2-1.3.172.jar:/home/tamas/.m2/repository/org/springframework/integration/spring-integration-core/4.1.2.RELEASE/spring-integration-core-4.1.2.RELEASE.jar:/home/tamas/.m2/repository/org/projectreactor/reactor-core/1.1.4.RELEASE/reactor-core-1.1.4.RELEASE.jar:/home/tamas/.m2/repository/com/goldmansachs/gs-collections/5.1.0/gs-collections-5.1.0.jar:/home/tamas/.m2/repository/com/goldmansachs/gs-collections-api/5.1.0/gs-collections-api-5.1.0.jar:/home/tamas/.m2/repository/com/lmax/disruptor/3.2.1/disruptor-3.2.1.jar:/home/tamas/.m2/repository/io/gatling/jsr166e/1.0/jsr166e-1.0.jar:/home/tamas/.m2/repository/org/springframework/spring-aop/4.1.4.RELEASE/spring-aop-4.1.4.RELEASE.jar:/home/tamas/.m2/repository/aopalliance/aopalliance/1.0/aopalliance-1.0.jar:/home/tamas/.m2/repository/org/springframework/retry/spring-retry/1.1.1.RELEASE/spring-retry-1.1.1.RELEASE.jar:/home/tamas/.m2/repository/org/springframework/spring-messaging/4.1.4.RELEASE/spring-messaging-4.1.4.RELEASE.jar:/home/tamas/.m2/repository/org/springframework/data/spring-data-jpa/1.7.2.RELEASE/spring-data-jpa-1.7.2.RELEASE.jar:/home/tamas/.m2/repository/org/springframework/data/spring-data-commons/1.9.2.RELEASE/spring-data-commons-1.9.2.RELEASE.jar:/home/tamas/.m2/repository/org/springframework/spring-beans/4.0.9.RELEASE/spring-beans-4.0.9.RELEASE.jar:/home/tamas/.m2/repository/org/aspectj/aspectjrt/1.8.4/aspectjrt-1.8.4.jar:/home/tamas/.m2/repository/org/slf4j/slf4j-api/1.7.10/slf4j-api-1.7.10.jar:/home/tamas/.m2/repository/org/slf4j/jcl-over-slf4j/1.7.10/jcl-over-slf4j-1.7.10.jar:/home/tamas/.m2/repository/org/springframework/spring-context/4.1.4.RELEASE/spring-context-4.1.4.RELEASE.jar:/home/tamas/.m2/repository/org/springframework/spring-expression/4.1.4.RELEASE/spring-expression-4.1.4.RELEASE.jar:/home/tamas/.m2/repository/org/springframework/spring-core/4.1.4.RELEASE/spring-core-4.1.4.RELEASE.jar:/home/tamas/.m2/repository/commons-logging/commons-logging/1.2/commons-logging-1.2.jar:/home/tamas/.m2/repository/org/springframework/spring-test/4.1.4.RELEASE/spring-test-4.1.4.RELEASE.jar:/home/tamas/.m2/repository/org/springframework/spring-orm/4.0.9.RELEASE/spring-orm-4.0.9.RELEASE.jar:/home/tamas/.m2/repository/org/springframework/spring-jdbc/4.0.9.RELEASE/spring-jdbc-4.0.9.RELEASE.jar:/home/tamas/.m2/repository/org/springframework/spring-tx/4.1.4.RELEASE/spring-tx-4.1.4.RELEASE.jar:/home/tamas/.m2/repository/org/hibernate/hibernate-tools/3.2.4.GA/hibernate-tools-3.2.4.GA.jar:/home/tamas/.m2/repository/org/beanshell/bsh/2.0b4/bsh-2.0b4.jar:/home/tamas/.m2/repository/freemarker/freemarker/2.3.8/freemarker-2.3.8.jar:/home/tamas/.m2/repository/org/hibernate/jtidy/r8-20060801/jtidy-r8-20060801.jar:/home/tamas/.m2/repository/org/hibernate/hibernate-commons-annotations/3.2.0.Final/hibernate-commons-annotations-3.2.0.Final.jar:/home/tamas/.m2/repository/org/hibernate/hibernate-entitymanager/4.3.8.Final/hibernate-entitymanager-4.3.8.Final.jar:/home/tamas/.m2/repository/org/jboss/logging/jboss-logging/3.1.3.GA/jboss-logging-3.1.3.GA.jar:/home/tamas/.m2/repository/org/jboss/logging/jboss-logging-annotations/1.2.0.Beta1/jboss-logging-annotations-1.2.0.Beta1.jar:/home/tamas/.m2/repository/org/hibernate/hibernate-core/4.3.8.Final/hibernate-core-4.3.8.Final.jar:/home/tamas/.m2/repository/antlr/antlr/2.7.7/antlr-2.7.7.jar:/home/tamas/.m2/repository/org/jboss/jandex/1.1.0.Final/jandex-1.1.0.Final.jar:/home/tamas/.m2/repository/dom4j/dom4j/1.6.1/dom4j-1.6.1.jar:/home/tamas/.m2/repository/xml-apis/xml-apis/1.0.b2/xml-apis-1.0.b2.jar:/home/tamas/.m2/repository/org/hibernate/common/hibernate-commons-annotations/4.0.5.Final/hibernate-commons-annotations-4.0.5.Final.jar:/home/tamas/.m2/repository/org/hibernate/javax/persistence/hibernate-jpa-2.1-api/1.0.0.Final/hibernate-jpa-2.1-api-1.0.0.Final.jar:/home/tamas/.m2/repository/org/jboss/spec/javax/transaction/jboss-transaction-api_1.2_spec/1.0.0.Final/jboss-transaction-api_1.2_spec-1.0.0.Final.jar:/home/tamas/.m2/repository/org/javassist/javassist/3.18.1-GA/javassist-3.18.1-GA.jar:/home/tamas/.m2/repository/org/hibernate/hibernate-envers/4.3.8.Final/hibernate-envers-4.3.8.Final.jar:/home/tamas/.m2/repository/c3p0/c3p0/0.9.1.2/c3p0-0.9.1.2.jar:/home/tamas/.m2/repository/log4j/log4j/1.2.17/log4j-1.2.17.jar:/home/tamas/.m2/repository/org/thingsplode/thingsplode-core/1.0-SNAPSHOT/thingsplode-core-1.0-SNAPSHOT.jar:/home/tamas/.m2/repository/org/hibernate/hibernate-validator/4.1.0.Final/hibernate-validator-4.1.0.Final.jar:/home/tamas/.m2/repository/javax/validation/validation-api/1.0.0.GA/validation-api-1.0.0.GA.jar:/home/tamas/.m2/repository/org/thingsplode/thingsplode-core/1.0-SNAPSHOT/thingsplode-core-1.0-SNAPSHOT-tests.jar:, hibernate.bytecode.use_reflection_optimizer=false, hibernate.show_sql=true, javax.persistence.validation.mode=AUTO, java.vm.specification.version=1.8, sun.arch.data.model=64, java.home=/usr/lib/jvm/java-8-oracle/jre, sun.java.command=/home/tamas/Code/thingsplode/thingsplode-server/target/surefire/surefirebooter5813859415860693255.jar /home/tamas/Code/thingsplode/thingsplode-server/target/surefire/surefire3464791000706607825tmp /home/tamas/Code/thingsplode/thingsplode-server/target/surefire/surefire_02634881183168893393tmp, hibernate.dialect=org.hibernate.dialect.H2Dialect, java.specification.vendor=Oracle Corporation, user.language=en, awt.toolkit=sun.awt.X11.XToolkit, java.vm.info=mixed mode, java.version=1.8.0_45, java.ext.dirs=/usr/lib/jvm/java-8-oracle/jre/lib/ext:/usr/java/packages/lib/ext, sun.boot.class.path=/usr/lib/jvm/java-8-oracle/jre/lib/resources.jar:/usr/lib/jvm/java-8-oracle/jre/lib/rt.jar:/usr/lib/jvm/java-8-oracle/jre/lib/sunrsasign.jar:/usr/lib/jvm/java-8-oracle/jre/lib/jsse.jar:/usr/lib/jvm/java-8-oracle/jre/lib/jce.jar:/usr/lib/jvm/java-8-oracle/jre/lib/charsets.jar:/usr/lib/jvm/java-8-oracle/jre/lib/jfr.jar:/usr/lib/jvm/java-8-oracle/jre/classes, java.vendor=Oracle Corporation, hibernate.jdbc.batch_size=50, localRepository=/home/tamas/.m2/repository, persistence.validation.mode=NONE, file.separator=/, java.vendor.url.bug=http://bugreport.sun.com/bugreport/, hibernate.hbm2ddl.auto=update, sun.cpu.endian=little, sun.io.unicode.encoding=UnicodeLittle, sun.desktop=gnome, sun.cpu.isalist=}
1245 [main] DEBUG org.hibernate.secure.spi.JaccIntegrator  - Skipping JACC integration as it was not enabled
1245 [main] DEBUG org.hibernate.engine.spi.CascadeStyles  - External cascade style regsitration [persist : STYLE_PERSIST_SKIPLAZY] overrode base registration [STYLE_PERSIST]
1403 [main] DEBUG org.hibernate.persister.entity.JoinedSubclassEntityPersister  - Encountered explicit discriminator mapping for joined inheritance
1429 [main] DEBUG org.hibernate.persister.entity.JoinedSubclassEntityPersister  - Encountered explicit discriminator mapping for joined inheritance
1471 [main] DEBUG org.hibernate.persister.collection.AbstractCollectionPersister  - Static SQL for collection: org.thingsplode.core.entities.Component.tresholds
1471 [main] DEBUG org.hibernate.persister.collection.AbstractCollectionPersister  -  Row insert: update TRESHOLDS set COMP_ID=? where id=?
1471 [main] DEBUG org.hibernate.persister.collection.AbstractCollectionPersister  -  Row update: update TRESHOLDS set  where id=?
1472 [main] DEBUG org.hibernate.persister.collection.AbstractCollectionPersister  -  Row delete: update TRESHOLDS set COMP_ID=null where COMP_ID=? and id=?
1472 [main] DEBUG org.hibernate.persister.collection.AbstractCollectionPersister  -  One-shot delete: update TRESHOLDS set COMP_ID=null where COMP_ID=?
1472 [main] DEBUG org.hibernate.persister.collection.AbstractCollectionPersister  - Static SQL for collection: org.thingsplode.core.entities.Component.configuration
1472 [main] DEBUG org.hibernate.persister.collection.AbstractCollectionPersister  -  Row insert: update CONFIGURATION set COMP_ID=? where id=?
1472 [main] DEBUG org.hibernate.persister.collection.AbstractCollectionPersister  -  Row update: update CONFIGURATION set  where id=?
1472 [main] DEBUG org.hibernate.persister.collection.AbstractCollectionPersister  -  Row delete: update CONFIGURATION set COMP_ID=null where COMP_ID=? and id=?
1472 [main] DEBUG org.hibernate.persister.collection.AbstractCollectionPersister  -  One-shot delete: update CONFIGURATION set COMP_ID=null where COMP_ID=?
1473 [main] DEBUG org.hibernate.persister.collection.AbstractCollectionPersister  - Static SQL for collection: org.thingsplode.core.entities.Component.components
1473 [main] DEBUG org.hibernate.persister.collection.AbstractCollectionPersister  -  Row insert: update COMPONENT set ROOT_COMP_ID=? where id=?
1473 [main] DEBUG org.hibernate.persister.collection.AbstractCollectionPersister  -  Row update: update COMPONENT set  where id=?
1473 [main] DEBUG org.hibernate.persister.collection.AbstractCollectionPersister  -  Row delete: update COMPONENT set ROOT_COMP_ID=null where ROOT_COMP_ID=? and id=?
1473 [main] DEBUG org.hibernate.persister.collection.AbstractCollectionPersister  -  One-shot delete: update COMPONENT set ROOT_COMP_ID=null where ROOT_COMP_ID=?
1473 [main] DEBUG org.hibernate.persister.collection.AbstractCollectionPersister  - Static SQL for collection: org.thingsplode.core.entities.Capability.parameters
1473 [main] DEBUG org.hibernate.persister.collection.AbstractCollectionPersister  -  Row insert: update PARAMETERS set CAP_ID=? where id=?
1473 [main] DEBUG org.hibernate.persister.collection.AbstractCollectionPersister  -  Row update: update PARAMETERS set  where id=?
1474 [main] DEBUG org.hibernate.persister.collection.AbstractCollectionPersister  -  Row delete: update PARAMETERS set CAP_ID=null where CAP_ID=? and id=?
1474 [main] DEBUG org.hibernate.persister.collection.AbstractCollectionPersister  -  One-shot delete: update PARAMETERS set CAP_ID=null where CAP_ID=?
1474 [main] DEBUG org.hibernate.persister.collection.AbstractCollectionPersister  - Static SQL for collection: org.thingsplode.core.entities.Component.capabilities
1474 [main] DEBUG org.hibernate.persister.collection.AbstractCollectionPersister  -  Row insert: update CAPABILITIES set COMP_ID=? where id=?
1474 [main] DEBUG org.hibernate.persister.collection.AbstractCollectionPersister  -  Row update: update CAPABILITIES set  where id=?
1474 [main] DEBUG org.hibernate.persister.collection.AbstractCollectionPersister  -  Row delete: update CAPABILITIES set COMP_ID=null where COMP_ID=? and id=?
1474 [main] DEBUG org.hibernate.persister.collection.AbstractCollectionPersister  -  One-shot delete: update CAPABILITIES set COMP_ID=null where COMP_ID=?
1474 [main] DEBUG org.hibernate.persister.collection.AbstractCollectionPersister  - Static SQL for collection: org.thingsplode.core.entities.Event.indications
1474 [main] DEBUG org.hibernate.persister.collection.AbstractCollectionPersister  -  Row insert: update INDICATIONS set EVT_ID=? where id=?
1475 [main] DEBUG org.hibernate.persister.collection.AbstractCollectionPersister  -  Row update: update INDICATIONS set  where id=?
1475 [main] DEBUG org.hibernate.persister.collection.AbstractCollectionPersister  -  Row delete: update INDICATIONS set EVT_ID=null where EVT_ID=? and id=?
1475 [main] DEBUG org.hibernate.persister.collection.AbstractCollectionPersister  -  One-shot delete: update INDICATIONS set EVT_ID=null where EVT_ID=?
1519 [main] DEBUG org.hibernate.loader.plan.build.internal.spaces.QuerySpacesImpl  - Adding QuerySpace : uid = <gen:0> -> org.hibernate.loader.plan.build.internal.spaces.EntityQuerySpaceImpl@46c3a14d]
1525 [main] DEBUG org.hibernate.loader.plan.build.internal.spaces.QuerySpacesImpl  - Adding QuerySpace : uid = <gen:1> -> org.hibernate.loader.plan.build.internal.spaces.EntityQuerySpaceImpl@216914]
1531 [main] DEBUG org.hibernate.loader.plan.build.internal.spaces.QuerySpacesImpl  - Adding QuerySpace : uid = <gen:2> -> org.hibernate.loader.plan.build.internal.spaces.CompositeQuerySpaceImpl@3901f6af]
1533 [main] DEBUG org.hibernate.loader.plan.build.internal.spaces.QuerySpacesImpl  - Adding QuerySpace : uid = <gen:3> -> org.hibernate.loader.plan.build.internal.spaces.CompositeQuerySpaceImpl@3724b43e]
1534 [main] DEBUG org.hibernate.loader.plan.build.internal.FetchStyleLoadPlanBuildingAssociationVisitationStrategy  - Building LoadPlan...
1552 [main] DEBUG org.hibernate.loader.plan.exec.internal.LoadQueryJoinAndFetchProcessor  - processing queryspace <gen:0>
1558 [main] DEBUG org.hibernate.loader.plan.build.spi.LoadPlanTreePrinter  - LoadPlan(entity=org.thingsplode.core.entities.Device)
    - Returns
       - EntityReturnImpl(entity=org.thingsplode.core.entities.Device, querySpaceUid=<gen:0>, path=org.thingsplode.core.entities.Device)
          - EntityAttributeFetchImpl(entity=org.thingsplode.core.entities.Model, querySpaceUid=<gen:1>, path=org.thingsplode.core.entities.Device.model)
          - CompositeAttributeFetchImpl(composite=org.thingsplode.core.Location, querySpaceUid=<gen:2>, path=org.thingsplode.core.entities.Device.location)
             - NestedCompositeAttributeFetchImpl(composite=org.thingsplode.core.Address, querySpaceUid=<gen:3>, path=org.thingsplode.core.entities.Device.location.address)
    - QuerySpaces
       - EntityQuerySpaceImpl(uid=<gen:0>, entity=org.thingsplode.core.entities.Device)
          - SQL table alias mapping - device0_
          - alias suffix - 0_
          - suffixed key columns - {id2_1_0_}
          - JOIN (JoinDefinedByMetadata(model)) : <gen:0> -> <gen:1>
             - EntityQuerySpaceImpl(uid=<gen:1>, entity=org.thingsplode.core.entities.Model)
                - SQL table alias mapping - model1_
                - alias suffix - 1_
                - suffixed key columns - {id1_6_1_}
          - JOIN (JoinDefinedByMetadata(location)) : <gen:0> -> <gen:2>
             - CompositeQuerySpaceImpl(uid=<gen:2>)
                - SQL table alias mapping - device0_
                - JOIN (JoinDefinedByMetadata(address)) : <gen:2> -> <gen:3>
                   - CompositeQuerySpaceImpl(uid=<gen:3>)
                      - SQL table alias mapping - device0_

1561 [main] DEBUG org.hibernate.loader.entity.plan.EntityLoader  - Static select for entity org.thingsplode.core.entities.Device [NONE]: select device0_.id as id2_1_0_, device0_1_.deviceClass as deviceCl3_1_0_, device0_1_.enabledState as enabledS4_1_0_, device0_1_.identification as identifi5_1_0_, device0_1_.model_id as model_i10_1_0_, device0_1_.partNumber as partNumb6_1_0_, device0_1_.serialNumber as serialNu7_1_0_, device0_1_.status as status8_1_0_, device0_1_.type as type9_1_0_, device0_.hostAddress as hostAddr1_3_0_, device0_.lastHeartBeat as lastHear2_3_0_, device0_.city as city3_3_0_, device0_.country as country4_3_0_, device0_.houseNumber as houseNum5_3_0_, device0_.postCode as postCode6_3_0_, device0_.state as state7_3_0_, device0_.street as street8_3_0_, device0_.description as descript9_3_0_, device0_.latitude as latitud10_3_0_, device0_.longitude as longitu11_3_0_, device0_.startupDate as startup12_3_0_, model1_.id as id1_6_1_, model1_.manufacturer as manufact2_6_1_, model1_.type as type3_6_1_, model1_.version as version4_6_1_ from DEVICES device0_ inner join COMPONENT device0_1_ on device0_.id=device0_1_.id left outer join MODELS model1_ on device0_1_.model_id=model1_.id where device0_.id=?
1561 [main] DEBUG org.hibernate.loader.plan.build.internal.spaces.QuerySpacesImpl  - Adding QuerySpace : uid = <gen:0> -> org.hibernate.loader.plan.build.internal.spaces.EntityQuerySpaceImpl@481e91b6]
1562 [main] DEBUG org.hibernate.loader.plan.build.internal.spaces.QuerySpacesImpl  - Adding QuerySpace : uid = <gen:1> -> org.hibernate.loader.plan.build.internal.spaces.EntityQuerySpaceImpl@140d1230]
1562 [main] DEBUG org.hibernate.loader.plan.build.internal.spaces.QuerySpacesImpl  - Adding QuerySpace : uid = <gen:2> -> org.hibernate.loader.plan.build.internal.spaces.CompositeQuerySpaceImpl@10bea4]
1562 [main] DEBUG org.hibernate.loader.plan.build.internal.spaces.QuerySpacesImpl  - Adding QuerySpace : uid = <gen:3> -> org.hibernate.loader.plan.build.internal.spaces.CompositeQuerySpaceImpl@7c1e32c9]
1563 [main] DEBUG org.hibernate.loader.plan.build.internal.FetchStyleLoadPlanBuildingAssociationVisitationStrategy  - Building LoadPlan...
1563 [main] DEBUG org.hibernate.loader.plan.exec.internal.LoadQueryJoinAndFetchProcessor  - processing queryspace <gen:0>
1564 [main] DEBUG org.hibernate.loader.plan.build.spi.LoadPlanTreePrinter  - LoadPlan(entity=org.thingsplode.core.entities.Device)
    - Returns
       - EntityReturnImpl(entity=org.thingsplode.core.entities.Device, querySpaceUid=<gen:0>, path=org.thingsplode.core.entities.Device)
          - EntityAttributeFetchImpl(entity=org.thingsplode.core.entities.Model, querySpaceUid=<gen:1>, path=org.thingsplode.core.entities.Device.model)
          - CompositeAttributeFetchImpl(composite=org.thingsplode.core.Location, querySpaceUid=<gen:2>, path=org.thingsplode.core.entities.Device.location)
             - NestedCompositeAttributeFetchImpl(composite=org.thingsplode.core.Address, querySpaceUid=<gen:3>, path=org.thingsplode.core.entities.Device.location.address)
    - QuerySpaces
       - EntityQuerySpaceImpl(uid=<gen:0>, entity=org.thingsplode.core.entities.Device)
          - SQL table alias mapping - device0_
          - alias suffix - 0_
          - suffixed key columns - {id2_1_0_}
          - JOIN (JoinDefinedByMetadata(model)) : <gen:0> -> <gen:1>
             - EntityQuerySpaceImpl(uid=<gen:1>, entity=org.thingsplode.core.entities.Model)
                - SQL table alias mapping - model1_
                - alias suffix - 1_
                - suffixed key columns - {id1_6_1_}
          - JOIN (JoinDefinedByMetadata(location)) : <gen:0> -> <gen:2>
             - CompositeQuerySpaceImpl(uid=<gen:2>)
                - SQL table alias mapping - device0_
                - JOIN (JoinDefinedByMetadata(address)) : <gen:2> -> <gen:3>
                   - CompositeQuerySpaceImpl(uid=<gen:3>)
                      - SQL table alias mapping - device0_

1564 [main] DEBUG org.hibernate.loader.entity.plan.EntityLoader  - Static select for entity org.thingsplode.core.entities.Device [READ]: select device0_.id as id2_1_0_, device0_1_.deviceClass as deviceCl3_1_0_, device0_1_.enabledState as enabledS4_1_0_, device0_1_.identification as identifi5_1_0_, device0_1_.model_id as model_i10_1_0_, device0_1_.partNumber as partNumb6_1_0_, device0_1_.serialNumber as serialNu7_1_0_, device0_1_.status as status8_1_0_, device0_1_.type as type9_1_0_, device0_.hostAddress as hostAddr1_3_0_, device0_.lastHeartBeat as lastHear2_3_0_, device0_.city as city3_3_0_, device0_.country as country4_3_0_, device0_.houseNumber as houseNum5_3_0_, device0_.postCode as postCode6_3_0_, device0_.state as state7_3_0_, device0_.street as street8_3_0_, device0_.description as descript9_3_0_, device0_.latitude as latitud10_3_0_, device0_.longitude as longitu11_3_0_, device0_.startupDate as startup12_3_0_, model1_.id as id1_6_1_, model1_.manufacturer as manufact2_6_1_, model1_.type as type3_6_1_, model1_.version as version4_6_1_ from DEVICES device0_ inner join COMPONENT device0_1_ on device0_.id=device0_1_.id left outer join MODELS model1_ on device0_1_.model_id=model1_.id where device0_.id=?
1564 [main] DEBUG org.hibernate.loader.plan.build.internal.spaces.QuerySpacesImpl  - Adding QuerySpace : uid = <gen:0> -> org.hibernate.loader.plan.build.internal.spaces.EntityQuerySpaceImpl@3dd818e8]
1565 [main] DEBUG org.hibernate.loader.plan.build.internal.spaces.QuerySpacesImpl  - Adding QuerySpace : uid = <gen:1> -> org.hibernate.loader.plan.build.internal.spaces.EntityQuerySpaceImpl@41b1f51e]
1565 [main] DEBUG org.hibernate.loader.plan.build.internal.spaces.QuerySpacesImpl  - Adding QuerySpace : uid = <gen:2> -> org.hibernate.loader.plan.build.internal.spaces.CompositeQuerySpaceImpl@3a543f31]
1565 [main] DEBUG org.hibernate.loader.plan.build.internal.spaces.QuerySpacesImpl  - Adding QuerySpace : uid = <gen:3> -> org.hibernate.loader.plan.build.internal.spaces.CompositeQuerySpaceImpl@2b9f74d0]
1565 [main] DEBUG org.hibernate.loader.plan.build.internal.FetchStyleLoadPlanBuildingAssociationVisitationStrategy  - Building LoadPlan...
1566 [main] DEBUG org.hibernate.loader.plan.exec.internal.LoadQueryJoinAndFetchProcessor  - processing queryspace <gen:0>
1566 [main] DEBUG org.hibernate.loader.plan.build.spi.LoadPlanTreePrinter  - LoadPlan(entity=org.thingsplode.core.entities.Device)
    - Returns
       - EntityReturnImpl(entity=org.thingsplode.core.entities.Device, querySpaceUid=<gen:0>, path=org.thingsplode.core.entities.Device)
          - EntityAttributeFetchImpl(entity=org.thingsplode.core.entities.Model, querySpaceUid=<gen:1>, path=org.thingsplode.core.entities.Device.model)
          - CompositeAttributeFetchImpl(composite=org.thingsplode.core.Location, querySpaceUid=<gen:2>, path=org.thingsplode.core.entities.Device.location)
             - NestedCompositeAttributeFetchImpl(composite=org.thingsplode.core.Address, querySpaceUid=<gen:3>, path=org.thingsplode.core.entities.Device.location.address)
    - QuerySpaces
       - EntityQuerySpaceImpl(uid=<gen:0>, entity=org.thingsplode.core.entities.Device)
          - SQL table alias mapping - device0_
          - alias suffix - 0_
          - suffixed key columns - {id2_1_0_}
          - JOIN (JoinDefinedByMetadata(location)) : <gen:0> -> <gen:2>
             - CompositeQuerySpaceImpl(uid=<gen:2>)
                - SQL table alias mapping - device0_
                - JOIN (JoinDefinedByMetadata(address)) : <gen:2> -> <gen:3>
                   - CompositeQuerySpaceImpl(uid=<gen:3>)
                      - SQL table alias mapping - device0_

1566 [main] DEBUG org.hibernate.loader.entity.plan.EntityLoader  - Static select for entity org.thingsplode.core.entities.Device [UPGRADE]: select device0_.id as id2_1_0_, device0_1_.deviceClass as deviceCl3_1_0_, device0_1_.enabledState as enabledS4_1_0_, device0_1_.identification as identifi5_1_0_, device0_1_.model_id as model_i10_1_0_, device0_1_.partNumber as partNumb6_1_0_, device0_1_.serialNumber as serialNu7_1_0_, device0_1_.status as status8_1_0_, device0_1_.type as type9_1_0_, device0_.hostAddress as hostAddr1_3_0_, device0_.lastHeartBeat as lastHear2_3_0_, device0_.city as city3_3_0_, device0_.country as country4_3_0_, device0_.houseNumber as houseNum5_3_0_, device0_.postCode as postCode6_3_0_, device0_.state as state7_3_0_, device0_.street as street8_3_0_, device0_.description as descript9_3_0_, device0_.latitude as latitud10_3_0_, device0_.longitude as longitu11_3_0_, device0_.startupDate as startup12_3_0_ from DEVICES device0_ inner join COMPONENT device0_1_ on device0_.id=device0_1_.id where device0_.id=? for update
1567 [main] DEBUG org.hibernate.loader.plan.build.internal.spaces.QuerySpacesImpl  - Adding QuerySpace : uid = <gen:0> -> org.hibernate.loader.plan.build.internal.spaces.EntityQuerySpaceImpl@7efe7b87]
1567 [main] DEBUG org.hibernate.loader.plan.build.internal.spaces.QuerySpacesImpl  - Adding QuerySpace : uid = <gen:1> -> org.hibernate.loader.plan.build.internal.spaces.EntityQuerySpaceImpl@5a2bd7c8]
1567 [main] DEBUG org.hibernate.loader.plan.build.internal.spaces.QuerySpacesImpl  - Adding QuerySpace : uid = <gen:2> -> org.hibernate.loader.plan.build.internal.spaces.CompositeQuerySpaceImpl@7ca8d498]
1567 [main] DEBUG org.hibernate.loader.plan.build.internal.spaces.QuerySpacesImpl  - Adding QuerySpace : uid = <gen:3> -> org.hibernate.loader.plan.build.internal.spaces.CompositeQuerySpaceImpl@6b8280e6]
1567 [main] DEBUG org.hibernate.loader.plan.build.internal.FetchStyleLoadPlanBuildingAssociationVisitationStrategy  - Building LoadPlan...
1568 [main] DEBUG org.hibernate.loader.plan.exec.internal.LoadQueryJoinAndFetchProcessor  - processing queryspace <gen:0>
1568 [main] DEBUG org.hibernate.loader.plan.build.spi.LoadPlanTreePrinter  - LoadPlan(entity=org.thingsplode.core.entities.Device)
    - Returns
       - EntityReturnImpl(entity=org.thingsplode.core.entities.Device, querySpaceUid=<gen:0>, path=org.thingsplode.core.entities.Device)
          - EntityAttributeFetchImpl(entity=org.thingsplode.core.entities.Model, querySpaceUid=<gen:1>, path=org.thingsplode.core.entities.Device.model)
          - CompositeAttributeFetchImpl(composite=org.thingsplode.core.Location, querySpaceUid=<gen:2>, path=org.thingsplode.core.entities.Device.location)
             - NestedCompositeAttributeFetchImpl(composite=org.thingsplode.core.Address, querySpaceUid=<gen:3>, path=org.thingsplode.core.entities.Device.location.address)
    - QuerySpaces
       - EntityQuerySpaceImpl(uid=<gen:0>, entity=org.thingsplode.core.entities.Device)
          - SQL table alias mapping - device0_
          - alias suffix - 0_
          - suffixed key columns - {id2_1_0_}
          - JOIN (JoinDefinedByMetadata(location)) : <gen:0> -> <gen:2>
             - CompositeQuerySpaceImpl(uid=<gen:2>)
                - SQL table alias mapping - device0_
                - JOIN (JoinDefinedByMetadata(address)) : <gen:2> -> <gen:3>
                   - CompositeQuerySpaceImpl(uid=<gen:3>)
                      - SQL table alias mapping - device0_

1569 [main] DEBUG org.hibernate.loader.entity.plan.EntityLoader  - Static select for entity org.thingsplode.core.entities.Device [UPGRADE_NOWAIT]: select device0_.id as id2_1_0_, device0_1_.deviceClass as deviceCl3_1_0_, device0_1_.enabledState as enabledS4_1_0_, device0_1_.identification as identifi5_1_0_, device0_1_.model_id as model_i10_1_0_, device0_1_.partNumber as partNumb6_1_0_, device0_1_.serialNumber as serialNu7_1_0_, device0_1_.status as status8_1_0_, device0_1_.type as type9_1_0_, device0_.hostAddress as hostAddr1_3_0_, device0_.lastHeartBeat as lastHear2_3_0_, device0_.city as city3_3_0_, device0_.country as country4_3_0_, device0_.houseNumber as houseNum5_3_0_, device0_.postCode as postCode6_3_0_, device0_.state as state7_3_0_, device0_.street as street8_3_0_, device0_.description as descript9_3_0_, device0_.latitude as latitud10_3_0_, device0_.longitude as longitu11_3_0_, device0_.startupDate as startup12_3_0_ from DEVICES device0_ inner join COMPONENT device0_1_ on device0_.id=device0_1_.id where device0_.id=? for update
1569 [main] DEBUG org.hibernate.loader.plan.build.internal.spaces.QuerySpacesImpl  - Adding QuerySpace : uid = <gen:0> -> org.hibernate.loader.plan.build.internal.spaces.EntityQuerySpaceImpl@55259aa7]
1569 [main] DEBUG org.hibernate.loader.plan.build.internal.spaces.QuerySpacesImpl  - Adding QuerySpace : uid = <gen:1> -> org.hibernate.loader.plan.build.internal.spaces.EntityQuerySpaceImpl@66420549]
1569 [main] DEBUG org.hibernate.loader.plan.build.internal.spaces.QuerySpacesImpl  - Adding QuerySpace : uid = <gen:2> -> org.hibernate.loader.plan.build.internal.spaces.CompositeQuerySpaceImpl@15dc339f]
1569 [main] DEBUG org.hibernate.loader.plan.build.internal.spaces.QuerySpacesImpl  - Adding QuerySpace : uid = <gen:3> -> org.hibernate.loader.plan.build.internal.spaces.CompositeQuerySpaceImpl@34acbc60]
1570 [main] DEBUG org.hibernate.loader.plan.build.internal.FetchStyleLoadPlanBuildingAssociationVisitationStrategy  - Building LoadPlan...
1570 [main] DEBUG org.hibernate.loader.plan.exec.internal.LoadQueryJoinAndFetchProcessor  - processing queryspace <gen:0>
1571 [main] DEBUG org.hibernate.loader.plan.build.spi.LoadPlanTreePrinter  - LoadPlan(entity=org.thingsplode.core.entities.Device)
    - Returns
       - EntityReturnImpl(entity=org.thingsplode.core.entities.Device, querySpaceUid=<gen:0>, path=org.thingsplode.core.entities.Device)
          - EntityAttributeFetchImpl(entity=org.thingsplode.core.entities.Model, querySpaceUid=<gen:1>, path=org.thingsplode.core.entities.Device.model)
          - CompositeAttributeFetchImpl(composite=org.thingsplode.core.Location, querySpaceUid=<gen:2>, path=org.thingsplode.core.entities.Device.location)
             - NestedCompositeAttributeFetchImpl(composite=org.thingsplode.core.Address, querySpaceUid=<gen:3>, path=org.thingsplode.core.entities.Device.location.address)
    - QuerySpaces
       - EntityQuerySpaceImpl(uid=<gen:0>, entity=org.thingsplode.core.entities.Device)
          - SQL table alias mapping - device0_
          - alias suffix - 0_
          - suffixed key columns - {id2_1_0_}
          - JOIN (JoinDefinedByMetadata(location)) : <gen:0> -> <gen:2>
             - CompositeQuerySpaceImpl(uid=<gen:2>)
                - SQL table alias mapping - device0_
                - JOIN (JoinDefinedByMetadata(address)) : <gen:2> -> <gen:3>
                   - CompositeQuerySpaceImpl(uid=<gen:3>)
                      - SQL table alias mapping - device0_

1571 [main] DEBUG org.hibernate.loader.entity.plan.EntityLoader  - Static select for entity org.thingsplode.core.entities.Device [UPGRADE_SKIPLOCKED]: select device0_.id as id2_1_0_, device0_1_.deviceClass as deviceCl3_1_0_, device0_1_.enabledState as enabledS4_1_0_, device0_1_.identification as identifi5_1_0_, device0_1_.model_id as model_i10_1_0_, device0_1_.partNumber as partNumb6_1_0_, device0_1_.serialNumber as serialNu7_1_0_, device0_1_.status as status8_1_0_, device0_1_.type as type9_1_0_, device0_.hostAddress as hostAddr1_3_0_, device0_.lastHeartBeat as lastHear2_3_0_, device0_.city as city3_3_0_, device0_.country as country4_3_0_, device0_.houseNumber as houseNum5_3_0_, device0_.postCode as postCode6_3_0_, device0_.state as state7_3_0_, device0_.street as street8_3_0_, device0_.description as descript9_3_0_, device0_.latitude as latitud10_3_0_, device0_.longitude as longitu11_3_0_, device0_.startupDate as startup12_3_0_ from DEVICES device0_ inner join COMPONENT device0_1_ on device0_.id=device0_1_.id where device0_.id=? for update
1572 [main] DEBUG org.hibernate.loader.plan.build.internal.spaces.QuerySpacesImpl  - Adding QuerySpace : uid = <gen:0> -> org.hibernate.loader.plan.build.internal.spaces.EntityQuerySpaceImpl@36061cf3]
1572 [main] DEBUG org.hibernate.loader.plan.build.internal.spaces.QuerySpacesImpl  - Adding QuerySpace : uid = <gen:1> -> org.hibernate.loader.plan.build.internal.spaces.EntityQuerySpaceImpl@20134094]
1572 [main] DEBUG org.hibernate.loader.plan.build.internal.spaces.QuerySpacesImpl  - Adding QuerySpace : uid = <gen:2> -> org.hibernate.loader.plan.build.internal.spaces.CompositeQuerySpaceImpl@76889e60]
1572 [main] DEBUG org.hibernate.loader.plan.build.internal.spaces.QuerySpacesImpl  - Adding QuerySpace : uid = <gen:3> -> org.hibernate.loader.plan.build.internal.spaces.CompositeQuerySpaceImpl@6c15e8c7]
1573 [main] DEBUG org.hibernate.loader.plan.build.internal.FetchStyleLoadPlanBuildingAssociationVisitationStrategy  - Building LoadPlan...
1573 [main] DEBUG org.hibernate.loader.plan.exec.internal.LoadQueryJoinAndFetchProcessor  - processing queryspace <gen:0>
1573 [main] DEBUG org.hibernate.loader.plan.build.spi.LoadPlanTreePrinter  - LoadPlan(entity=org.thingsplode.core.entities.Device)
    - Returns
       - EntityReturnImpl(entity=org.thingsplode.core.entities.Device, querySpaceUid=<gen:0>, path=org.thingsplode.core.entities.Device)
          - EntityAttributeFetchImpl(entity=org.thingsplode.core.entities.Model, querySpaceUid=<gen:1>, path=org.thingsplode.core.entities.Device.model)
          - CompositeAttributeFetchImpl(composite=org.thingsplode.core.Location, querySpaceUid=<gen:2>, path=org.thingsplode.core.entities.Device.location)
             - NestedCompositeAttributeFetchImpl(composite=org.thingsplode.core.Address, querySpaceUid=<gen:3>, path=org.thingsplode.core.entities.Device.location.address)
    - QuerySpaces
       - EntityQuerySpaceImpl(uid=<gen:0>, entity=org.thingsplode.core.entities.Device)
          - SQL table alias mapping - device0_
          - alias suffix - 0_
          - suffixed key columns - {id2_1_0_}
          - JOIN (JoinDefinedByMetadata(location)) : <gen:0> -> <gen:2>
             - CompositeQuerySpaceImpl(uid=<gen:2>)
                - SQL table alias mapping - device0_
                - JOIN (JoinDefinedByMetadata(address)) : <gen:2> -> <gen:3>
                   - CompositeQuerySpaceImpl(uid=<gen:3>)
                      - SQL table alias mapping - device0_

1574 [main] DEBUG org.hibernate.loader.entity.plan.EntityLoader  - Static select for entity org.thingsplode.core.entities.Device [FORCE]: select device0_.id as id2_1_0_, device0_1_.deviceClass as deviceCl3_1_0_, device0_1_.enabledState as enabledS4_1_0_, device0_1_.identification as identifi5_1_0_, device0_1_.model_id as model_i10_1_0_, device0_1_.partNumber as partNumb6_1_0_, device0_1_.serialNumber as serialNu7_1_0_, device0_1_.status as status8_1_0_, device0_1_.type as type9_1_0_, device0_.hostAddress as hostAddr1_3_0_, device0_.lastHeartBeat as lastHear2_3_0_, device0_.city as city3_3_0_, device0_.country as country4_3_0_, device0_.houseNumber as houseNum5_3_0_, device0_.postCode as postCode6_3_0_, device0_.state as state7_3_0_, device0_.street as street8_3_0_, device0_.description as descript9_3_0_, device0_.latitude as latitud10_3_0_, device0_.longitude as longitu11_3_0_, device0_.startupDate as startup12_3_0_ from DEVICES device0_ inner join COMPONENT device0_1_ on device0_.id=device0_1_.id where device0_.id=? for update
1574 [main] DEBUG org.hibernate.loader.plan.build.internal.spaces.QuerySpacesImpl  - Adding QuerySpace : uid = <gen:0> -> org.hibernate.loader.plan.build.internal.spaces.EntityQuerySpaceImpl@64f1fd08]
1574 [main] DEBUG org.hibernate.loader.plan.build.internal.spaces.QuerySpacesImpl  - Adding QuerySpace : uid = <gen:1> -> org.hibernate.loader.plan.build.internal.spaces.EntityQuerySpaceImpl@282ffbf5]
1574 [main] DEBUG org.hibernate.loader.plan.build.internal.spaces.QuerySpacesImpl  - Adding QuerySpace : uid = <gen:2> -> org.hibernate.loader.plan.build.internal.spaces.CompositeQuerySpaceImpl@3e104d4b]
1574 [main] DEBUG org.hibernate.loader.plan.build.internal.spaces.QuerySpacesImpl  - Adding QuerySpace : uid = <gen:3> -> org.hibernate.loader.plan.build.internal.spaces.CompositeQuerySpaceImpl@45e1aa48]
1575 [main] DEBUG org.hibernate.loader.plan.build.internal.FetchStyleLoadPlanBuildingAssociationVisitationStrategy  - Building LoadPlan...
1575 [main] DEBUG org.hibernate.loader.plan.exec.internal.LoadQueryJoinAndFetchProcessor  - processing queryspace <gen:0>
1576 [main] DEBUG org.hibernate.loader.plan.build.spi.LoadPlanTreePrinter  - LoadPlan(entity=org.thingsplode.core.entities.Device)
    - Returns
       - EntityReturnImpl(entity=org.thingsplode.core.entities.Device, querySpaceUid=<gen:0>, path=org.thingsplode.core.entities.Device)
          - EntityAttributeFetchImpl(entity=org.thingsplode.core.entities.Model, querySpaceUid=<gen:1>, path=org.thingsplode.core.entities.Device.model)
          - CompositeAttributeFetchImpl(composite=org.thingsplode.core.Location, querySpaceUid=<gen:2>, path=org.thingsplode.core.entities.Device.location)
             - NestedCompositeAttributeFetchImpl(composite=org.thingsplode.core.Address, querySpaceUid=<gen:3>, path=org.thingsplode.core.entities.Device.location.address)
    - QuerySpaces
       - EntityQuerySpaceImpl(uid=<gen:0>, entity=org.thingsplode.core.entities.Device)
          - SQL table alias mapping - device0_
          - alias suffix - 0_
          - suffixed key columns - {id2_1_0_}
          - JOIN (JoinDefinedByMetadata(location)) : <gen:0> -> <gen:2>
             - CompositeQuerySpaceImpl(uid=<gen:2>)
                - SQL table alias mapping - device0_
                - JOIN (JoinDefinedByMetadata(address)) : <gen:2> -> <gen:3>
                   - CompositeQuerySpaceImpl(uid=<gen:3>)
                      - SQL table alias mapping - device0_

1576 [main] DEBUG org.hibernate.loader.entity.plan.EntityLoader  - Static select for entity org.thingsplode.core.entities.Device [PESSIMISTIC_READ]: select device0_.id as id2_1_0_, device0_1_.deviceClass as deviceCl3_1_0_, device0_1_.enabledState as enabledS4_1_0_, device0_1_.identification as identifi5_1_0_, device0_1_.model_id as model_i10_1_0_, device0_1_.partNumber as partNumb6_1_0_, device0_1_.serialNumber as serialNu7_1_0_, device0_1_.status as status8_1_0_, device0_1_.type as type9_1_0_, device0_.hostAddress as hostAddr1_3_0_, device0_.lastHeartBeat as lastHear2_3_0_, device0_.city as city3_3_0_, device0_.country as country4_3_0_, device0_.houseNumber as houseNum5_3_0_, device0_.postCode as postCode6_3_0_, device0_.state as state7_3_0_, device0_.street as street8_3_0_, device0_.description as descript9_3_0_, device0_.latitude as latitud10_3_0_, device0_.longitude as longitu11_3_0_, device0_.startupDate as startup12_3_0_ from DEVICES device0_ inner join COMPONENT device0_1_ on device0_.id=device0_1_.id where device0_.id=? for update
1576 [main] DEBUG org.hibernate.loader.plan.build.internal.spaces.QuerySpacesImpl  - Adding QuerySpace : uid = <gen:0> -> org.hibernate.loader.plan.build.internal.spaces.EntityQuerySpaceImpl@2e807c54]
1576 [main] DEBUG org.hibernate.loader.plan.build.internal.spaces.QuerySpacesImpl  - Adding QuerySpace : uid = <gen:1> -> org.hibernate.loader.plan.build.internal.spaces.EntityQuerySpaceImpl@242a209e]
1577 [main] DEBUG org.hibernate.loader.plan.build.internal.spaces.QuerySpacesImpl  - Adding QuerySpace : uid = <gen:2> -> org.hibernate.loader.plan.build.internal.spaces.CompositeQuerySpaceImpl@64469d8]
1577 [main] DEBUG org.hibernate.loader.plan.build.internal.spaces.QuerySpacesImpl  - Adding QuerySpace : uid = <gen:3> -> org.hibernate.loader.plan.build.internal.spaces.CompositeQuerySpaceImpl@4c18621b]
1577 [main] DEBUG org.hibernate.loader.plan.build.internal.FetchStyleLoadPlanBuildingAssociationVisitationStrategy  - Building LoadPlan...
1577 [main] DEBUG org.hibernate.loader.plan.exec.internal.LoadQueryJoinAndFetchProcessor  - processing queryspace <gen:0>
1578 [main] DEBUG org.hibernate.loader.plan.build.spi.LoadPlanTreePrinter  - LoadPlan(entity=org.thingsplode.core.entities.Device)
    - Returns
       - EntityReturnImpl(entity=org.thingsplode.core.entities.Device, querySpaceUid=<gen:0>, path=org.thingsplode.core.entities.Device)
          - EntityAttributeFetchImpl(entity=org.thingsplode.core.entities.Model, querySpaceUid=<gen:1>, path=org.thingsplode.core.entities.Device.model)
          - CompositeAttributeFetchImpl(composite=org.thingsplode.core.Location, querySpaceUid=<gen:2>, path=org.thingsplode.core.entities.Device.location)
             - NestedCompositeAttributeFetchImpl(composite=org.thingsplode.core.Address, querySpaceUid=<gen:3>, path=org.thingsplode.core.entities.Device.location.address)
    - QuerySpaces
       - EntityQuerySpaceImpl(uid=<gen:0>, entity=org.thingsplode.core.entities.Device)
          - SQL table alias mapping - device0_
          - alias suffix - 0_
          - suffixed key columns - {id2_1_0_}
          - JOIN (JoinDefinedByMetadata(location)) : <gen:0> -> <gen:2>
             - CompositeQuerySpaceImpl(uid=<gen:2>)
                - SQL table alias mapping - device0_
                - JOIN (JoinDefinedByMetadata(address)) : <gen:2> -> <gen:3>
                   - CompositeQuerySpaceImpl(uid=<gen:3>)
                      - SQL table alias mapping - device0_

1578 [main] DEBUG org.hibernate.loader.entity.plan.EntityLoader  - Static select for entity org.thingsplode.core.entities.Device [PESSIMISTIC_WRITE]: select device0_.id as id2_1_0_, device0_1_.deviceClass as deviceCl3_1_0_, device0_1_.enabledState as enabledS4_1_0_, device0_1_.identification as identifi5_1_0_, device0_1_.model_id as model_i10_1_0_, device0_1_.partNumber as partNumb6_1_0_, device0_1_.serialNumber as serialNu7_1_0_, device0_1_.status as status8_1_0_, device0_1_.type as type9_1_0_, device0_.hostAddress as hostAddr1_3_0_, device0_.lastHeartBeat as lastHear2_3_0_, device0_.city as city3_3_0_, device0_.country as country4_3_0_, device0_.houseNumber as houseNum5_3_0_, device0_.postCode as postCode6_3_0_, device0_.state as state7_3_0_, device0_.street as street8_3_0_, device0_.description as descript9_3_0_, device0_.latitude as latitud10_3_0_, device0_.longitude as longitu11_3_0_, device0_.startupDate as startup12_3_0_ from DEVICES device0_ inner join COMPONENT device0_1_ on device0_.id=device0_1_.id where device0_.id=? for update
1579 [main] DEBUG org.hibernate.loader.plan.build.internal.spaces.QuerySpacesImpl  - Adding QuerySpace : uid = <gen:0> -> org.hibernate.loader.plan.build.internal.spaces.EntityQuerySpaceImpl@1cec219f]
1579 [main] DEBUG org.hibernate.loader.plan.build.internal.spaces.QuerySpacesImpl  - Adding QuerySpace : uid = <gen:1> -> org.hibernate.loader.plan.build.internal.spaces.EntityQuerySpaceImpl@6629ad09]
1579 [main] DEBUG org.hibernate.loader.plan.build.internal.spaces.QuerySpacesImpl  - Adding QuerySpace : uid = <gen:2> -> org.hibernate.loader.plan.build.internal.spaces.CompositeQuerySpaceImpl@43e1692f]
1579 [main] DEBUG org.hibernate.loader.plan.build.internal.spaces.QuerySpacesImpl  - Adding QuerySpace : uid = <gen:3> -> org.hibernate.loader.plan.build.internal.spaces.CompositeQuerySpaceImpl@27df0f3d]
1580 [main] DEBUG org.hibernate.loader.plan.build.internal.FetchStyleLoadPlanBuildingAssociationVisitationStrategy  - Building LoadPlan...
1580 [main] DEBUG org.hibernate.loader.plan.exec.internal.LoadQueryJoinAndFetchProcessor  - processing queryspace <gen:0>
1581 [main] DEBUG org.hibernate.loader.plan.build.spi.LoadPlanTreePrinter  - LoadPlan(entity=org.thingsplode.core.entities.Device)
    - Returns
       - EntityReturnImpl(entity=org.thingsplode.core.entities.Device, querySpaceUid=<gen:0>, path=org.thingsplode.core.entities.Device)
          - EntityAttributeFetchImpl(entity=org.thingsplode.core.entities.Model, querySpaceUid=<gen:1>, path=org.thingsplode.core.entities.Device.model)
          - CompositeAttributeFetchImpl(composite=org.thingsplode.core.Location, querySpaceUid=<gen:2>, path=org.thingsplode.core.entities.Device.location)
             - NestedCompositeAttributeFetchImpl(composite=org.thingsplode.core.Address, querySpaceUid=<gen:3>, path=org.thingsplode.core.entities.Device.location.address)
    - QuerySpaces
       - EntityQuerySpaceImpl(uid=<gen:0>, entity=org.thingsplode.core.entities.Device)
          - SQL table alias mapping - device0_
          - alias suffix - 0_
          - suffixed key columns - {id2_1_0_}
          - JOIN (JoinDefinedByMetadata(location)) : <gen:0> -> <gen:2>
             - CompositeQuerySpaceImpl(uid=<gen:2>)
                - SQL table alias mapping - device0_
                - JOIN (JoinDefinedByMetadata(address)) : <gen:2> -> <gen:3>
                   - CompositeQuerySpaceImpl(uid=<gen:3>)
                      - SQL table alias mapping - device0_

1581 [main] DEBUG org.hibernate.loader.entity.plan.EntityLoader  - Static select for entity org.thingsplode.core.entities.Device [PESSIMISTIC_FORCE_INCREMENT]: select device0_.id as id2_1_0_, device0_1_.deviceClass as deviceCl3_1_0_, device0_1_.enabledState as enabledS4_1_0_, device0_1_.identification as identifi5_1_0_, device0_1_.model_id as model_i10_1_0_, device0_1_.partNumber as partNumb6_1_0_, device0_1_.serialNumber as serialNu7_1_0_, device0_1_.status as status8_1_0_, device0_1_.type as type9_1_0_, device0_.hostAddress as hostAddr1_3_0_, device0_.lastHeartBeat as lastHear2_3_0_, device0_.city as city3_3_0_, device0_.country as country4_3_0_, device0_.houseNumber as houseNum5_3_0_, device0_.postCode as postCode6_3_0_, device0_.state as state7_3_0_, device0_.street as street8_3_0_, device0_.description as descript9_3_0_, device0_.latitude as latitud10_3_0_, device0_.longitude as longitu11_3_0_, device0_.startupDate as startup12_3_0_ from DEVICES device0_ inner join COMPONENT device0_1_ on device0_.id=device0_1_.id where device0_.id=? for update
1581 [main] DEBUG org.hibernate.loader.plan.build.internal.spaces.QuerySpacesImpl  - Adding QuerySpace : uid = <gen:0> -> org.hibernate.loader.plan.build.internal.spaces.EntityQuerySpaceImpl@44550792]
1581 [main] DEBUG org.hibernate.loader.plan.build.internal.spaces.QuerySpacesImpl  - Adding QuerySpace : uid = <gen:1> -> org.hibernate.loader.plan.build.internal.spaces.EntityQuerySpaceImpl@474c9131]
1581 [main] DEBUG org.hibernate.loader.plan.build.internal.spaces.QuerySpacesImpl  - Adding QuerySpace : uid = <gen:2> -> org.hibernate.loader.plan.build.internal.spaces.CompositeQuerySpaceImpl@66213a0d]
1582 [main] DEBUG org.hibernate.loader.plan.build.internal.spaces.QuerySpacesImpl  - Adding QuerySpace : uid = <gen:3> -> org.hibernate.loader.plan.build.internal.spaces.CompositeQuerySpaceImpl@3cb8c8ce]
1582 [main] DEBUG org.hibernate.loader.plan.build.internal.FetchStyleLoadPlanBuildingAssociationVisitationStrategy  - Building LoadPlan...
1582 [main] DEBUG org.hibernate.loader.plan.exec.internal.LoadQueryJoinAndFetchProcessor  - processing queryspace <gen:0>
1583 [main] DEBUG org.hibernate.loader.plan.build.spi.LoadPlanTreePrinter  - LoadPlan(entity=org.thingsplode.core.entities.Device)
    - Returns
       - EntityReturnImpl(entity=org.thingsplode.core.entities.Device, querySpaceUid=<gen:0>, path=org.thingsplode.core.entities.Device)
          - EntityAttributeFetchImpl(entity=org.thingsplode.core.entities.Model, querySpaceUid=<gen:1>, path=org.thingsplode.core.entities.Device.model)
          - CompositeAttributeFetchImpl(composite=org.thingsplode.core.Location, querySpaceUid=<gen:2>, path=org.thingsplode.core.entities.Device.location)
             - NestedCompositeAttributeFetchImpl(composite=org.thingsplode.core.Address, querySpaceUid=<gen:3>, path=org.thingsplode.core.entities.Device.location.address)
    - QuerySpaces
       - EntityQuerySpaceImpl(uid=<gen:0>, entity=org.thingsplode.core.entities.Device)
          - SQL table alias mapping - device0_
          - alias suffix - 0_
          - suffixed key columns - {id2_1_0_}
          - JOIN (JoinDefinedByMetadata(location)) : <gen:0> -> <gen:2>
             - CompositeQuerySpaceImpl(uid=<gen:2>)
                - SQL table alias mapping - device0_
                - JOIN (JoinDefinedByMetadata(address)) : <gen:2> -> <gen:3>
                   - CompositeQuerySpaceImpl(uid=<gen:3>)
                      - SQL table alias mapping - device0_

1583 [main] DEBUG org.hibernate.loader.entity.plan.EntityLoader  - Static select for entity org.thingsplode.core.entities.Device [OPTIMISTIC]: select device0_.id as id2_1_0_, device0_1_.deviceClass as deviceCl3_1_0_, device0_1_.enabledState as enabledS4_1_0_, device0_1_.identification as identifi5_1_0_, device0_1_.model_id as model_i10_1_0_, device0_1_.partNumber as partNumb6_1_0_, device0_1_.serialNumber as serialNu7_1_0_, device0_1_.status as status8_1_0_, device0_1_.type as type9_1_0_, device0_.hostAddress as hostAddr1_3_0_, device0_.lastHeartBeat as lastHear2_3_0_, device0_.city as city3_3_0_, device0_.country as country4_3_0_, device0_.houseNumber as houseNum5_3_0_, device0_.postCode as postCode6_3_0_, device0_.state as state7_3_0_, device0_.street as street8_3_0_, device0_.description as descript9_3_0_, device0_.latitude as latitud10_3_0_, device0_.longitude as longitu11_3_0_, device0_.startupDate as startup12_3_0_ from DEVICES device0_ inner join COMPONENT device0_1_ on device0_.id=device0_1_.id where device0_.id=?
1583 [main] DEBUG org.hibernate.loader.plan.build.internal.spaces.QuerySpacesImpl  - Adding QuerySpace : uid = <gen:0> -> org.hibernate.loader.plan.build.internal.spaces.EntityQuerySpaceImpl@70c0a3d5]
1584 [main] DEBUG org.hibernate.loader.plan.build.internal.spaces.QuerySpacesImpl  - Adding QuerySpace : uid = <gen:1> -> org.hibernate.loader.plan.build.internal.spaces.EntityQuerySpaceImpl@260a3a5e]
1584 [main] DEBUG org.hibernate.loader.plan.build.internal.spaces.QuerySpacesImpl  - Adding QuerySpace : uid = <gen:2> -> org.hibernate.loader.plan.build.internal.spaces.CompositeQuerySpaceImpl@49206065]
1584 [main] DEBUG org.hibernate.loader.plan.build.internal.spaces.QuerySpacesImpl  - Adding QuerySpace : uid = <gen:3> -> org.hibernate.loader.plan.build.internal.spaces.CompositeQuerySpaceImpl@1317b708]
1584 [main] DEBUG org.hibernate.loader.plan.build.internal.FetchStyleLoadPlanBuildingAssociationVisitationStrategy  - Building LoadPlan...
1585 [main] DEBUG org.hibernate.loader.plan.exec.internal.LoadQueryJoinAndFetchProcessor  - processing queryspace <gen:0>
1585 [main] DEBUG org.hibernate.loader.plan.build.spi.LoadPlanTreePrinter  - LoadPlan(entity=org.thingsplode.core.entities.Device)
    - Returns
       - EntityReturnImpl(entity=org.thingsplode.core.entities.Device, querySpaceUid=<gen:0>, path=org.thingsplode.core.entities.Device)
          - EntityAttributeFetchImpl(entity=org.thingsplode.core.entities.Model, querySpaceUid=<gen:1>, path=org.thingsplode.core.entities.Device.model)
          - CompositeAttributeFetchImpl(composite=org.thingsplode.core.Location, querySpaceUid=<gen:2>, path=org.thingsplode.core.entities.Device.location)
             - NestedCompositeAttributeFetchImpl(composite=org.thingsplode.core.Address, querySpaceUid=<gen:3>, path=org.thingsplode.core.entities.Device.location.address)
    - QuerySpaces
       - EntityQuerySpaceImpl(uid=<gen:0>, entity=org.thingsplode.core.entities.Device)
          - SQL table alias mapping - device0_
          - alias suffix - 0_
          - suffixed key columns - {id2_1_0_}
          - JOIN (JoinDefinedByMetadata(location)) : <gen:0> -> <gen:2>
             - CompositeQuerySpaceImpl(uid=<gen:2>)
                - SQL table alias mapping - device0_
                - JOIN (JoinDefinedByMetadata(address)) : <gen:2> -> <gen:3>
                   - CompositeQuerySpaceImpl(uid=<gen:3>)
                      - SQL table alias mapping - device0_

1586 [main] DEBUG org.hibernate.loader.entity.plan.EntityLoader  - Static select for entity org.thingsplode.core.entities.Device [OPTIMISTIC_FORCE_INCREMENT]: select device0_.id as id2_1_0_, device0_1_.deviceClass as deviceCl3_1_0_, device0_1_.enabledState as enabledS4_1_0_, device0_1_.identification as identifi5_1_0_, device0_1_.model_id as model_i10_1_0_, device0_1_.partNumber as partNumb6_1_0_, device0_1_.serialNumber as serialNu7_1_0_, device0_1_.status as status8_1_0_, device0_1_.type as type9_1_0_, device0_.hostAddress as hostAddr1_3_0_, device0_.lastHeartBeat as lastHear2_3_0_, device0_.city as city3_3_0_, device0_.country as country4_3_0_, device0_.houseNumber as houseNum5_3_0_, device0_.postCode as postCode6_3_0_, device0_.state as state7_3_0_, device0_.street as street8_3_0_, device0_.description as descript9_3_0_, device0_.latitude as latitud10_3_0_, device0_.longitude as longitu11_3_0_, device0_.startupDate as startup12_3_0_ from DEVICES device0_ inner join COMPONENT device0_1_ on device0_.id=device0_1_.id where device0_.id=?
1603 [main] DEBUG org.hibernate.loader.Loader  - Static select for action ACTION_MERGE on entity org.thingsplode.core.entities.Device: select device0_.id as id2_1_2_, device0_1_.deviceClass as deviceCl3_1_2_, device0_1_.enabledState as enabledS4_1_2_, device0_1_.identification as identifi5_1_2_, device0_1_.model_id as model_i10_1_2_, device0_1_.partNumber as partNumb6_1_2_, device0_1_.serialNumber as serialNu7_1_2_, device0_1_.status as status8_1_2_, device0_1_.type as type9_1_2_, device0_.hostAddress as hostAddr1_3_2_, device0_.lastHeartBeat as lastHear2_3_2_, device0_.city as city3_3_2_, device0_.country as country4_3_2_, device0_.houseNumber as houseNum5_3_2_, device0_.postCode as postCode6_3_2_, device0_.state as state7_3_2_, device0_.street as street8_3_2_, device0_.description as descript9_3_2_, device0_.latitude as latitud10_3_2_, device0_.longitude as longitu11_3_2_, device0_.startupDate as startup12_3_2_, capabiliti1_.COMP_ID as COMP_ID7_1_4_, capabiliti1_.id as id1_0_4_, capabiliti1_.id as id1_0_0_, capabiliti1_.active as active2_0_0_, capabiliti1_.name as name3_0_0_, capabiliti1_.type as type4_0_0_, capabiliti1_.content as content5_0_0_, capabiliti1_.VALUE_TYPE as VALUE_TY6_0_0_, model2_.id as id1_6_1_, model2_.manufacturer as manufact2_6_1_, model2_.type as type3_6_1_, model2_.version as version4_6_1_ from DEVICES device0_ inner join COMPONENT device0_1_ on device0_.id=device0_1_.id left outer join CAPABILITIES capabiliti1_ on device0_.id=capabiliti1_.COMP_ID left outer join MODELS model2_ on device0_1_.model_id=model2_.id where device0_.id=?
1604 [main] DEBUG org.hibernate.loader.Loader  - Static select for action ACTION_REFRESH on entity org.thingsplode.core.entities.Device: select device0_.id as id2_1_2_, device0_1_.deviceClass as deviceCl3_1_2_, device0_1_.enabledState as enabledS4_1_2_, device0_1_.identification as identifi5_1_2_, device0_1_.model_id as model_i10_1_2_, device0_1_.partNumber as partNumb6_1_2_, device0_1_.serialNumber as serialNu7_1_2_, device0_1_.status as status8_1_2_, device0_1_.type as type9_1_2_, device0_.hostAddress as hostAddr1_3_2_, device0_.lastHeartBeat as lastHear2_3_2_, device0_.city as city3_3_2_, device0_.country as country4_3_2_, device0_.houseNumber as houseNum5_3_2_, device0_.postCode as postCode6_3_2_, device0_.state as state7_3_2_, device0_.street as street8_3_2_, device0_.description as descript9_3_2_, device0_.latitude as latitud10_3_2_, device0_.longitude as longitu11_3_2_, device0_.startupDate as startup12_3_2_, capabiliti1_.COMP_ID as COMP_ID7_1_4_, capabiliti1_.id as id1_0_4_, capabiliti1_.id as id1_0_0_, capabiliti1_.active as active2_0_0_, capabiliti1_.name as name3_0_0_, capabiliti1_.type as type4_0_0_, capabiliti1_.content as content5_0_0_, capabiliti1_.VALUE_TYPE as VALUE_TY6_0_0_, model2_.id as id1_6_1_, model2_.manufacturer as manufact2_6_1_, model2_.type as type3_6_1_, model2_.version as version4_6_1_ from DEVICES device0_ inner join COMPONENT device0_1_ on device0_.id=device0_1_.id left outer join CAPABILITIES capabiliti1_ on device0_.id=capabiliti1_.COMP_ID left outer join MODELS model2_ on device0_1_.model_id=model2_.id where device0_.id=?
1605 [main] DEBUG org.hibernate.loader.plan.build.internal.spaces.QuerySpacesImpl  - Adding QuerySpace : uid = <gen:0> -> org.hibernate.loader.plan.build.internal.spaces.EntityQuerySpaceImpl@74d3b638]
1609 [main] DEBUG org.hibernate.loader.plan.build.internal.spaces.QuerySpacesImpl  - Adding QuerySpace : uid = <gen:1> -> org.hibernate.loader.plan.build.internal.spaces.CompositeQuerySpaceImpl@126f1ba8]
1609 [main] DEBUG org.hibernate.loader.plan.build.internal.FetchStyleLoadPlanBuildingAssociationVisitationStrategy  - Building LoadPlan...
1610 [main] DEBUG org.hibernate.loader.plan.exec.internal.LoadQueryJoinAndFetchProcessor  - processing queryspace <gen:0>
1610 [main] DEBUG org.hibernate.loader.plan.build.spi.LoadPlanTreePrinter  - LoadPlan(entity=org.thingsplode.core.entities.Treshold)
    - Returns
       - EntityReturnImpl(entity=org.thingsplode.core.entities.Treshold, querySpaceUid=<gen:0>, path=org.thingsplode.core.entities.Treshold)
          - CompositeAttributeFetchImpl(composite=org.thingsplode.core.Value, querySpaceUid=<gen:1>, path=org.thingsplode.core.entities.Treshold.tresholdValue)
    - QuerySpaces
       - EntityQuerySpaceImpl(uid=<gen:0>, entity=org.thingsplode.core.entities.Treshold)
          - SQL table alias mapping - treshold0_
          - alias suffix - 0_
          - suffixed key columns - {id1_8_0_}
          - JOIN (JoinDefinedByMetadata(tresholdValue)) : <gen:0> -> <gen:1>
             - CompositeQuerySpaceImpl(uid=<gen:1>)
                - SQL table alias mapping - treshold0_

1610 [main] DEBUG org.hibernate.loader.entity.plan.EntityLoader  - Static select for entity org.thingsplode.core.entities.Treshold [NONE]: select treshold0_.id as id1_8_0_, treshold0_.name as name2_8_0_, treshold0_.scope as scope3_8_0_, treshold0_.content as content4_8_0_, treshold0_.VALUE_TYPE as VALUE_TY5_8_0_, treshold0_.type as type6_8_0_ from TRESHOLDS treshold0_ where treshold0_.id=?
1610 [main] DEBUG org.hibernate.loader.plan.build.internal.spaces.QuerySpacesImpl  - Adding QuerySpace : uid = <gen:0> -> org.hibernate.loader.plan.build.internal.spaces.EntityQuerySpaceImpl@53830483]
1611 [main] DEBUG org.hibernate.loader.plan.build.internal.spaces.QuerySpacesImpl  - Adding QuerySpace : uid = <gen:1> -> org.hibernate.loader.plan.build.internal.spaces.CompositeQuerySpaceImpl@43a0a32d]
1611 [main] DEBUG org.hibernate.loader.plan.build.internal.FetchStyleLoadPlanBuildingAssociationVisitationStrategy  - Building LoadPlan...
1611 [main] DEBUG org.hibernate.loader.plan.exec.internal.LoadQueryJoinAndFetchProcessor  - processing queryspace <gen:0>
1611 [main] DEBUG org.hibernate.loader.plan.build.spi.LoadPlanTreePrinter  - LoadPlan(entity=org.thingsplode.core.entities.Treshold)
    - Returns
       - EntityReturnImpl(entity=org.thingsplode.core.entities.Treshold, querySpaceUid=<gen:0>, path=org.thingsplode.core.entities.Treshold)
          - CompositeAttributeFetchImpl(composite=org.thingsplode.core.Value, querySpaceUid=<gen:1>, path=org.thingsplode.core.entities.Treshold.tresholdValue)
    - QuerySpaces
       - EntityQuerySpaceImpl(uid=<gen:0>, entity=org.thingsplode.core.entities.Treshold)
          - SQL table alias mapping - treshold0_
          - alias suffix - 0_
          - suffixed key columns - {id1_8_0_}
          - JOIN (JoinDefinedByMetadata(tresholdValue)) : <gen:0> -> <gen:1>
             - CompositeQuerySpaceImpl(uid=<gen:1>)
                - SQL table alias mapping - treshold0_

1612 [main] DEBUG org.hibernate.loader.entity.plan.EntityLoader  - Static select for entity org.thingsplode.core.entities.Treshold [READ]: select treshold0_.id as id1_8_0_, treshold0_.name as name2_8_0_, treshold0_.scope as scope3_8_0_, treshold0_.content as content4_8_0_, treshold0_.VALUE_TYPE as VALUE_TY5_8_0_, treshold0_.type as type6_8_0_ from TRESHOLDS treshold0_ where treshold0_.id=?
1612 [main] DEBUG org.hibernate.loader.plan.build.internal.spaces.QuerySpacesImpl  - Adding QuerySpace : uid = <gen:0> -> org.hibernate.loader.plan.build.internal.spaces.EntityQuerySpaceImpl@72825400]
1612 [main] DEBUG org.hibernate.loader.plan.build.internal.spaces.QuerySpacesImpl  - Adding QuerySpace : uid = <gen:1> -> org.hibernate.loader.plan.build.internal.spaces.CompositeQuerySpaceImpl@5f117b3d]
1612 [main] DEBUG org.hibernate.loader.plan.build.internal.FetchStyleLoadPlanBuildingAssociationVisitationStrategy  - Building LoadPlan...
1612 [main] DEBUG org.hibernate.loader.plan.exec.internal.LoadQueryJoinAndFetchProcessor  - processing queryspace <gen:0>
1613 [main] DEBUG org.hibernate.loader.plan.build.spi.LoadPlanTreePrinter  - LoadPlan(entity=org.thingsplode.core.entities.Treshold)
    - Returns
       - EntityReturnImpl(entity=org.thingsplode.core.entities.Treshold, querySpaceUid=<gen:0>, path=org.thingsplode.core.entities.Treshold)
          - CompositeAttributeFetchImpl(composite=org.thingsplode.core.Value, querySpaceUid=<gen:1>, path=org.thingsplode.core.entities.Treshold.tresholdValue)
    - QuerySpaces
       - EntityQuerySpaceImpl(uid=<gen:0>, entity=org.thingsplode.core.entities.Treshold)
          - SQL table alias mapping - treshold0_
          - alias suffix - 0_
          - suffixed key columns - {id1_8_0_}
          - JOIN (JoinDefinedByMetadata(tresholdValue)) : <gen:0> -> <gen:1>
             - CompositeQuerySpaceImpl(uid=<gen:1>)
                - SQL table alias mapping - treshold0_

1613 [main] DEBUG org.hibernate.loader.entity.plan.EntityLoader  - Static select for entity org.thingsplode.core.entities.Treshold [UPGRADE]: select treshold0_.id as id1_8_0_, treshold0_.name as name2_8_0_, treshold0_.scope as scope3_8_0_, treshold0_.content as content4_8_0_, treshold0_.VALUE_TYPE as VALUE_TY5_8_0_, treshold0_.type as type6_8_0_ from TRESHOLDS treshold0_ where treshold0_.id=? for update
[...]
	at org.springframework.test.context.junit4.statements.RunBeforeTestMethodCallbacks.evaluate(RunBeforeTestMethodCallbacks.java:73)
	at org.springframework.test.context.junit4.statements.RunAfterTestMethodCallbacks.evaluate(RunAfterTestMethodCallbacks.java:82)
	at org.springframework.test.context.junit4.statements.SpringRepeat.evaluate(SpringRepeat.java:73)
	at org.junit.runners.ParentRunner.runLeaf(ParentRunner.java:325)
	at org.springframework.test.context.junit4.SpringJUnit4ClassRunner.runChild(SpringJUnit4ClassRunner.java:217)
	at org.springframework.test.context.junit4.SpringJUnit4ClassRunner.runChild(SpringJUnit4ClassRunner.java:83)
	at org.junit.runners.ParentRunner$3.run(ParentRunner.java:290)
	at org.junit.runners.ParentRunner$1.schedule(ParentRunner.java:71)
	at org.junit.runners.ParentRunner.runChildren(ParentRunner.java:288)
	at org.junit.runners.ParentRunner.access$000(ParentRunner.java:58)
	at org.junit.runners.ParentRunner$2.evaluate(ParentRunner.java:268)
	at org.springframework.test.context.junit4.statements.RunBeforeTestClassCallbacks.evaluate(RunBeforeTestClassCallbacks.java:61)
	at org.springframework.test.context.junit4.statements.RunAfterTestClassCallbacks.evaluate(RunAfterTestClassCallbacks.java:68)
	at org.junit.runners.ParentRunner.run(ParentRunner.java:363)
	at org.springframework.test.context.junit4.SpringJUnit4ClassRunner.run(SpringJUnit4ClassRunner.java:163)
	at org.apache.maven.surefire.junit4.JUnit4Provider.execute(JUnit4Provider.java:283)
	at org.apache.maven.surefire.junit4.JUnit4Provider.executeWithRerun(JUnit4Provider.java:173)
	at org.apache.maven.surefire.junit4.JUnit4Provider.executeTestSet(JUnit4Provider.java:153)
	at org.apache.maven.surefire.junit4.JUnit4Provider.invoke(JUnit4Provider.java:128)
	at org.apache.maven.surefire.booter.ForkedBooter.invokeProviderInSameClassLoader(ForkedBooter.java:203)
	at org.apache.maven.surefire.booter.ForkedBooter.runSuitesInProcess(ForkedBooter.java:155)
	at org.apache.maven.surefire.booter.ForkedBooter.main(ForkedBooter.java:103)
3431 [main] DEBUG org.hibernate.engine.jdbc.spi.SqlExceptionHelper  - could not execute statement [n/a]
org.h2.jdbc.JdbcSQLException: Unique index or primary key violation: "UK_8G9PTGDWHDOCC2X7HWRK9GSYP_INDEX_8 ON PUBLIC.MODELS(MANUFACTURER, TYPE, VERSION)"; SQL statement:
insert into MODELS (id, manufacturer, type, version) values (null, ?, ?, ?) [23505-172]
	at org.h2.message.DbException.getJdbcSQLException(DbException.java:329)
	at org.h2.message.DbException.get(DbException.java:169)
	at org.h2.message.DbException.get(DbException.java:146)
	at org.h2.index.BaseIndex.getDuplicateKeyException(BaseIndex.java:83)
	at org.h2.index.PageBtree.find(PageBtree.java:121)
	at org.h2.index.PageBtreeLeaf.addRow(PageBtreeLeaf.java:148)
	at org.h2.index.PageBtreeLeaf.addRowTry(PageBtreeLeaf.java:101)
	at org.h2.index.PageBtreeIndex.addRow(PageBtreeIndex.java:104)
	at org.h2.index.PageBtreeIndex.add(PageBtreeIndex.java:95)
	at org.h2.table.RegularTable.addRow(RegularTable.java:124)
	at org.h2.command.dml.Insert.insertRows(Insert.java:126)
	at org.h2.command.dml.Insert.update(Insert.java:86)
	at org.h2.command.CommandContainer.update(CommandContainer.java:79)
	at org.h2.command.Command.executeUpdate(Command.java:235)
	at org.h2.jdbc.JdbcPreparedStatement.executeUpdateInternal(JdbcPreparedStatement.java:154)
	at org.h2.jdbc.JdbcPreparedStatement.executeUpdate(JdbcPreparedStatement.java:140)
	at com.mchange.v2.c3p0.impl.NewProxyPreparedStatement.executeUpdate(NewProxyPreparedStatement.java:105)
	at org.hibernate.engine.jdbc.internal.ResultSetReturnImpl.executeUpdate(ResultSetReturnImpl.java:208)
	at org.hibernate.id.IdentityGenerator$GetGeneratedKeysDelegate.executeAndExtract(IdentityGenerator.java:96)
	at org.hibernate.id.insert.AbstractReturningDelegate.performInsert(AbstractReturningDelegate.java:58)
	at org.hibernate.persister.entity.AbstractEntityPersister.insert(AbstractEntityPersister.java:3032)
	at org.hibernate.persister.entity.AbstractEntityPersister.insert(AbstractEntityPersister.java:3558)
	at org.hibernate.action.internal.EntityIdentityInsertAction.execute(EntityIdentityInsertAction.java:98)
	at org.hibernate.engine.spi.ActionQueue.execute(ActionQueue.java:492)
	at org.hibernate.engine.spi.ActionQueue.addResolvedEntityInsertAction(ActionQueue.java:197)
	at org.hibernate.engine.spi.ActionQueue.addInsertAction(ActionQueue.java:181)
	at org.hibernate.engine.spi.ActionQueue.addAction(ActionQueue.java:216)
	at org.hibernate.event.internal.AbstractSaveEventListener.addInsertAction(AbstractSaveEventListener.java:324)
	at org.hibernate.event.internal.AbstractSaveEventListener.performSaveOrReplicate(AbstractSaveEventListener.java:288)
	at org.hibernate.event.internal.AbstractSaveEventListener.performSave(AbstractSaveEventListener.java:194)
	at org.hibernate.event.internal.AbstractSaveEventListener.saveWithGeneratedId(AbstractSaveEventListener.java:125)
	at org.hibernate.jpa.event.internal.core.JpaPersistEventListener.saveWithGeneratedId(JpaPersistEventListener.java:84)
	at org.hibernate.event.internal.DefaultPersistEventListener.entityIsTransient(DefaultPersistEventListener.java:206)
	at org.hibernate.event.internal.DefaultPersistEventListener.onPersist(DefaultPersistEventListener.java:149)
	at org.hibernate.internal.SessionImpl.firePersist(SessionImpl.java:801)
	at org.hibernate.internal.SessionImpl.persist(SessionImpl.java:794)
	at org.hibernate.jpa.event.internal.core.JpaPersistEventListener$1.cascade(JpaPersistEventListener.java:97)
	at org.hibernate.engine.internal.Cascade.cascadeToOne(Cascade.java:350)
	at org.hibernate.engine.internal.Cascade.cascadeAssociation(Cascade.java:293)
	at org.hibernate.engine.internal.Cascade.cascadeProperty(Cascade.java:161)
	at org.hibernate.engine.internal.Cascade.cascade(Cascade.java:118)
	at org.hibernate.event.internal.AbstractSaveEventListener.cascadeBeforeSave(AbstractSaveEventListener.java:432)
	at org.hibernate.event.internal.AbstractSaveEventListener.performSaveOrReplicate(AbstractSaveEventListener.java:265)
	at org.hibernate.event.internal.AbstractSaveEventListener.performSave(AbstractSaveEventListener.java:194)
	at org.hibernate.event.internal.AbstractSaveEventListener.saveWithGeneratedId(AbstractSaveEventListener.java:125)
	at org.hibernate.jpa.event.internal.core.JpaPersistEventListener.saveWithGeneratedId(JpaPersistEventListener.java:84)
	at org.hibernate.event.internal.DefaultPersistEventListener.entityIsTransient(DefaultPersistEventListener.java:206)
	at org.hibernate.event.internal.DefaultPersistEventListener.onPersist(DefaultPersistEventListener.java:149)
	at org.hibernate.event.internal.DefaultPersistEventListener.onPersist(DefaultPersistEventListener.java:75)
	at org.hibernate.internal.SessionImpl.firePersist(SessionImpl.java:811)
	at org.hibernate.internal.SessionImpl.persist(SessionImpl.java:784)
	at org.hibernate.internal.SessionImpl.persist(SessionImpl.java:789)
	at org.hibernate.jpa.spi.AbstractEntityManagerImpl.persist(AbstractEntityManagerImpl.java:1181)
	at sun.reflect.NativeMethodAccessorImpl.invoke0(Native Method)
	at sun.reflect.NativeMethodAccessorImpl.invoke(NativeMethodAccessorImpl.java:62)
	at sun.reflect.DelegatingMethodAccessorImpl.invoke(DelegatingMethodAccessorImpl.java:43)
	at java.lang.reflect.Method.invoke(Method.java:497)
	at org.springframework.orm.jpa.SharedEntityManagerCreator$SharedEntityManagerInvocationHandler.invoke(SharedEntityManagerCreator.java:291)
	at com.sun.proxy.$Proxy72.persist(Unknown Source)
	at org.springframework.data.jpa.repository.support.SimpleJpaRepository.save(SimpleJpaRepository.java:407)
	at sun.reflect.NativeMethodAccessorImpl.invoke0(Native Method)
	at sun.reflect.NativeMethodAccessorImpl.invoke(NativeMethodAccessorImpl.java:62)
	at sun.reflect.DelegatingMethodAccessorImpl.invoke(DelegatingMethodAccessorImpl.java:43)
	at java.lang.reflect.Method.invoke(Method.java:497)
	at org.springframework.data.repository.core.support.RepositoryFactorySupport$QueryExecutorMethodInterceptor.executeMethodOn(RepositoryFactorySupport.java:416)
	at org.springframework.data.repository.core.support.RepositoryFactorySupport$QueryExecutorMethodInterceptor.doInvoke(RepositoryFactorySupport.java:401)
	at org.springframework.data.repository.core.support.RepositoryFactorySupport$QueryExecutorMethodInterceptor.invoke(RepositoryFactorySupport.java:373)
	at org.springframework.aop.framework.ReflectiveMethodInvocation.proceed(ReflectiveMethodInvocation.java:179)
	at org.springframework.data.repository.core.support.RepositoryFactorySupport$DefaultMethodInvokingMethodInterceptor.invoke(RepositoryFactorySupport.java:486)
	at org.springframework.aop.framework.ReflectiveMethodInvocation.proceed(ReflectiveMethodInvocation.java:179)
	at org.springframework.transaction.interceptor.TransactionInterceptor$1.proceedWithInvocation(TransactionInterceptor.java:99)
	at org.springframework.transaction.interceptor.TransactionAspectSupport.invokeWithinTransaction(TransactionAspectSupport.java:281)
	at org.springframework.transaction.interceptor.TransactionInterceptor.invoke(TransactionInterceptor.java:96)
	at org.springframework.aop.framework.ReflectiveMethodInvocation.proceed(ReflectiveMethodInvocation.java:179)
	at org.springframework.dao.support.PersistenceExceptionTranslationInterceptor.invoke(PersistenceExceptionTranslationInterceptor.java:136)
	at org.springframework.aop.framework.ReflectiveMethodInvocation.proceed(ReflectiveMethodInvocation.java:179)
	at org.springframework.data.jpa.repository.support.CrudMethodMetadataPostProcessor$CrudMethodMetadataPopulatingMethodIntercceptor.invoke(CrudMethodMetadataPostProcessor.java:122)
	at org.springframework.aop.framework.ReflectiveMethodInvocation.proceed(ReflectiveMethodInvocation.java:179)
	at org.springframework.aop.interceptor.ExposeInvocationInterceptor.invoke(ExposeInvocationInterceptor.java:92)
	at org.springframework.aop.framework.ReflectiveMethodInvocation.proceed(ReflectiveMethodInvocation.java:179)
	at org.springframework.aop.framework.JdkDynamicAopProxy.invoke(JdkDynamicAopProxy.java:207)
	at com.sun.proxy.$Proxy77.save(Unknown Source)
	at org.thingsplode.server.repositories.RepositoryTest.test2Events(RepositoryTest.java:101)
	at sun.reflect.NativeMethodAccessorImpl.invoke0(Native Method)
	at sun.reflect.NativeMethodAccessorImpl.invoke(NativeMethodAccessorImpl.java:62)
	at sun.reflect.DelegatingMethodAccessorImpl.invoke(DelegatingMethodAccessorImpl.java:43)
	at java.lang.reflect.Method.invoke(Method.java:497)
	at org.junit.runners.model.FrameworkMethod$1.runReflectiveCall(FrameworkMethod.java:50)
	at org.junit.internal.runners.model.ReflectiveCallable.run(ReflectiveCallable.java:12)
	at org.junit.runners.model.FrameworkMethod.invokeExplosively(FrameworkMethod.java:47)
	at org.junit.internal.runners.statements.InvokeMethod.evaluate(InvokeMethod.java:17)
	at org.springframework.test.context.junit4.statements.RunBeforeTestMethodCallbacks.evaluate(RunBeforeTestMethodCallbacks.java:73)
	at org.springframework.test.context.junit4.statements.RunAfterTestMethodCallbacks.evaluate(RunAfterTestMethodCallbacks.java:82)
	at org.springframework.test.context.junit4.statements.SpringRepeat.evaluate(SpringRepeat.java:73)
	at org.junit.runners.ParentRunner.runLeaf(ParentRunner.java:325)
	at org.springframework.test.context.junit4.SpringJUnit4ClassRunner.runChild(SpringJUnit4ClassRunner.java:217)
	at org.springframework.test.context.junit4.SpringJUnit4ClassRunner.runChild(SpringJUnit4ClassRunner.java:83)
	at org.junit.runners.ParentRunner$3.run(ParentRunner.java:290)
	at org.junit.runners.ParentRunner$1.schedule(ParentRunner.java:71)
	at org.junit.runners.ParentRunner.runChildren(ParentRunner.java:288)
	at org.junit.runners.ParentRunner.access$000(ParentRunner.java:58)
	at org.junit.runners.ParentRunner$2.evaluate(ParentRunner.java:268)
	at org.springframework.test.context.junit4.statements.RunBeforeTestClassCallbacks.evaluate(RunBeforeTestClassCallbacks.java:61)
	at org.springframework.test.context.junit4.statements.RunAfterTestClassCallbacks.evaluate(RunAfterTestClassCallbacks.java:68)
	at org.junit.runners.ParentRunner.run(ParentRunner.java:363)
	at org.springframework.test.context.junit4.SpringJUnit4ClassRunner.run(SpringJUnit4ClassRunner.java:163)
	at org.apache.maven.surefire.junit4.JUnit4Provider.execute(JUnit4Provider.java:283)
	at org.apache.maven.surefire.junit4.JUnit4Provider.executeWithRerun(JUnit4Provider.java:173)
	at org.apache.maven.surefire.junit4.JUnit4Provider.executeTestSet(JUnit4Provider.java:153)
	at org.apache.maven.surefire.junit4.JUnit4Provider.invoke(JUnit4Provider.java:128)
	at org.apache.maven.surefire.booter.ForkedBooter.invokeProviderInSameClassLoader(ForkedBooter.java:203)
	at org.apache.maven.surefire.booter.ForkedBooter.runSuitesInProcess(ForkedBooter.java:155)
	at org.apache.maven.surefire.booter.ForkedBooter.main(ForkedBooter.java:103)
3432 [main] WARN org.hibernate.engine.jdbc.spi.SqlExceptionHelper  - SQL Error: 23505, SQLState: 23505
3432 [main] ERROR org.hibernate.engine.jdbc.spi.SqlExceptionHelper  - Unique index or primary key violation: "UK_8G9PTGDWHDOCC2X7HWRK9GSYP_INDEX_8 ON PUBLIC.MODELS(MANUFACTURER, TYPE, VERSION)"; SQL statement:
insert into MODELS (id, manufacturer, type, version) values (null, ?, ?, ?) [23505-172]
3433 [main] DEBUG org.hibernate.jpa.spi.AbstractEntityManagerImpl  - Mark transaction for rollback
3433 [main] DEBUG org.hibernate.engine.transaction.spi.AbstractTransactionImpl  - rolling back
3433 [main] DEBUG org.hibernate.engine.transaction.internal.jdbc.JdbcTransaction  - rolled JDBC Connection
3433 [main] DEBUG org.hibernate.engine.transaction.internal.jdbc.JdbcTransaction  - re-enabling autocommit
3433 [main] DEBUG org.hibernate.engine.jdbc.internal.LogicalConnectionImpl  - Releasing JDBC connection
3433 [main] DEBUG org.hibernate.engine.jdbc.internal.LogicalConnectionImpl  - Released JDBC connection
]]></system-out>
  </testcase>
  <testcase name="test2Events" classname="org.thingsplode.server.repositories.RepositoryTest" time="0.023">
    <error message="Could not commit JPA transaction; nested exception is javax.persistence.RollbackException: Transaction marked as rollbackOnly" type="org.springframework.transaction.TransactionSystemException">org.springframework.transaction.TransactionSystemException: Could not commit JPA transaction; nested exception is javax.persistence.RollbackException: Transaction marked as rollbackOnly
	at org.springframework.orm.jpa.JpaTransactionManager.doCommit(JpaTransactionManager.java:526)
	at org.springframework.transaction.support.AbstractPlatformTransactionManager.processCommit(AbstractPlatformTransactionManager.java:757)
	at org.springframework.transaction.support.AbstractPlatformTransactionManager.commit(AbstractPlatformTransactionManager.java:726)
	at org.springframework.test.context.transaction.TransactionContext.endTransaction(TransactionContext.java:128)
	at org.springframework.test.context.transaction.TransactionalTestExecutionListener.afterTestMethod(TransactionalTestExecutionListener.java:224)
	at org.springframework.test.context.TestContextManager.afterTestMethod(TestContextManager.java:297)
	at org.springframework.test.context.junit4.statements.RunAfterTestMethodCallbacks.evaluate(RunAfterTestMethodCallbacks.java:90)
	at org.springframework.test.context.junit4.statements.SpringRepeat.evaluate(SpringRepeat.java:73)
	at org.junit.runners.ParentRunner.runLeaf(ParentRunner.java:325)
	at org.springframework.test.context.junit4.SpringJUnit4ClassRunner.runChild(SpringJUnit4ClassRunner.java:217)
	at org.springframework.test.context.junit4.SpringJUnit4ClassRunner.runChild(SpringJUnit4ClassRunner.java:83)
	at org.junit.runners.ParentRunner$3.run(ParentRunner.java:290)
	at org.junit.runners.ParentRunner$1.schedule(ParentRunner.java:71)
	at org.junit.runners.ParentRunner.runChildren(ParentRunner.java:288)
	at org.junit.runners.ParentRunner.access$000(ParentRunner.java:58)
	at org.junit.runners.ParentRunner$2.evaluate(ParentRunner.java:268)
	at org.springframework.test.context.junit4.statements.RunBeforeTestClassCallbacks.evaluate(RunBeforeTestClassCallbacks.java:61)
	at org.springframework.test.context.junit4.statements.RunAfterTestClassCallbacks.evaluate(RunAfterTestClassCallbacks.java:68)
	at org.junit.runners.ParentRunner.run(ParentRunner.java:363)
	at org.springframework.test.context.junit4.SpringJUnit4ClassRunner.run(SpringJUnit4ClassRunner.java:163)
	at org.apache.maven.surefire.junit4.JUnit4Provider.execute(JUnit4Provider.java:283)
	at org.apache.maven.surefire.junit4.JUnit4Provider.executeWithRerun(JUnit4Provider.java:173)
	at org.apache.maven.surefire.junit4.JUnit4Provider.executeTestSet(JUnit4Provider.java:153)
	at org.apache.maven.surefire.junit4.JUnit4Provider.invoke(JUnit4Provider.java:128)
	at org.apache.maven.surefire.booter.ForkedBooter.invokeProviderInSameClassLoader(ForkedBooter.java:203)
	at org.apache.maven.surefire.booter.ForkedBooter.runSuitesInProcess(ForkedBooter.java:155)
	at org.apache.maven.surefire.booter.ForkedBooter.main(ForkedBooter.java:103)
Caused by: javax.persistence.RollbackException: Transaction marked as rollbackOnly
	at org.hibernate.jpa.internal.TransactionImpl.commit(TransactionImpl.java:74)
	at org.springframework.orm.jpa.JpaTransactionManager.doCommit(JpaTransactionManager.java:517)
	at org.springframework.transaction.support.AbstractPlatformTransactionManager.processCommit(AbstractPlatformTransactionManager.java:757)
	at org.springframework.transaction.support.AbstractPlatformTransactionManager.commit(AbstractPlatformTransactionManager.java:726)
	at org.springframework.test.context.transaction.TransactionContext.endTransaction(TransactionContext.java:128)
	at org.springframework.test.context.transaction.TransactionalTestExecutionListener.afterTestMethod(TransactionalTestExecutionListener.java:224)
	at org.springframework.test.context.TestContextManager.afterTestMethod(TestContextManager.java:297)
	at org.springframework.test.context.junit4.statements.RunAfterTestMethodCallbacks.evaluate(RunAfterTestMethodCallbacks.java:90)
	at org.springframework.test.context.junit4.statements.SpringRepeat.evaluate(SpringRepeat.java:73)
	at org.junit.runners.ParentRunner.runLeaf(ParentRunner.java:325)
	at org.springframework.test.context.junit4.SpringJUnit4ClassRunner.runChild(SpringJUnit4ClassRunner.java:217)
	at org.springframework.test.context.junit4.SpringJUnit4ClassRunner.runChild(SpringJUnit4ClassRunner.java:83)
	at org.junit.runners.ParentRunner$3.run(ParentRunner.java:290)
	at org.junit.runners.ParentRunner$1.schedule(ParentRunner.java:71)
	at org.junit.runners.ParentRunner.runChildren(ParentRunner.java:288)
	at org.junit.runners.ParentRunner.access$000(ParentRunner.java:58)
	at org.junit.runners.ParentRunner$2.evaluate(ParentRunner.java:268)
	at org.springframework.test.context.junit4.statements.RunBeforeTestClassCallbacks.evaluate(RunBeforeTestClassCallbacks.java:61)
	at org.springframework.test.context.junit4.statements.RunAfterTestClassCallbacks.evaluate(RunAfterTestClassCallbacks.java:68)
	at org.junit.runners.ParentRunner.run(ParentRunner.java:363)
	at org.springframework.test.context.junit4.SpringJUnit4ClassRunner.run(SpringJUnit4ClassRunner.java:163)
	at org.apache.maven.surefire.junit4.JUnit4Provider.execute(JUnit4Provider.java:283)
	at org.apache.maven.surefire.junit4.JUnit4Provider.executeWithRerun(JUnit4Provider.java:173)
	at org.apache.maven.surefire.junit4.JUnit4Provider.executeTestSet(JUnit4Provider.java:153)
	at org.apache.maven.surefire.junit4.JUnit4Provider.invoke(JUnit4Provider.java:128)
	at org.apache.maven.surefire.booter.ForkedBooter.invokeProviderInSameClassLoader(ForkedBooter.java:203)
	at org.apache.maven.surefire.booter.ForkedBooter.runSuitesInProcess(ForkedBooter.java:155)
	at org.apache.maven.surefire.booter.ForkedBooter.main(ForkedBooter.java:103)
</error>
  </testcase>
</testsuite>