<?xml version="1.0" encoding="UTF-8"?>
<testsuite name="org.thingsplode.testutils.PopertyTest" time="0.001" tests="1" errors="0" skipped="0" failures="1">
  <properties>
[...]
</properties>
  <testcase name="testProps" classname="org.thingsplode.testutils.PopertyTest" time="0.001">
    <failure message="It should be a expected:&lt;[a]&gt; but was:&lt;[default]&gt;" type="junit.framework.ComparisonFailure"><![CDATA[junit.framework.ComparisonFailure: It should be a expected:<[a]> but was:<[default]>
	at junit.framework.Assert.assertEquals(Assert.java:100)
	at org.thingsplode.testutils.PopertyTest.testProps(PopertyTest.java:39)
]]></failure>
    <system-out><![CDATA[5480 [main] INFO com.mchange.v2.c3p0.impl.AbstractPoolBackedDataSource  - Initializing c3p0 pool... com.mchange.v2.c3p0.ComboPooledDataSource [ acquireIncrement -> 2, acquireRetryAttempts -> 10, acquireRetryDelay -> 1000, autoCommitOnClose -> false, automaticTestTable -> test, breakAfterAcquireFailure -> false, checkoutTimeout -> 0, connectionCustomizerClassName -> null, connectionTesterClassName -> com.mchange.v2.c3p0.impl.DefaultConnectionTester, dataSourceName -> z8kfsx99g6p8uv1bsvmrg|71789580, debugUnreturnedConnectionStackTraces -> false, description -> null, driverClass -> org.h2.Driver, factoryClassLocation -> null, forceIgnoreUnresolvedTransactions -> false, identityToken -> z8kfsx99g6p8uv1bsvmrg|71789580, idleConnectionTestPeriod -> 60000, initialPoolSize -> 10, jdbcUrl -> jdbc:h2:/tmp/thingsplode_h2db_test;MODE=Oracle;AUTO_SERVER=TRUE, maxAdministrativeTaskTime -> 0, maxConnectionAge -> 0, maxIdleTime -> 0, maxIdleTimeExcessConnections -> 0, maxPoolSize -> 20, maxStatements -> 0, maxStatementsPerConnection -> 50, minPoolSize -> 10, numHelperThreads -> 10, numThreadsAwaitingCheckoutDefaultUser -> 0, preferredTestQuery -> null, properties -> {user=******, password=******}, propertyCycle -> 0, testConnectionOnCheckin -> true, testConnectionOnCheckout -> false, unreturnedConnectionTimeout -> 0, usesTraditionalReflectiveProxies -> false ]
5480 [main] DEBUG org.hibernate.jpa.internal.util.LogHelper  - PersistenceUnitInfo [
	name: default
	persistence provider classname: null
	classloader: sun.misc.Launcher$AppClassLoader@42a57993
	excludeUnlistedClasses: true
	JTA datasource: null
	Non JTA datasource: com.mchange.v2.c3p0.ComboPooledDataSource [ acquireIncrement -> 2, acquireRetryAttempts -> 10, acquireRetryDelay -> 1000, autoCommitOnClose -> false, automaticTestTable -> test, breakAfterAcquireFailure -> false, checkoutTimeout -> 0, connectionCustomizerClassName -> null, connectionTesterClassName -> com.mchange.v2.c3p0.impl.DefaultConnectionTester, dataSourceName -> z8kfsx99g6p8uv1bsvmrg|71789580, debugUnreturnedConnectionStackTraces -> false, description -> null, driverClass -> org.h2.Driver, factoryClassLocation -> null, forceIgnoreUnresolvedTransactions -> false, identityToken -> z8kfsx99g6p8uv1bsvmrg|71789580, idleConnectionTestPeriod -> 60000, initialPoolSize -> 10, jdbcUrl -> jdbc:h2:/tmp/thingsplode_h2db_test;MODE=Oracle;AUTO_SERVER=TRUE, maxAdministrativeTaskTime -> 0, maxConnectionAge -> 0, maxIdleTime -> 0, maxIdleTimeExcessConnections -> 0, maxPoolSize -> 20, maxStatements -> 0, maxStatementsPerConnection -> 50, minPoolSize -> 10, numHelperThreads -> 10, numThreadsAwaitingCheckoutDefaultUser -> 0, preferredTestQuery -> null, properties -> {user=******, password=******}, propertyCycle -> 0, testConnectionOnCheckin -> true, testConnectionOnCheckout -> false, unreturnedConnectionTimeout -> 0, usesTraditionalReflectiveProxies -> false ]
	Transaction type: RESOURCE_LOCAL
	PU root URL: file:/home/tamas/.m2/repository/org/thingsplode/thingsplode-core/1.0-SNAPSHOT/thingsplode-core-1.0-SNAPSHOT.jar
	Shared Cache Mode: UNSPECIFIED
	Validation Mode: AUTO
	Jar files URLs []
	Managed classes names [
		org.thingsplode.core.entities.Configuration
		org.thingsplode.core.entities.Component
		org.thingsplode.core.entities.Parameter
		org.thingsplode.core.entities.Indication
		org.thingsplode.core.entities.Capability
		org.thingsplode.core.entities.Persistable
		org.thingsplode.core.entities.Device
		org.thingsplode.core.entities.Model
		org.thingsplode.core.entities.Treshold
		org.thingsplode.core.entities.Event]
	Mapping files names []
	Properties []
5481 [main] DEBUG org.hibernate.integrator.internal.IntegratorServiceImpl  - Adding Integrator [org.hibernate.cfg.beanvalidation.BeanValidationIntegrator].
5481 [main] DEBUG org.hibernate.integrator.internal.IntegratorServiceImpl  - Adding Integrator [org.hibernate.secure.spi.JaccIntegrator].
5481 [main] DEBUG org.hibernate.integrator.internal.IntegratorServiceImpl  - Adding Integrator [org.hibernate.cache.internal.CollectionCacheInvalidator].
5481 [main] DEBUG org.hibernate.integrator.internal.IntegratorServiceImpl  - Adding Integrator [org.hibernate.jpa.event.spi.JpaIntegrator].
5481 [main] DEBUG org.hibernate.integrator.internal.IntegratorServiceImpl  - Adding Integrator [org.hibernate.envers.event.spi.EnversIntegrator].
5481 [main] DEBUG org.hibernate.boot.registry.selector.internal.StrategySelectorImpl  - Registering named strategy selector [org.hibernate.dialect.Dialect] : [MySQL5] -> [org.hibernate.dialect.MySQL5Dialect] (replacing [org.hibernate.dialect.MySQL5Dialect])
5481 [main] DEBUG org.hibernate.boot.registry.selector.internal.StrategySelectorImpl  - Registering named strategy selector [org.hibernate.dialect.Dialect] : [MySQL5InnoDB] -> [org.hibernate.dialect.MySQL5InnoDBDialect] (replacing [org.hibernate.dialect.MySQL5InnoDBDialect])
5491 [main] DEBUG org.hibernate.service.spi.ServiceBinding  - Overriding existing service binding [org.hibernate.secure.spi.JaccService]
5499 [main] DEBUG org.hibernate.engine.jdbc.internal.JdbcServicesImpl  - Database ->
       name : H2
    version : 1.3.172 (2013-05-25)
      major : 1
      minor : 3
5499 [main] DEBUG org.hibernate.engine.jdbc.internal.JdbcServicesImpl  - Driver ->
       name : H2 JDBC Driver
    version : 1.3.172 (2013-05-25)
      major : 1
      minor : 3
5499 [main] DEBUG org.hibernate.engine.jdbc.internal.JdbcServicesImpl  - JDBC version : 4.0
5499 [main] DEBUG org.hibernate.engine.jdbc.cursor.internal.StandardRefCursorSupport  - Unexpected error trying to gauge level of JDBC REF_CURSOR support : null
5500 [main] INFO org.hibernate.dialect.Dialect  - HHH000400: Using dialect: org.hibernate.dialect.H2Dialect
5501 [main] INFO org.hibernate.engine.jdbc.internal.LobCreatorBuilder  - HHH000424: Disabling contextual LOB creation as createClob() method threw error : java.lang.reflect.InvocationTargetException
5522 [main] DEBUG org.hibernate.engine.transaction.jta.platform.internal.JtaPlatformInitiator  - No JtaPlatform was specified, checking resolver
5522 [main] DEBUG org.hibernate.engine.transaction.jta.platform.internal.JtaPlatformResolverInitiator  - No JtaPlatformResolver was specified, using default [org.hibernate.engine.transaction.jta.platform.internal.StandardJtaPlatformResolver]
5524 [main] DEBUG org.hibernate.engine.transaction.jta.platform.internal.StandardJtaPlatformResolver  - Could not resolve JtaPlatform, using default [org.hibernate.engine.transaction.jta.platform.internal.NoJtaPlatform]
5524 [main] INFO org.hibernate.hql.internal.ast.ASTQueryTranslatorFactory  - HHH000397: Using ASTQueryTranslatorFactory
5524 [main] DEBUG org.hibernate.cache.internal.RegionFactoryInitiator  - Cache region factory : org.hibernate.cache.internal.NoCachingRegionFactory
5524 [main] DEBUG org.hibernate.internal.SessionFactoryImpl  - Building session factory
5524 [main] TRACE org.hibernate.type.TypeFactory  - Scoping types to session factory org.hibernate.internal.SessionFactoryImpl@a21c74
5524 [main] DEBUG org.hibernate.internal.SessionFactoryImpl  - Session factory constructed with filter configurations : {}
5531 [main] DEBUG org.hibernate.internal.SessionFactoryImpl  - Instantiating session factory with properties: {java.runtime.name=Java(TM) SE Runtime Environment, sun.boot.library.path=/usr/lib/jvm/java-8-oracle/jre/lib/amd64, java.vm.version=25.45-b02, java.vm.vendor=Oracle Corporation, java.vendor.url=http://java.oracle.com/, path.separator=:, java.vm.name=Java HotSpot(TM) 64-Bit Server VM, file.encoding.pkg=sun.io, user.country=US, sun.java.launcher=SUN_STANDARD, sun.os.patch.level=unknown, java.vm.specification.name=Java Virtual Machine Specification, user.dir=/home/tamas/Code/thingsplode/thingsplode-server, javax.persistence.sharedCache.mode=UNSPECIFIED, java.runtime.version=1.8.0_45-b14, java.awt.graphicsenv=sun.awt.X11GraphicsEnvironment, basedir=/home/tamas/Code/thingsplode/thingsplode-server, java.endorsed.dirs=/usr/lib/jvm/java-8-oracle/jre/lib/endorsed, os.arch=amd64, surefire.real.class.path=/home/tamas/Code/thingsplode/thingsplode-server/target/surefire/surefirebooter5813859415860693255.jar, hibernate.connection.autocommit=true, java.io.tmpdir=/tmp, line.separator=
, java.vm.specification.vendor=Oracle Corporation, hibernate.validator.apply_to_ddl=true, os.name=Linux, maven.ext.class.path=/home/tamas/Programs/netbeans-8.0.2/java/maven-nblib/netbeans-eventspy.jar, sun.jnu.encoding=UTF-8, java.library.path=/usr/lib/jvm/java-8-oracle/jre/lib/amd64:/usr/lib/jvm/java-8-oracle/jre/lib/i386::/usr/java/packages/lib/amd64:/usr/lib64:/lib64:/lib:/usr/lib, surefire.test.class.path=/home/tamas/Code/thingsplode/thingsplode-server/target/test-classes:/home/tamas/Code/thingsplode/thingsplode-server/target/classes:/home/tamas/.m2/repository/junit/junit/4.12/junit-4.12.jar:/home/tamas/.m2/repository/org/hamcrest/hamcrest-core/1.3/hamcrest-core-1.3.jar:/home/tamas/.m2/repository/com/h2database/h2/1.3.172/h2-1.3.172.jar:/home/tamas/.m2/repository/org/springframework/integration/spring-integration-core/4.1.2.RELEASE/spring-integration-core-4.1.2.RELEASE.jar:/home/tamas/.m2/repository/org/projectreactor/reactor-core/1.1.4.RELEASE/reactor-core-1.1.4.RELEASE.jar:/home/tamas/.m2/repository/com/goldmansachs/gs-collections/5.1.0/gs-collections-5.1.0.jar:/home/tamas/.m2/repository/com/goldmansachs/gs-collections-api/5.1.0/gs-collections-api-5.1.0.jar:/home/tamas/.m2/repository/com/lmax/disruptor/3.2.1/disruptor-3.2.1.jar:/home/tamas/.m2/repository/io/gatling/jsr166e/1.0/jsr166e-1.0.jar:/home/tamas/.m2/repository/org/springframework/spring-aop/4.1.4.RELEASE/spring-aop-4.1.4.RELEASE.jar:/home/tamas/.m2/repository/aopalliance/aopalliance/1.0/aopalliance-1.0.jar:/home/tamas/.m2/repository/org/springframework/retry/spring-retry/1.1.1.RELEASE/spring-retry-1.1.1.RELEASE.jar:/home/tamas/.m2/repository/org/springframework/spring-messaging/4.1.4.RELEASE/spring-messaging-4.1.4.RELEASE.jar:/home/tamas/.m2/repository/org/springframework/data/spring-data-jpa/1.7.2.RELEASE/spring-data-jpa-1.7.2.RELEASE.jar:/home/tamas/.m2/repository/org/springframework/data/spring-data-commons/1.9.2.RELEASE/spring-data-commons-1.9.2.RELEASE.jar:/home/tamas/.m2/repository/org/springframework/spring-beans/4.0.9.RELEASE/spring-beans-4.0.9.RELEASE.jar:/home/tamas/.m2/repository/org/aspectj/aspectjrt/1.8.4/aspectjrt-1.8.4.jar:/home/tamas/.m2/repository/org/slf4j/slf4j-api/1.7.10/slf4j-api-1.7.10.jar:/home/tamas/.m2/repository/org/slf4j/jcl-over-slf4j/1.7.10/jcl-over-slf4j-1.7.10.jar:/home/tamas/.m2/repository/org/springframework/spring-context/4.1.4.RELEASE/spring-context-4.1.4.RELEASE.jar:/home/tamas/.m2/repository/org/springframework/spring-expression/4.1.4.RELEASE/spring-expression-4.1.4.RELEASE.jar:/home/tamas/.m2/repository/org/springframework/spring-core/4.1.4.RELEASE/spring-core-4.1.4.RELEASE.jar:/home/tamas/.m2/repository/commons-logging/commons-logging/1.2/commons-logging-1.2.jar:/home/tamas/.m2/repository/org/springframework/spring-test/4.1.4.RELEASE/spring-test-4.1.4.RELEASE.jar:/home/tamas/.m2/repository/org/springframework/spring-orm/4.0.9.RELEASE/spring-orm-4.0.9.RELEASE.jar:/home/tamas/.m2/repository/org/springframework/spring-jdbc/4.0.9.RELEASE/spring-jdbc-4.0.9.RELEASE.jar:/home/tamas/.m2/repository/org/springframework/spring-tx/4.1.4.RELEASE/spring-tx-4.1.4.RELEASE.jar:/home/tamas/.m2/repository/org/hibernate/hibernate-tools/3.2.4.GA/hibernate-tools-3.2.4.GA.jar:/home/tamas/.m2/repository/org/beanshell/bsh/2.0b4/bsh-2.0b4.jar:/home/tamas/.m2/repository/freemarker/freemarker/2.3.8/freemarker-2.3.8.jar:/home/tamas/.m2/repository/org/hibernate/jtidy/r8-20060801/jtidy-r8-20060801.jar:/home/tamas/.m2/repository/org/hibernate/hibernate-commons-annotations/3.2.0.Final/hibernate-commons-annotations-3.2.0.Final.jar:/home/tamas/.m2/repository/org/hibernate/hibernate-entitymanager/4.3.8.Final/hibernate-entitymanager-4.3.8.Final.jar:/home/tamas/.m2/repository/org/jboss/logging/jboss-logging/3.1.3.GA/jboss-logging-3.1.3.GA.jar:/home/tamas/.m2/repository/org/jboss/logging/jboss-logging-annotations/1.2.0.Beta1/jboss-logging-annotations-1.2.0.Beta1.jar:/home/tamas/.m2/repository/org/hibernate/hibernate-core/4.3.8.Final/hibernate-core-4.3.8.Final.jar:/home/tamas/.m2/repository/antlr/antlr/2.7.7/antlr-2.7.7.jar:/home/tamas/.m2/repository/org/jboss/jandex/1.1.0.Final/jandex-1.1.0.Final.jar:/home/tamas/.m2/repository/dom4j/dom4j/1.6.1/dom4j-1.6.1.jar:/home/tamas/.m2/repository/xml-apis/xml-apis/1.0.b2/xml-apis-1.0.b2.jar:/home/tamas/.m2/repository/org/hibernate/common/hibernate-commons-annotations/4.0.5.Final/hibernate-commons-annotations-4.0.5.Final.jar:/home/tamas/.m2/repository/org/hibernate/javax/persistence/hibernate-jpa-2.1-api/1.0.0.Final/hibernate-jpa-2.1-api-1.0.0.Final.jar:/home/tamas/.m2/repository/org/jboss/spec/javax/transaction/jboss-transaction-api_1.2_spec/1.0.0.Final/jboss-transaction-api_1.2_spec-1.0.0.Final.jar:/home/tamas/.m2/repository/org/javassist/javassist/3.18.1-GA/javassist-3.18.1-GA.jar:/home/tamas/.m2/repository/org/hibernate/hibernate-envers/4.3.8.Final/hibernate-envers-4.3.8.Final.jar:/home/tamas/.m2/repository/c3p0/c3p0/0.9.1.2/c3p0-0.9.1.2.jar:/home/tamas/.m2/repository/log4j/log4j/1.2.17/log4j-1.2.17.jar:/home/tamas/.m2/repository/org/thingsplode/thingsplode-core/1.0-SNAPSHOT/thingsplode-core-1.0-SNAPSHOT.jar:/home/tamas/.m2/repository/org/hibernate/hibernate-validator/4.1.0.Final/hibernate-validator-4.1.0.Final.jar:/home/tamas/.m2/repository/javax/validation/validation-api/1.0.0.GA/validation-api-1.0.0.GA.jar:/home/tamas/.m2/repository/org/thingsplode/thingsplode-core/1.0-SNAPSHOT/thingsplode-core-1.0-SNAPSHOT-tests.jar:, hibernate.ejb.persistenceUnitName=default, java.specification.name=Java Platform API Specification, java.class.version=52.0, sun.management.compiler=HotSpot 64-Bit Tiered Compilers, os.version=3.16.0-37-generic, user.home=/home/tamas, user.timezone=Europe/Vienna, java.awt.printerjob=sun.print.PSPrinterJob, java.specification.version=1.8, file.encoding=UTF-8, javax.persistence.nonJtaDataSource=com.mchange.v2.c3p0.ComboPooledDataSource [ acquireIncrement -> 2, acquireRetryAttempts -> 10, acquireRetryDelay -> 1000, autoCommitOnClose -> false, automaticTestTable -> test, breakAfterAcquireFailure -> false, checkoutTimeout -> 0, connectionCustomizerClassName -> null, connectionTesterClassName -> com.mchange.v2.c3p0.impl.DefaultConnectionTester, dataSourceName -> z8kfsx99g6p8uv1bsvmrg|71789580, debugUnreturnedConnectionStackTraces -> false, description -> null, driverClass -> org.h2.Driver, factoryClassLocation -> null, forceIgnoreUnresolvedTransactions -> false, identityToken -> z8kfsx99g6p8uv1bsvmrg|71789580, idleConnectionTestPeriod -> 60000, initialPoolSize -> 10, jdbcUrl -> jdbc:h2:/tmp/thingsplode_h2db_test;MODE=Oracle;AUTO_SERVER=TRUE, maxAdministrativeTaskTime -> 0, maxConnectionAge -> 0, maxIdleTime -> 0, maxIdleTimeExcessConnections -> 0, maxPoolSize -> 20, maxStatements -> 0, maxStatementsPerConnection -> 50, minPoolSize -> 10, numHelperThreads -> 10, numThreadsAwaitingCheckoutDefaultUser -> 0, preferredTestQuery -> null, properties -> {user=******, password=******}, propertyCycle -> 0, testConnectionOnCheckin -> true, testConnectionOnCheckout -> false, unreturnedConnectionTimeout -> 0, usesTraditionalReflectiveProxies -> false ], hibernate.format_sql=true, java.net.useSystemProxies=true, user.name=tamas, java.class.path=/home/tamas/Code/thingsplode/thingsplode-server/target/test-classes:/home/tamas/Code/thingsplode/thingsplode-server/target/classes:/home/tamas/.m2/repository/junit/junit/4.12/junit-4.12.jar:/home/tamas/.m2/repository/org/hamcrest/hamcrest-core/1.3/hamcrest-core-1.3.jar:/home/tamas/.m2/repository/com/h2database/h2/1.3.172/h2-1.3.172.jar:/home/tamas/.m2/repository/org/springframework/integration/spring-integration-core/4.1.2.RELEASE/spring-integration-core-4.1.2.RELEASE.jar:/home/tamas/.m2/repository/org/projectreactor/reactor-core/1.1.4.RELEASE/reactor-core-1.1.4.RELEASE.jar:/home/tamas/.m2/repository/com/goldmansachs/gs-collections/5.1.0/gs-collections-5.1.0.jar:/home/tamas/.m2/repository/com/goldmansachs/gs-collections-api/5.1.0/gs-collections-api-5.1.0.jar:/home/tamas/.m2/repository/com/lmax/disruptor/3.2.1/disruptor-3.2.1.jar:/home/tamas/.m2/repository/io/gatling/jsr166e/1.0/jsr166e-1.0.jar:/home/tamas/.m2/repository/org/springframework/spring-aop/4.1.4.RELEASE/spring-aop-4.1.4.RELEASE.jar:/home/tamas/.m2/repository/aopalliance/aopalliance/1.0/aopalliance-1.0.jar:/home/tamas/.m2/repository/org/springframework/retry/spring-retry/1.1.1.RELEASE/spring-retry-1.1.1.RELEASE.jar:/home/tamas/.m2/repository/org/springframework/spring-messaging/4.1.4.RELEASE/spring-messaging-4.1.4.RELEASE.jar:/home/tamas/.m2/repository/org/springframework/data/spring-data-jpa/1.7.2.RELEASE/spring-data-jpa-1.7.2.RELEASE.jar:/home/tamas/.m2/repository/org/springframework/data/spring-data-commons/1.9.2.RELEASE/spring-data-commons-1.9.2.RELEASE.jar:/home/tamas/.m2/repository/org/springframework/spring-beans/4.0.9.RELEASE/spring-beans-4.0.9.RELEASE.jar:/home/tamas/.m2/repository/org/aspectj/aspectjrt/1.8.4/aspectjrt-1.8.4.jar:/home/tamas/.m2/repository/org/slf4j/slf4j-api/1.7.10/slf4j-api-1.7.10.jar:/home/tamas/.m2/repository/org/slf4j/jcl-over-slf4j/1.7.10/jcl-over-slf4j-1.7.10.jar:/home/tamas/.m2/repository/org/springframework/spring-context/4.1.4.RELEASE/spring-context-4.1.4.RELEASE.jar:/home/tamas/.m2/repository/org/springframework/spring-expression/4.1.4.RELEASE/spring-expression-4.1.4.RELEASE.jar:/home/tamas/.m2/repository/org/springframework/spring-core/4.1.4.RELEASE/spring-core-4.1.4.RELEASE.jar:/home/tamas/.m2/repository/commons-logging/commons-logging/1.2/commons-logging-1.2.jar:/home/tamas/.m2/repository/org/springframework/spring-test/4.1.4.RELEASE/spring-test-4.1.4.RELEASE.jar:/home/tamas/.m2/repository/org/springframework/spring-orm/4.0.9.RELEASE/spring-orm-4.0.9.RELEASE.jar:/home/tamas/.m2/repository/org/springframework/spring-jdbc/4.0.9.RELEASE/spring-jdbc-4.0.9.RELEASE.jar:/home/tamas/.m2/repository/org/springframework/spring-tx/4.1.4.RELEASE/spring-tx-4.1.4.RELEASE.jar:/home/tamas/.m2/repository/org/hibernate/hibernate-tools/3.2.4.GA/hibernate-tools-3.2.4.GA.jar:/home/tamas/.m2/repository/org/beanshell/bsh/2.0b4/bsh-2.0b4.jar:/home/tamas/.m2/repository/freemarker/freemarker/2.3.8/freemarker-2.3.8.jar:/home/tamas/.m2/repository/org/hibernate/jtidy/r8-20060801/jtidy-r8-20060801.jar:/home/tamas/.m2/repository/org/hibernate/hibernate-commons-annotations/3.2.0.Final/hibernate-commons-annotations-3.2.0.Final.jar:/home/tamas/.m2/repository/org/hibernate/hibernate-entitymanager/4.3.8.Final/hibernate-entitymanager-4.3.8.Final.jar:/home/tamas/.m2/repository/org/jboss/logging/jboss-logging/3.1.3.GA/jboss-logging-3.1.3.GA.jar:/home/tamas/.m2/repository/org/jboss/logging/jboss-logging-annotations/1.2.0.Beta1/jboss-logging-annotations-1.2.0.Beta1.jar:/home/tamas/.m2/repository/org/hibernate/hibernate-core/4.3.8.Final/hibernate-core-4.3.8.Final.jar:/home/tamas/.m2/repository/antlr/antlr/2.7.7/antlr-2.7.7.jar:/home/tamas/.m2/repository/org/jboss/jandex/1.1.0.Final/jandex-1.1.0.Final.jar:/home/tamas/.m2/repository/dom4j/dom4j/1.6.1/dom4j-1.6.1.jar:/home/tamas/.m2/repository/xml-apis/xml-apis/1.0.b2/xml-apis-1.0.b2.jar:/home/tamas/.m2/repository/org/hibernate/common/hibernate-commons-annotations/4.0.5.Final/hibernate-commons-annotations-4.0.5.Final.jar:/home/tamas/.m2/repository/org/hibernate/javax/persistence/hibernate-jpa-2.1-api/1.0.0.Final/hibernate-jpa-2.1-api-1.0.0.Final.jar:/home/tamas/.m2/repository/org/jboss/spec/javax/transaction/jboss-transaction-api_1.2_spec/1.0.0.Final/jboss-transaction-api_1.2_spec-1.0.0.Final.jar:/home/tamas/.m2/repository/org/javassist/javassist/3.18.1-GA/javassist-3.18.1-GA.jar:/home/tamas/.m2/repository/org/hibernate/hibernate-envers/4.3.8.Final/hibernate-envers-4.3.8.Final.jar:/home/tamas/.m2/repository/c3p0/c3p0/0.9.1.2/c3p0-0.9.1.2.jar:/home/tamas/.m2/repository/log4j/log4j/1.2.17/log4j-1.2.17.jar:/home/tamas/.m2/repository/org/thingsplode/thingsplode-core/1.0-SNAPSHOT/thingsplode-core-1.0-SNAPSHOT.jar:/home/tamas/.m2/repository/org/hibernate/hibernate-validator/4.1.0.Final/hibernate-validator-4.1.0.Final.jar:/home/tamas/.m2/repository/javax/validation/validation-api/1.0.0.GA/validation-api-1.0.0.GA.jar:/home/tamas/.m2/repository/org/thingsplode/thingsplode-core/1.0-SNAPSHOT/thingsplode-core-1.0-SNAPSHOT-tests.jar:, hibernate.bytecode.use_reflection_optimizer=false, hibernate.show_sql=true, javax.persistence.validation.mode=AUTO, java.vm.specification.version=1.8, sun.arch.data.model=64, java.home=/usr/lib/jvm/java-8-oracle/jre, sun.java.command=/home/tamas/Code/thingsplode/thingsplode-server/target/surefire/surefirebooter5813859415860693255.jar /home/tamas/Code/thingsplode/thingsplode-server/target/surefire/surefire3464791000706607825tmp /home/tamas/Code/thingsplode/thingsplode-server/target/surefire/surefire_02634881183168893393tmp, hibernate.dialect=org.hibernate.dialect.H2Dialect, java.specification.vendor=Oracle Corporation, user.language=en, awt.toolkit=sun.awt.X11.XToolkit, java.vm.info=mixed mode, java.version=1.8.0_45, java.ext.dirs=/usr/lib/jvm/java-8-oracle/jre/lib/ext:/usr/java/packages/lib/ext, sun.boot.class.path=/usr/lib/jvm/java-8-oracle/jre/lib/resources.jar:/usr/lib/jvm/java-8-oracle/jre/lib/rt.jar:/usr/lib/jvm/java-8-oracle/jre/lib/sunrsasign.jar:/usr/lib/jvm/java-8-oracle/jre/lib/jsse.jar:/usr/lib/jvm/java-8-oracle/jre/lib/jce.jar:/usr/lib/jvm/java-8-oracle/jre/lib/charsets.jar:/usr/lib/jvm/java-8-oracle/jre/lib/jfr.jar:/usr/lib/jvm/java-8-oracle/jre/classes, java.vendor=Oracle Corporation, hibernate.jdbc.batch_size=50, localRepository=/home/tamas/.m2/repository, persistence.validation.mode=NONE, file.separator=/, java.vendor.url.bug=http://bugreport.sun.com/bugreport/, hibernate.hbm2ddl.auto=update, sun.cpu.endian=little, sun.io.unicode.encoding=UnicodeLittle, sun.desktop=gnome, sun.cpu.isalist=}
5537 [main] DEBUG org.hibernate.secure.spi.JaccIntegrator  - Skipping JACC integration as it was not enabled
5538 [main] DEBUG org.hibernate.engine.spi.CascadeStyles  - External cascade style regsitration [persist : STYLE_PERSIST_SKIPLAZY] overrode base registration [STYLE_PERSIST_SKIPLAZY]
5548 [main] DEBUG org.hibernate.persister.entity.JoinedSubclassEntityPersister  - Encountered explicit discriminator mapping for joined inheritance
5552 [main] DEBUG org.hibernate.persister.entity.JoinedSubclassEntityPersister  - Encountered explicit discriminator mapping for joined inheritance
5560 [main] DEBUG org.hibernate.persister.collection.AbstractCollectionPersister  - Static SQL for collection: org.thingsplode.core.entities.Component.tresholds
5560 [main] DEBUG org.hibernate.persister.collection.AbstractCollectionPersister  -  Row insert: update TRESHOLDS set COMP_ID=? where id=?
5560 [main] DEBUG org.hibernate.persister.collection.AbstractCollectionPersister  -  Row update: update TRESHOLDS set  where id=?
5560 [main] DEBUG org.hibernate.persister.collection.AbstractCollectionPersister  -  Row delete: update TRESHOLDS set COMP_ID=null where COMP_ID=? and id=?
5560 [main] DEBUG org.hibernate.persister.collection.AbstractCollectionPersister  -  One-shot delete: update TRESHOLDS set COMP_ID=null where COMP_ID=?
5564 [main] DEBUG org.hibernate.persister.collection.AbstractCollectionPersister  - Static SQL for collection: org.thingsplode.core.entities.Component.configuration
5564 [main] DEBUG org.hibernate.persister.collection.AbstractCollectionPersister  -  Row insert: update CONFIGURATION set COMP_ID=? where id=?
5565 [main] DEBUG org.hibernate.persister.collection.AbstractCollectionPersister  -  Row update: update CONFIGURATION set  where id=?
5565 [main] DEBUG org.hibernate.persister.collection.AbstractCollectionPersister  -  Row delete: update CONFIGURATION set COMP_ID=null where COMP_ID=? and id=?
5565 [main] DEBUG org.hibernate.persister.collection.AbstractCollectionPersister  -  One-shot delete: update CONFIGURATION set COMP_ID=null where COMP_ID=?
5565 [main] DEBUG org.hibernate.persister.collection.AbstractCollectionPersister  - Static SQL for collection: org.thingsplode.core.entities.Component.components
5566 [main] DEBUG org.hibernate.persister.collection.AbstractCollectionPersister  -  Row insert: update COMPONENT set ROOT_COMP_ID=? where id=?
5566 [main] DEBUG org.hibernate.persister.collection.AbstractCollectionPersister  -  Row update: update COMPONENT set  where id=?
5566 [main] DEBUG org.hibernate.persister.collection.AbstractCollectionPersister  -  Row delete: update COMPONENT set ROOT_COMP_ID=null where ROOT_COMP_ID=? and id=?
5566 [main] DEBUG org.hibernate.persister.collection.AbstractCollectionPersister  -  One-shot delete: update COMPONENT set ROOT_COMP_ID=null where ROOT_COMP_ID=?
5567 [main] DEBUG org.hibernate.persister.collection.AbstractCollectionPersister  - Static SQL for collection: org.thingsplode.core.entities.Capability.parameters
5567 [main] DEBUG org.hibernate.persister.collection.AbstractCollectionPersister  -  Row insert: update PARAMETERS set CAP_ID=? where id=?
5567 [main] DEBUG org.hibernate.persister.collection.AbstractCollectionPersister  -  Row update: update PARAMETERS set  where id=?
5567 [main] DEBUG org.hibernate.persister.collection.AbstractCollectionPersister  -  Row delete: update PARAMETERS set CAP_ID=null where CAP_ID=? and id=?
5567 [main] DEBUG org.hibernate.persister.collection.AbstractCollectionPersister  -  One-shot delete: update PARAMETERS set CAP_ID=null where CAP_ID=?
5569 [main] DEBUG org.hibernate.persister.collection.AbstractCollectionPersister  - Static SQL for collection: org.thingsplode.core.entities.Component.capabilities
5569 [main] DEBUG org.hibernate.persister.collection.AbstractCollectionPersister  -  Row insert: update CAPABILITIES set COMP_ID=? where id=?
5569 [main] DEBUG org.hibernate.persister.collection.AbstractCollectionPersister  -  Row update: update CAPABILITIES set  where id=?
5569 [main] DEBUG org.hibernate.persister.collection.AbstractCollectionPersister  -  Row delete: update CAPABILITIES set COMP_ID=null where COMP_ID=? and id=?
5570 [main] DEBUG org.hibernate.persister.collection.AbstractCollectionPersister  -  One-shot delete: update CAPABILITIES set COMP_ID=null where COMP_ID=?
5570 [main] DEBUG org.hibernate.persister.collection.AbstractCollectionPersister  - Static SQL for collection: org.thingsplode.core.entities.Event.indications
5570 [main] DEBUG org.hibernate.persister.collection.AbstractCollectionPersister  -  Row insert: update INDICATIONS set EVT_ID=? where id=?
5570 [main] DEBUG org.hibernate.persister.collection.AbstractCollectionPersister  -  Row update: update INDICATIONS set  where id=?
5570 [main] DEBUG org.hibernate.persister.collection.AbstractCollectionPersister  -  Row delete: update INDICATIONS set EVT_ID=null where EVT_ID=? and id=?
5571 [main] DEBUG org.hibernate.persister.collection.AbstractCollectionPersister  -  One-shot delete: update INDICATIONS set EVT_ID=null where EVT_ID=?
5571 [main] DEBUG org.hibernate.loader.plan.build.internal.spaces.QuerySpacesImpl  - Adding QuerySpace : uid = <gen:0> -> org.hibernate.loader.plan.build.internal.spaces.EntityQuerySpaceImpl@77fc19cf]
5572 [main] DEBUG org.hibernate.loader.plan.build.internal.spaces.QuerySpacesImpl  - Adding QuerySpace : uid = <gen:1> -> org.hibernate.loader.plan.build.internal.spaces.EntityQuerySpaceImpl@1b31af02]
5573 [main] DEBUG org.hibernate.loader.plan.build.internal.spaces.QuerySpacesImpl  - Adding QuerySpace : uid = <gen:2> -> org.hibernate.loader.plan.build.internal.spaces.CompositeQuerySpaceImpl@3c16528d]
5573 [main] DEBUG org.hibernate.loader.plan.build.internal.spaces.QuerySpacesImpl  - Adding QuerySpace : uid = <gen:3> -> org.hibernate.loader.plan.build.internal.spaces.CompositeQuerySpaceImpl@389a5022]
5574 [main] DEBUG org.hibernate.loader.plan.build.internal.FetchStyleLoadPlanBuildingAssociationVisitationStrategy  - Building LoadPlan...
5574 [main] DEBUG org.hibernate.loader.plan.exec.internal.LoadQueryJoinAndFetchProcessor  - processing queryspace <gen:0>
5575 [main] DEBUG org.hibernate.loader.plan.build.spi.LoadPlanTreePrinter  - LoadPlan(entity=org.thingsplode.core.entities.Device)
    - Returns
       - EntityReturnImpl(entity=org.thingsplode.core.entities.Device, querySpaceUid=<gen:0>, path=org.thingsplode.core.entities.Device)
          - EntityAttributeFetchImpl(entity=org.thingsplode.core.entities.Model, querySpaceUid=<gen:1>, path=org.thingsplode.core.entities.Device.model)
          - CompositeAttributeFetchImpl(composite=org.thingsplode.core.Location, querySpaceUid=<gen:2>, path=org.thingsplode.core.entities.Device.location)
             - NestedCompositeAttributeFetchImpl(composite=org.thingsplode.core.Address, querySpaceUid=<gen:3>, path=org.thingsplode.core.entities.Device.location.address)
    - QuerySpaces
       - EntityQuerySpaceImpl(uid=<gen:0>, entity=org.thingsplode.core.entities.Device)
          - SQL table alias mapping - device0_
          - alias suffix - 0_
          - suffixed key columns - {id2_1_0_}
          - JOIN (JoinDefinedByMetadata(model)) : <gen:0> -> <gen:1>
             - EntityQuerySpaceImpl(uid=<gen:1>, entity=org.thingsplode.core.entities.Model)
                - SQL table alias mapping - model1_
                - alias suffix - 1_
                - suffixed key columns - {id1_6_1_}
          - JOIN (JoinDefinedByMetadata(location)) : <gen:0> -> <gen:2>
             - CompositeQuerySpaceImpl(uid=<gen:2>)
                - SQL table alias mapping - device0_
                - JOIN (JoinDefinedByMetadata(address)) : <gen:2> -> <gen:3>
                   - CompositeQuerySpaceImpl(uid=<gen:3>)
                      - SQL table alias mapping - device0_

5576 [main] DEBUG org.hibernate.loader.entity.plan.EntityLoader  - Static select for entity org.thingsplode.core.entities.Device [NONE]: select device0_.id as id2_1_0_, device0_1_.deviceClass as deviceCl3_1_0_, device0_1_.enabledState as enabledS4_1_0_, device0_1_.identification as identifi5_1_0_, device0_1_.model_id as model_i10_1_0_, device0_1_.partNumber as partNumb6_1_0_, device0_1_.serialNumber as serialNu7_1_0_, device0_1_.status as status8_1_0_, device0_1_.type as type9_1_0_, device0_.hostAddress as hostAddr1_3_0_, device0_.lastHeartBeat as lastHear2_3_0_, device0_.city as city3_3_0_, device0_.country as country4_3_0_, device0_.houseNumber as houseNum5_3_0_, device0_.postCode as postCode6_3_0_, device0_.state as state7_3_0_, device0_.street as street8_3_0_, device0_.description as descript9_3_0_, device0_.latitude as latitud10_3_0_, device0_.longitude as longitu11_3_0_, device0_.startupDate as startup12_3_0_, model1_.id as id1_6_1_, model1_.manufacturer as manufact2_6_1_, model1_.type as type3_6_1_, model1_.version as version4_6_1_ from DEVICES device0_ inner join COMPONENT device0_1_ on device0_.id=device0_1_.id left outer join MODELS model1_ on device0_1_.model_id=model1_.id where device0_.id=?
5577 [main] DEBUG org.hibernate.loader.plan.build.internal.spaces.QuerySpacesImpl  - Adding QuerySpace : uid = <gen:0> -> org.hibernate.loader.plan.build.internal.spaces.EntityQuerySpaceImpl@5b44318]
5577 [main] DEBUG org.hibernate.loader.plan.build.internal.spaces.QuerySpacesImpl  - Adding QuerySpace : uid = <gen:1> -> org.hibernate.loader.plan.build.internal.spaces.EntityQuerySpaceImpl@6c995c5d]
5578 [main] DEBUG org.hibernate.loader.plan.build.internal.spaces.QuerySpacesImpl  - Adding QuerySpace : uid = <gen:2> -> org.hibernate.loader.plan.build.internal.spaces.CompositeQuerySpaceImpl@730bea0]
5578 [main] DEBUG org.hibernate.loader.plan.build.internal.spaces.QuerySpacesImpl  - Adding QuerySpace : uid = <gen:3> -> org.hibernate.loader.plan.build.internal.spaces.CompositeQuerySpaceImpl@677cb96e]
5578 [main] DEBUG org.hibernate.loader.plan.build.internal.FetchStyleLoadPlanBuildingAssociationVisitationStrategy  - Building LoadPlan...
5578 [main] DEBUG org.hibernate.loader.plan.exec.internal.LoadQueryJoinAndFetchProcessor  - processing queryspace <gen:0>
5579 [main] DEBUG org.hibernate.loader.plan.build.spi.LoadPlanTreePrinter  - LoadPlan(entity=org.thingsplode.core.entities.Device)
    - Returns
       - EntityReturnImpl(entity=org.thingsplode.core.entities.Device, querySpaceUid=<gen:0>, path=org.thingsplode.core.entities.Device)
          - EntityAttributeFetchImpl(entity=org.thingsplode.core.entities.Model, querySpaceUid=<gen:1>, path=org.thingsplode.core.entities.Device.model)
          - CompositeAttributeFetchImpl(composite=org.thingsplode.core.Location, querySpaceUid=<gen:2>, path=org.thingsplode.core.entities.Device.location)
             - NestedCompositeAttributeFetchImpl(composite=org.thingsplode.core.Address, querySpaceUid=<gen:3>, path=org.thingsplode.core.entities.Device.location.address)
    - QuerySpaces
       - EntityQuerySpaceImpl(uid=<gen:0>, entity=org.thingsplode.core.entities.Device)
          - SQL table alias mapping - device0_
          - alias suffix - 0_
          - suffixed key columns - {id2_1_0_}
          - JOIN (JoinDefinedByMetadata(model)) : <gen:0> -> <gen:1>
             - EntityQuerySpaceImpl(uid=<gen:1>, entity=org.thingsplode.core.entities.Model)
                - SQL table alias mapping - model1_
                - alias suffix - 1_
                - suffixed key columns - {id1_6_1_}
          - JOIN (JoinDefinedByMetadata(location)) : <gen:0> -> <gen:2>
             - CompositeQuerySpaceImpl(uid=<gen:2>)
                - SQL table alias mapping - device0_
                - JOIN (JoinDefinedByMetadata(address)) : <gen:2> -> <gen:3>
                   - CompositeQuerySpaceImpl(uid=<gen:3>)
                      - SQL table alias mapping - device0_

5580 [main] DEBUG org.hibernate.loader.entity.plan.EntityLoader  - Static select for entity org.thingsplode.core.entities.Device [READ]: select device0_.id as id2_1_0_, device0_1_.deviceClass as deviceCl3_1_0_, device0_1_.enabledState as enabledS4_1_0_, device0_1_.identification as identifi5_1_0_, device0_1_.model_id as model_i10_1_0_, device0_1_.partNumber as partNumb6_1_0_, device0_1_.serialNumber as serialNu7_1_0_, device0_1_.status as status8_1_0_, device0_1_.type as type9_1_0_, device0_.hostAddress as hostAddr1_3_0_, device0_.lastHeartBeat as lastHear2_3_0_, device0_.city as city3_3_0_, device0_.country as country4_3_0_, device0_.houseNumber as houseNum5_3_0_, device0_.postCode as postCode6_3_0_, device0_.state as state7_3_0_, device0_.street as street8_3_0_, device0_.description as descript9_3_0_, device0_.latitude as latitud10_3_0_, device0_.longitude as longitu11_3_0_, device0_.startupDate as startup12_3_0_, model1_.id as id1_6_1_, model1_.manufacturer as manufact2_6_1_, model1_.type as type3_6_1_, model1_.version as version4_6_1_ from DEVICES device0_ inner join COMPONENT device0_1_ on device0_.id=device0_1_.id left outer join MODELS model1_ on device0_1_.model_id=model1_.id where device0_.id=?
5581 [main] DEBUG org.hibernate.loader.plan.build.internal.spaces.QuerySpacesImpl  - Adding QuerySpace : uid = <gen:0> -> org.hibernate.loader.plan.build.internal.spaces.EntityQuerySpaceImpl@19d53ab4]
5581 [main] DEBUG org.hibernate.loader.plan.build.internal.spaces.QuerySpacesImpl  - Adding QuerySpace : uid = <gen:1> -> org.hibernate.loader.plan.build.internal.spaces.EntityQuerySpaceImpl@51fe7f15]
5581 [main] DEBUG org.hibernate.loader.plan.build.internal.spaces.QuerySpacesImpl  - Adding QuerySpace : uid = <gen:2> -> org.hibernate.loader.plan.build.internal.spaces.CompositeQuerySpaceImpl@5873f3f0]
5581 [main] DEBUG org.hibernate.loader.plan.build.internal.spaces.QuerySpacesImpl  - Adding QuerySpace : uid = <gen:3> -> org.hibernate.loader.plan.build.internal.spaces.CompositeQuerySpaceImpl@63dda940]
5582 [main] DEBUG org.hibernate.loader.plan.build.internal.FetchStyleLoadPlanBuildingAssociationVisitationStrategy  - Building LoadPlan...
5582 [main] DEBUG org.hibernate.loader.plan.exec.internal.LoadQueryJoinAndFetchProcessor  - processing queryspace <gen:0>
5582 [main] DEBUG org.hibernate.loader.plan.build.spi.LoadPlanTreePrinter  - LoadPlan(entity=org.thingsplode.core.entities.Device)
    - Returns
       - EntityReturnImpl(entity=org.thingsplode.core.entities.Device, querySpaceUid=<gen:0>, path=org.thingsplode.core.entities.Device)
          - EntityAttributeFetchImpl(entity=org.thingsplode.core.entities.Model, querySpaceUid=<gen:1>, path=org.thingsplode.core.entities.Device.model)
          - CompositeAttributeFetchImpl(composite=org.thingsplode.core.Location, querySpaceUid=<gen:2>, path=org.thingsplode.core.entities.Device.location)
             - NestedCompositeAttributeFetchImpl(composite=org.thingsplode.core.Address, querySpaceUid=<gen:3>, path=org.thingsplode.core.entities.Device.location.address)
    - QuerySpaces
       - EntityQuerySpaceImpl(uid=<gen:0>, entity=org.thingsplode.core.entities.Device)
          - SQL table alias mapping - device0_
          - alias suffix - 0_
          - suffixed key columns - {id2_1_0_}
          - JOIN (JoinDefinedByMetadata(location)) : <gen:0> -> <gen:2>
             - CompositeQuerySpaceImpl(uid=<gen:2>)
                - SQL table alias mapping - device0_
                - JOIN (JoinDefinedByMetadata(address)) : <gen:2> -> <gen:3>
                   - CompositeQuerySpaceImpl(uid=<gen:3>)
                      - SQL table alias mapping - device0_

5583 [main] DEBUG org.hibernate.loader.entity.plan.EntityLoader  - Static select for entity org.thingsplode.core.entities.Device [UPGRADE]: select device0_.id as id2_1_0_, device0_1_.deviceClass as deviceCl3_1_0_, device0_1_.enabledState as enabledS4_1_0_, device0_1_.identification as identifi5_1_0_, device0_1_.model_id as model_i10_1_0_, device0_1_.partNumber as partNumb6_1_0_, device0_1_.serialNumber as serialNu7_1_0_, device0_1_.status as status8_1_0_, device0_1_.type as type9_1_0_, device0_.hostAddress as hostAddr1_3_0_, device0_.lastHeartBeat as lastHear2_3_0_, device0_.city as city3_3_0_, device0_.country as country4_3_0_, device0_.houseNumber as houseNum5_3_0_, device0_.postCode as postCode6_3_0_, device0_.state as state7_3_0_, device0_.street as street8_3_0_, device0_.description as descript9_3_0_, device0_.latitude as latitud10_3_0_, device0_.longitude as longitu11_3_0_, device0_.startupDate as startup12_3_0_ from DEVICES device0_ inner join COMPONENT device0_1_ on device0_.id=device0_1_.id where device0_.id=? for update
5584 [main] DEBUG org.hibernate.loader.plan.build.internal.spaces.QuerySpacesImpl  - Adding QuerySpace : uid = <gen:0> -> org.hibernate.loader.plan.build.internal.spaces.EntityQuerySpaceImpl@652e345]
5584 [main] DEBUG org.hibernate.loader.plan.build.internal.spaces.QuerySpacesImpl  - Adding QuerySpace : uid = <gen:1> -> org.hibernate.loader.plan.build.internal.spaces.EntityQuerySpaceImpl@7bede4ea]
5584 [main] DEBUG org.hibernate.loader.plan.build.internal.spaces.QuerySpacesImpl  - Adding QuerySpace : uid = <gen:2> -> org.hibernate.loader.plan.build.internal.spaces.CompositeQuerySpaceImpl@713999c2]
5585 [main] DEBUG org.hibernate.loader.plan.build.internal.spaces.QuerySpacesImpl  - Adding QuerySpace : uid = <gen:3> -> org.hibernate.loader.plan.build.internal.spaces.CompositeQuerySpaceImpl@33627576]
5585 [main] DEBUG org.hibernate.loader.plan.build.internal.FetchStyleLoadPlanBuildingAssociationVisitationStrategy  - Building LoadPlan...
5585 [main] DEBUG org.hibernate.loader.plan.exec.internal.LoadQueryJoinAndFetchProcessor  - processing queryspace <gen:0>
5585 [main] DEBUG org.hibernate.loader.plan.build.spi.LoadPlanTreePrinter  - LoadPlan(entity=org.thingsplode.core.entities.Device)
    - Returns
       - EntityReturnImpl(entity=org.thingsplode.core.entities.Device, querySpaceUid=<gen:0>, path=org.thingsplode.core.entities.Device)
          - EntityAttributeFetchImpl(entity=org.thingsplode.core.entities.Model, querySpaceUid=<gen:1>, path=org.thingsplode.core.entities.Device.model)
          - CompositeAttributeFetchImpl(composite=org.thingsplode.core.Location, querySpaceUid=<gen:2>, path=org.thingsplode.core.entities.Device.location)
             - NestedCompositeAttributeFetchImpl(composite=org.thingsplode.core.Address, querySpaceUid=<gen:3>, path=org.thingsplode.core.entities.Device.location.address)
    - QuerySpaces
       - EntityQuerySpaceImpl(uid=<gen:0>, entity=org.thingsplode.core.entities.Device)
          - SQL table alias mapping - device0_
          - alias suffix - 0_
          - suffixed key columns - {id2_1_0_}
          - JOIN (JoinDefinedByMetadata(location)) : <gen:0> -> <gen:2>
             - CompositeQuerySpaceImpl(uid=<gen:2>)
                - SQL table alias mapping - device0_
                - JOIN (JoinDefinedByMetadata(address)) : <gen:2> -> <gen:3>
                   - CompositeQuerySpaceImpl(uid=<gen:3>)
                      - SQL table alias mapping - device0_

5586 [main] DEBUG org.hibernate.loader.entity.plan.EntityLoader  - Static select for entity org.thingsplode.core.entities.Device [UPGRADE_NOWAIT]: select device0_.id as id2_1_0_, device0_1_.deviceClass as deviceCl3_1_0_, device0_1_.enabledState as enabledS4_1_0_, device0_1_.identification as identifi5_1_0_, device0_1_.model_id as model_i10_1_0_, device0_1_.partNumber as partNumb6_1_0_, device0_1_.serialNumber as serialNu7_1_0_, device0_1_.status as status8_1_0_, device0_1_.type as type9_1_0_, device0_.hostAddress as hostAddr1_3_0_, device0_.lastHeartBeat as lastHear2_3_0_, device0_.city as city3_3_0_, device0_.country as country4_3_0_, device0_.houseNumber as houseNum5_3_0_, device0_.postCode as postCode6_3_0_, device0_.state as state7_3_0_, device0_.street as street8_3_0_, device0_.description as descript9_3_0_, device0_.latitude as latitud10_3_0_, device0_.longitude as longitu11_3_0_, device0_.startupDate as startup12_3_0_ from DEVICES device0_ inner join COMPONENT device0_1_ on device0_.id=device0_1_.id where device0_.id=? for update
5587 [main] DEBUG org.hibernate.loader.plan.build.internal.spaces.QuerySpacesImpl  - Adding QuerySpace : uid = <gen:0> -> org.hibernate.loader.plan.build.internal.spaces.EntityQuerySpaceImpl@1af677f8]
5587 [main] DEBUG org.hibernate.loader.plan.build.internal.spaces.QuerySpacesImpl  - Adding QuerySpace : uid = <gen:1> -> org.hibernate.loader.plan.build.internal.spaces.EntityQuerySpaceImpl@5a3cf878]
5587 [main] DEBUG org.hibernate.loader.plan.build.internal.spaces.QuerySpacesImpl  - Adding QuerySpace : uid = <gen:2> -> org.hibernate.loader.plan.build.internal.spaces.CompositeQuerySpaceImpl@1d2d8846]
5588 [main] DEBUG org.hibernate.loader.plan.build.internal.spaces.QuerySpacesImpl  - Adding QuerySpace : uid = <gen:3> -> org.hibernate.loader.plan.build.internal.spaces.CompositeQuerySpaceImpl@61911947]
5588 [main] DEBUG org.hibernate.loader.plan.build.internal.FetchStyleLoadPlanBuildingAssociationVisitationStrategy  - Building LoadPlan...
5588 [main] DEBUG org.hibernate.loader.plan.exec.internal.LoadQueryJoinAndFetchProcessor  - processing queryspace <gen:0>
5589 [main] DEBUG org.hibernate.loader.plan.build.spi.LoadPlanTreePrinter  - LoadPlan(entity=org.thingsplode.core.entities.Device)
    - Returns
       - EntityReturnImpl(entity=org.thingsplode.core.entities.Device, querySpaceUid=<gen:0>, path=org.thingsplode.core.entities.Device)
          - EntityAttributeFetchImpl(entity=org.thingsplode.core.entities.Model, querySpaceUid=<gen:1>, path=org.thingsplode.core.entities.Device.model)
          - CompositeAttributeFetchImpl(composite=org.thingsplode.core.Location, querySpaceUid=<gen:2>, path=org.thingsplode.core.entities.Device.location)
             - NestedCompositeAttributeFetchImpl(composite=org.thingsplode.core.Address, querySpaceUid=<gen:3>, path=org.thingsplode.core.entities.Device.location.address)
    - QuerySpaces
       - EntityQuerySpaceImpl(uid=<gen:0>, entity=org.thingsplode.core.entities.Device)
          - SQL table alias mapping - device0_
          - alias suffix - 0_
          - suffixed key columns - {id2_1_0_}
          - JOIN (JoinDefinedByMetadata(location)) : <gen:0> -> <gen:2>
             - CompositeQuerySpaceImpl(uid=<gen:2>)
                - SQL table alias mapping - device0_
                - JOIN (JoinDefinedByMetadata(address)) : <gen:2> -> <gen:3>
                   - CompositeQuerySpaceImpl(uid=<gen:3>)
                      - SQL table alias mapping - device0_

5589 [main] DEBUG org.hibernate.loader.entity.plan.EntityLoader  - Static select for entity org.thingsplode.core.entities.Device [UPGRADE_SKIPLOCKED]: select device0_.id as id2_1_0_, device0_1_.deviceClass as deviceCl3_1_0_, device0_1_.enabledState as enabledS4_1_0_, device0_1_.identification as identifi5_1_0_, device0_1_.model_id as model_i10_1_0_, device0_1_.partNumber as partNumb6_1_0_, device0_1_.serialNumber as serialNu7_1_0_, device0_1_.status as status8_1_0_, device0_1_.type as type9_1_0_, device0_.hostAddress as hostAddr1_3_0_, device0_.lastHeartBeat as lastHear2_3_0_, device0_.city as city3_3_0_, device0_.country as country4_3_0_, device0_.houseNumber as houseNum5_3_0_, device0_.postCode as postCode6_3_0_, device0_.state as state7_3_0_, device0_.street as street8_3_0_, device0_.description as descript9_3_0_, device0_.latitude as latitud10_3_0_, device0_.longitude as longitu11_3_0_, device0_.startupDate as startup12_3_0_ from DEVICES device0_ inner join COMPONENT device0_1_ on device0_.id=device0_1_.id where device0_.id=? for update
5590 [main] DEBUG org.hibernate.loader.plan.build.internal.spaces.QuerySpacesImpl  - Adding QuerySpace : uid = <gen:0> -> org.hibernate.loader.plan.build.internal.spaces.EntityQuerySpaceImpl@2dcd0e41]
5590 [main] DEBUG org.hibernate.loader.plan.build.internal.spaces.QuerySpacesImpl  - Adding QuerySpace : uid = <gen:1> -> org.hibernate.loader.plan.build.internal.spaces.EntityQuerySpaceImpl@1b409a79]
5591 [main] DEBUG org.hibernate.loader.plan.build.internal.spaces.QuerySpacesImpl  - Adding QuerySpace : uid = <gen:2> -> org.hibernate.loader.plan.build.internal.spaces.CompositeQuerySpaceImpl@5940b14e]
5591 [main] DEBUG org.hibernate.loader.plan.build.internal.spaces.QuerySpacesImpl  - Adding QuerySpace : uid = <gen:3> -> org.hibernate.loader.plan.build.internal.spaces.CompositeQuerySpaceImpl@795f6681]
5591 [main] DEBUG org.hibernate.loader.plan.build.internal.FetchStyleLoadPlanBuildingAssociationVisitationStrategy  - Building LoadPlan...
5591 [main] DEBUG org.hibernate.loader.plan.exec.internal.LoadQueryJoinAndFetchProcessor  - processing queryspace <gen:0>
5592 [main] DEBUG org.hibernate.loader.plan.build.spi.LoadPlanTreePrinter  - LoadPlan(entity=org.thingsplode.core.entities.Device)
    - Returns
       - EntityReturnImpl(entity=org.thingsplode.core.entities.Device, querySpaceUid=<gen:0>, path=org.thingsplode.core.entities.Device)
          - EntityAttributeFetchImpl(entity=org.thingsplode.core.entities.Model, querySpaceUid=<gen:1>, path=org.thingsplode.core.entities.Device.model)
          - CompositeAttributeFetchImpl(composite=org.thingsplode.core.Location, querySpaceUid=<gen:2>, path=org.thingsplode.core.entities.Device.location)
             - NestedCompositeAttributeFetchImpl(composite=org.thingsplode.core.Address, querySpaceUid=<gen:3>, path=org.thingsplode.core.entities.Device.location.address)
    - QuerySpaces
       - EntityQuerySpaceImpl(uid=<gen:0>, entity=org.thingsplode.core.entities.Device)
          - SQL table alias mapping - device0_
          - alias suffix - 0_
          - suffixed key columns - {id2_1_0_}
          - JOIN (JoinDefinedByMetadata(location)) : <gen:0> -> <gen:2>
             - CompositeQuerySpaceImpl(uid=<gen:2>)
                - SQL table alias mapping - device0_
                - JOIN (JoinDefinedByMetadata(address)) : <gen:2> -> <gen:3>
                   - CompositeQuerySpaceImpl(uid=<gen:3>)
                      - SQL table alias mapping - device0_

5593 [main] DEBUG org.hibernate.loader.entity.plan.EntityLoader  - Static select for entity org.thingsplode.core.entities.Device [FORCE]: select device0_.id as id2_1_0_, device0_1_.deviceClass as deviceCl3_1_0_, device0_1_.enabledState as enabledS4_1_0_, device0_1_.identification as identifi5_1_0_, device0_1_.model_id as model_i10_1_0_, device0_1_.partNumber as partNumb6_1_0_, device0_1_.serialNumber as serialNu7_1_0_, device0_1_.status as status8_1_0_, device0_1_.type as type9_1_0_, device0_.hostAddress as hostAddr1_3_0_, device0_.lastHeartBeat as lastHear2_3_0_, device0_.city as city3_3_0_, device0_.country as country4_3_0_, device0_.houseNumber as houseNum5_3_0_, device0_.postCode as postCode6_3_0_, device0_.state as state7_3_0_, device0_.street as street8_3_0_, device0_.description as descript9_3_0_, device0_.latitude as latitud10_3_0_, device0_.longitude as longitu11_3_0_, device0_.startupDate as startup12_3_0_ from DEVICES device0_ inner join COMPONENT device0_1_ on device0_.id=device0_1_.id where device0_.id=? for update
5593 [main] DEBUG org.hibernate.loader.plan.build.internal.spaces.QuerySpacesImpl  - Adding QuerySpace : uid = <gen:0> -> org.hibernate.loader.plan.build.internal.spaces.EntityQuerySpaceImpl@3a45afd4]
5593 [main] DEBUG org.hibernate.loader.plan.build.internal.spaces.QuerySpacesImpl  - Adding QuerySpace : uid = <gen:1> -> org.hibernate.loader.plan.build.internal.spaces.EntityQuerySpaceImpl@74431b9c]
5594 [main] DEBUG org.hibernate.loader.plan.build.internal.spaces.QuerySpacesImpl  - Adding QuerySpace : uid = <gen:2> -> org.hibernate.loader.plan.build.internal.spaces.CompositeQuerySpaceImpl@f2fb225]
5594 [main] DEBUG org.hibernate.loader.plan.build.internal.spaces.QuerySpacesImpl  - Adding QuerySpace : uid = <gen:3> -> org.hibernate.loader.plan.build.internal.spaces.CompositeQuerySpaceImpl@3e0a9b1d]
5594 [main] DEBUG org.hibernate.loader.plan.build.internal.FetchStyleLoadPlanBuildingAssociationVisitationStrategy  - Building LoadPlan...
5594 [main] DEBUG org.hibernate.loader.plan.exec.internal.LoadQueryJoinAndFetchProcessor  - processing queryspace <gen:0>
5595 [main] DEBUG org.hibernate.loader.plan.build.spi.LoadPlanTreePrinter  - LoadPlan(entity=org.thingsplode.core.entities.Device)
    - Returns
       - EntityReturnImpl(entity=org.thingsplode.core.entities.Device, querySpaceUid=<gen:0>, path=org.thingsplode.core.entities.Device)
          - EntityAttributeFetchImpl(entity=org.thingsplode.core.entities.Model, querySpaceUid=<gen:1>, path=org.thingsplode.core.entities.Device.model)
          - CompositeAttributeFetchImpl(composite=org.thingsplode.core.Location, querySpaceUid=<gen:2>, path=org.thingsplode.core.entities.Device.location)
             - NestedCompositeAttributeFetchImpl(composite=org.thingsplode.core.Address, querySpaceUid=<gen:3>, path=org.thingsplode.core.entities.Device.location.address)
    - QuerySpaces
       - EntityQuerySpaceImpl(uid=<gen:0>, entity=org.thingsplode.core.entities.Device)
          - SQL table alias mapping - device0_
          - alias suffix - 0_
          - suffixed key columns - {id2_1_0_}
          - JOIN (JoinDefinedByMetadata(location)) : <gen:0> -> <gen:2>
             - CompositeQuerySpaceImpl(uid=<gen:2>)
                - SQL table alias mapping - device0_
                - JOIN (JoinDefinedByMetadata(address)) : <gen:2> -> <gen:3>
                   - CompositeQuerySpaceImpl(uid=<gen:3>)
                      - SQL table alias mapping - device0_

5595 [main] DEBUG org.hibernate.loader.entity.plan.EntityLoader  - Static select for entity org.thingsplode.core.entities.Device [PESSIMISTIC_READ]: select device0_.id as id2_1_0_, device0_1_.deviceClass as deviceCl3_1_0_, device0_1_.enabledState as enabledS4_1_0_, device0_1_.identification as identifi5_1_0_, device0_1_.model_id as model_i10_1_0_, device0_1_.partNumber as partNumb6_1_0_, device0_1_.serialNumber as serialNu7_1_0_, device0_1_.status as status8_1_0_, device0_1_.type as type9_1_0_, device0_.hostAddress as hostAddr1_3_0_, device0_.lastHeartBeat as lastHear2_3_0_, device0_.city as city3_3_0_, device0_.country as country4_3_0_, device0_.houseNumber as houseNum5_3_0_, device0_.postCode as postCode6_3_0_, device0_.state as state7_3_0_, device0_.street as street8_3_0_, device0_.description as descript9_3_0_, device0_.latitude as latitud10_3_0_, device0_.longitude as longitu11_3_0_, device0_.startupDate as startup12_3_0_ from DEVICES device0_ inner join COMPONENT device0_1_ on device0_.id=device0_1_.id where device0_.id=? for update
5596 [main] DEBUG org.hibernate.loader.plan.build.internal.spaces.QuerySpacesImpl  - Adding QuerySpace : uid = <gen:0> -> org.hibernate.loader.plan.build.internal.spaces.EntityQuerySpaceImpl@2035d65b]
5596 [main] DEBUG org.hibernate.loader.plan.build.internal.spaces.QuerySpacesImpl  - Adding QuerySpace : uid = <gen:1> -> org.hibernate.loader.plan.build.internal.spaces.EntityQuerySpaceImpl@4e3283f6]
5597 [main] DEBUG org.hibernate.loader.plan.build.internal.spaces.QuerySpacesImpl  - Adding QuerySpace : uid = <gen:2> -> org.hibernate.loader.plan.build.internal.spaces.CompositeQuerySpaceImpl@539316bb]
5597 [main] DEBUG org.hibernate.loader.plan.build.internal.spaces.QuerySpacesImpl  - Adding QuerySpace : uid = <gen:3> -> org.hibernate.loader.plan.build.internal.spaces.CompositeQuerySpaceImpl@28554ac8]
5597 [main] DEBUG org.hibernate.loader.plan.build.internal.FetchStyleLoadPlanBuildingAssociationVisitationStrategy  - Building LoadPlan...
5597 [main] DEBUG org.hibernate.loader.plan.exec.internal.LoadQueryJoinAndFetchProcessor  - processing queryspace <gen:0>
5598 [main] DEBUG org.hibernate.loader.plan.build.spi.LoadPlanTreePrinter  - LoadPlan(entity=org.thingsplode.core.entities.Device)
    - Returns
       - EntityReturnImpl(entity=org.thingsplode.core.entities.Device, querySpaceUid=<gen:0>, path=org.thingsplode.core.entities.Device)
          - EntityAttributeFetchImpl(entity=org.thingsplode.core.entities.Model, querySpaceUid=<gen:1>, path=org.thingsplode.core.entities.Device.model)
          - CompositeAttributeFetchImpl(composite=org.thingsplode.core.Location, querySpaceUid=<gen:2>, path=org.thingsplode.core.entities.Device.location)
             - NestedCompositeAttributeFetchImpl(composite=org.thingsplode.core.Address, querySpaceUid=<gen:3>, path=org.thingsplode.core.entities.Device.location.address)
    - QuerySpaces
       - EntityQuerySpaceImpl(uid=<gen:0>, entity=org.thingsplode.core.entities.Device)
          - SQL table alias mapping - device0_
          - alias suffix - 0_
          - suffixed key columns - {id2_1_0_}
          - JOIN (JoinDefinedByMetadata(location)) : <gen:0> -> <gen:2>
             - CompositeQuerySpaceImpl(uid=<gen:2>)
                - SQL table alias mapping - device0_
                - JOIN (JoinDefinedByMetadata(address)) : <gen:2> -> <gen:3>
                   - CompositeQuerySpaceImpl(uid=<gen:3>)
                      - SQL table alias mapping - device0_

5599 [main] DEBUG org.hibernate.loader.entity.plan.EntityLoader  - Static select for entity org.thingsplode.core.entities.Device [PESSIMISTIC_WRITE]: select device0_.id as id2_1_0_, device0_1_.deviceClass as deviceCl3_1_0_, device0_1_.enabledState as enabledS4_1_0_, device0_1_.identification as identifi5_1_0_, device0_1_.model_id as model_i10_1_0_, device0_1_.partNumber as partNumb6_1_0_, device0_1_.serialNumber as serialNu7_1_0_, device0_1_.status as status8_1_0_, device0_1_.type as type9_1_0_, device0_.hostAddress as hostAddr1_3_0_, device0_.lastHeartBeat as lastHear2_3_0_, device0_.city as city3_3_0_, device0_.country as country4_3_0_, device0_.houseNumber as houseNum5_3_0_, device0_.postCode as postCode6_3_0_, device0_.state as state7_3_0_, device0_.street as street8_3_0_, device0_.description as descript9_3_0_, device0_.latitude as latitud10_3_0_, device0_.longitude as longitu11_3_0_, device0_.startupDate as startup12_3_0_ from DEVICES device0_ inner join COMPONENT device0_1_ on device0_.id=device0_1_.id where device0_.id=? for update
5599 [main] DEBUG org.hibernate.loader.plan.build.internal.spaces.QuerySpacesImpl  - Adding QuerySpace : uid = <gen:0> -> org.hibernate.loader.plan.build.internal.spaces.EntityQuerySpaceImpl@394fb736]
5600 [main] DEBUG org.hibernate.loader.plan.build.internal.spaces.QuerySpacesImpl  - Adding QuerySpace : uid = <gen:1> -> org.hibernate.loader.plan.build.internal.spaces.EntityQuerySpaceImpl@3271ec2a]
5600 [main] DEBUG org.hibernate.loader.plan.build.internal.spaces.QuerySpacesImpl  - Adding QuerySpace : uid = <gen:2> -> org.hibernate.loader.plan.build.internal.spaces.CompositeQuerySpaceImpl@52bba91a]
5600 [main] DEBUG org.hibernate.loader.plan.build.internal.spaces.QuerySpacesImpl  - Adding QuerySpace : uid = <gen:3> -> org.hibernate.loader.plan.build.internal.spaces.CompositeQuerySpaceImpl@21516c88]
5601 [main] DEBUG org.hibernate.loader.plan.build.internal.FetchStyleLoadPlanBuildingAssociationVisitationStrategy  - Building LoadPlan...
5601 [main] DEBUG org.hibernate.loader.plan.exec.internal.LoadQueryJoinAndFetchProcessor  - processing queryspace <gen:0>
5601 [main] DEBUG org.hibernate.loader.plan.build.spi.LoadPlanTreePrinter  - LoadPlan(entity=org.thingsplode.core.entities.Device)
    - Returns
       - EntityReturnImpl(entity=org.thingsplode.core.entities.Device, querySpaceUid=<gen:0>, path=org.thingsplode.core.entities.Device)
          - EntityAttributeFetchImpl(entity=org.thingsplode.core.entities.Model, querySpaceUid=<gen:1>, path=org.thingsplode.core.entities.Device.model)
          - CompositeAttributeFetchImpl(composite=org.thingsplode.core.Location, querySpaceUid=<gen:2>, path=org.thingsplode.core.entities.Device.location)
             - NestedCompositeAttributeFetchImpl(composite=org.thingsplode.core.Address, querySpaceUid=<gen:3>, path=org.thingsplode.core.entities.Device.location.address)
    - QuerySpaces
       - EntityQuerySpaceImpl(uid=<gen:0>, entity=org.thingsplode.core.entities.Device)
          - SQL table alias mapping - device0_
          - alias suffix - 0_
          - suffixed key columns - {id2_1_0_}
          - JOIN (JoinDefinedByMetadata(location)) : <gen:0> -> <gen:2>
             - CompositeQuerySpaceImpl(uid=<gen:2>)
                - SQL table alias mapping - device0_
                - JOIN (JoinDefinedByMetadata(address)) : <gen:2> -> <gen:3>
                   - CompositeQuerySpaceImpl(uid=<gen:3>)
                      - SQL table alias mapping - device0_

5602 [main] DEBUG org.hibernate.loader.entity.plan.EntityLoader  - Static select for entity org.thingsplode.core.entities.Device [PESSIMISTIC_FORCE_INCREMENT]: select device0_.id as id2_1_0_, device0_1_.deviceClass as deviceCl3_1_0_, device0_1_.enabledState as enabledS4_1_0_, device0_1_.identification as identifi5_1_0_, device0_1_.model_id as model_i10_1_0_, device0_1_.partNumber as partNumb6_1_0_, device0_1_.serialNumber as serialNu7_1_0_, device0_1_.status as status8_1_0_, device0_1_.type as type9_1_0_, device0_.hostAddress as hostAddr1_3_0_, device0_.lastHeartBeat as lastHear2_3_0_, device0_.city as city3_3_0_, device0_.country as country4_3_0_, device0_.houseNumber as houseNum5_3_0_, device0_.postCode as postCode6_3_0_, device0_.state as state7_3_0_, device0_.street as street8_3_0_, device0_.description as descript9_3_0_, device0_.latitude as latitud10_3_0_, device0_.longitude as longitu11_3_0_, device0_.startupDate as startup12_3_0_ from DEVICES device0_ inner join COMPONENT device0_1_ on device0_.id=device0_1_.id where device0_.id=? for update
5603 [main] DEBUG org.hibernate.loader.plan.build.internal.spaces.QuerySpacesImpl  - Adding QuerySpace : uid = <gen:0> -> org.hibernate.loader.plan.build.internal.spaces.EntityQuerySpaceImpl@13004dd8]
5603 [main] DEBUG org.hibernate.loader.plan.build.internal.spaces.QuerySpacesImpl  - Adding QuerySpace : uid = <gen:1> -> org.hibernate.loader.plan.build.internal.spaces.EntityQuerySpaceImpl@65d9e72a]
5604 [main] DEBUG org.hibernate.loader.plan.build.internal.spaces.QuerySpacesImpl  - Adding QuerySpace : uid = <gen:2> -> org.hibernate.loader.plan.build.internal.spaces.CompositeQuerySpaceImpl@1f7e52d1]
5604 [main] DEBUG org.hibernate.loader.plan.build.internal.spaces.QuerySpacesImpl  - Adding QuerySpace : uid = <gen:3> -> org.hibernate.loader.plan.build.internal.spaces.CompositeQuerySpaceImpl@7604198a]
5604 [main] DEBUG org.hibernate.loader.plan.build.internal.FetchStyleLoadPlanBuildingAssociationVisitationStrategy  - Building LoadPlan...
5605 [main] DEBUG org.hibernate.loader.plan.exec.internal.LoadQueryJoinAndFetchProcessor  - processing queryspace <gen:0>
5605 [main] DEBUG org.hibernate.loader.plan.build.spi.LoadPlanTreePrinter  - LoadPlan(entity=org.thingsplode.core.entities.Device)
    - Returns
       - EntityReturnImpl(entity=org.thingsplode.core.entities.Device, querySpaceUid=<gen:0>, path=org.thingsplode.core.entities.Device)
          - EntityAttributeFetchImpl(entity=org.thingsplode.core.entities.Model, querySpaceUid=<gen:1>, path=org.thingsplode.core.entities.Device.model)
          - CompositeAttributeFetchImpl(composite=org.thingsplode.core.Location, querySpaceUid=<gen:2>, path=org.thingsplode.core.entities.Device.location)
             - NestedCompositeAttributeFetchImpl(composite=org.thingsplode.core.Address, querySpaceUid=<gen:3>, path=org.thingsplode.core.entities.Device.location.address)
    - QuerySpaces
       - EntityQuerySpaceImpl(uid=<gen:0>, entity=org.thingsplode.core.entities.Device)
          - SQL table alias mapping - device0_
          - alias suffix - 0_
          - suffixed key columns - {id2_1_0_}
          - JOIN (JoinDefinedByMetadata(location)) : <gen:0> -> <gen:2>
             - CompositeQuerySpaceImpl(uid=<gen:2>)
                - SQL table alias mapping - device0_
                - JOIN (JoinDefinedByMetadata(address)) : <gen:2> -> <gen:3>
                   - CompositeQuerySpaceImpl(uid=<gen:3>)
                      - SQL table alias mapping - device0_

5606 [main] DEBUG org.hibernate.loader.entity.plan.EntityLoader  - Static select for entity org.thingsplode.core.entities.Device [OPTIMISTIC]: select device0_.id as id2_1_0_, device0_1_.deviceClass as deviceCl3_1_0_, device0_1_.enabledState as enabledS4_1_0_, device0_1_.identification as identifi5_1_0_, device0_1_.model_id as model_i10_1_0_, device0_1_.partNumber as partNumb6_1_0_, device0_1_.serialNumber as serialNu7_1_0_, device0_1_.status as status8_1_0_, device0_1_.type as type9_1_0_, device0_.hostAddress as hostAddr1_3_0_, device0_.lastHeartBeat as lastHear2_3_0_, device0_.city as city3_3_0_, device0_.country as country4_3_0_, device0_.houseNumber as houseNum5_3_0_, device0_.postCode as postCode6_3_0_, device0_.state as state7_3_0_, device0_.street as street8_3_0_, device0_.description as descript9_3_0_, device0_.latitude as latitud10_3_0_, device0_.longitude as longitu11_3_0_, device0_.startupDate as startup12_3_0_ from DEVICES device0_ inner join COMPONENT device0_1_ on device0_.id=device0_1_.id where device0_.id=?
5607 [main] DEBUG org.hibernate.loader.plan.build.internal.spaces.QuerySpacesImpl  - Adding QuerySpace : uid = <gen:0> -> org.hibernate.loader.plan.build.internal.spaces.EntityQuerySpaceImpl@314b7945]
5607 [main] DEBUG org.hibernate.loader.plan.build.internal.spaces.QuerySpacesImpl  - Adding QuerySpace : uid = <gen:1> -> org.hibernate.loader.plan.build.internal.spaces.EntityQuerySpaceImpl@64440065]
5607 [main] DEBUG org.hibernate.loader.plan.build.internal.spaces.QuerySpacesImpl  - Adding QuerySpace : uid = <gen:2> -> org.hibernate.loader.plan.build.internal.spaces.CompositeQuerySpaceImpl@4aa22cc2]
5608 [main] DEBUG org.hibernate.loader.plan.build.internal.spaces.QuerySpacesImpl  - Adding QuerySpace : uid = <gen:3> -> org.hibernate.loader.plan.build.internal.spaces.CompositeQuerySpaceImpl@464aeb09]
5608 [main] DEBUG org.hibernate.loader.plan.build.internal.FetchStyleLoadPlanBuildingAssociationVisitationStrategy  - Building LoadPlan...
5608 [main] DEBUG org.hibernate.loader.plan.exec.internal.LoadQueryJoinAndFetchProcessor  - processing queryspace <gen:0>
5609 [main] DEBUG org.hibernate.loader.plan.build.spi.LoadPlanTreePrinter  - LoadPlan(entity=org.thingsplode.core.entities.Device)
    - Returns
       - EntityReturnImpl(entity=org.thingsplode.core.entities.Device, querySpaceUid=<gen:0>, path=org.thingsplode.core.entities.Device)
          - EntityAttributeFetchImpl(entity=org.thingsplode.core.entities.Model, querySpaceUid=<gen:1>, path=org.thingsplode.core.entities.Device.model)
          - CompositeAttributeFetchImpl(composite=org.thingsplode.core.Location, querySpaceUid=<gen:2>, path=org.thingsplode.core.entities.Device.location)
             - NestedCompositeAttributeFetchImpl(composite=org.thingsplode.core.Address, querySpaceUid=<gen:3>, path=org.thingsplode.core.entities.Device.location.address)
    - QuerySpaces
       - EntityQuerySpaceImpl(uid=<gen:0>, entity=org.thingsplode.core.entities.Device)
          - SQL table alias mapping - device0_
          - alias suffix - 0_
          - suffixed key columns - {id2_1_0_}
          - JOIN (JoinDefinedByMetadata(location)) : <gen:0> -> <gen:2>
             - CompositeQuerySpaceImpl(uid=<gen:2>)
                - SQL table alias mapping - device0_
                - JOIN (JoinDefinedByMetadata(address)) : <gen:2> -> <gen:3>
                   - CompositeQuerySpaceImpl(uid=<gen:3>)
                      - SQL table alias mapping - device0_

5610 [main] DEBUG org.hibernate.loader.entity.plan.EntityLoader  - Static select for entity org.thingsplode.core.entities.Device [OPTIMISTIC_FORCE_INCREMENT]: select device0_.id as id2_1_0_, device0_1_.deviceClass as deviceCl3_1_0_, device0_1_.enabledState as enabledS4_1_0_, device0_1_.identification as identifi5_1_0_, device0_1_.model_id as model_i10_1_0_, device0_1_.partNumber as partNumb6_1_0_, device0_1_.serialNumber as serialNu7_1_0_, device0_1_.status as status8_1_0_, device0_1_.type as type9_1_0_, device0_.hostAddress as hostAddr1_3_0_, device0_.lastHeartBeat as lastHear2_3_0_, device0_.city as city3_3_0_, device0_.country as country4_3_0_, device0_.houseNumber as houseNum5_3_0_, device0_.postCode as postCode6_3_0_, device0_.state as state7_3_0_, device0_.street as street8_3_0_, device0_.description as descript9_3_0_, device0_.latitude as latitud10_3_0_, device0_.longitude as longitu11_3_0_, device0_.startupDate as startup12_3_0_ from DEVICES device0_ inner join COMPONENT device0_1_ on device0_.id=device0_1_.id where device0_.id=?
5610 [main] DEBUG org.hibernate.loader.Loader  - Static select for action ACTION_MERGE on entity org.thingsplode.core.entities.Device: select device0_.id as id2_1_2_, device0_1_.deviceClass as deviceCl3_1_2_, device0_1_.enabledState as enabledS4_1_2_, device0_1_.identification as identifi5_1_2_, device0_1_.model_id as model_i10_1_2_, device0_1_.partNumber as partNumb6_1_2_, device0_1_.serialNumber as serialNu7_1_2_, device0_1_.status as status8_1_2_, device0_1_.type as type9_1_2_, device0_.hostAddress as hostAddr1_3_2_, device0_.lastHeartBeat as lastHear2_3_2_, device0_.city as city3_3_2_, device0_.country as country4_3_2_, device0_.houseNumber as houseNum5_3_2_, device0_.postCode as postCode6_3_2_, device0_.state as state7_3_2_, device0_.street as street8_3_2_, device0_.description as descript9_3_2_, device0_.latitude as latitud10_3_2_, device0_.longitude as longitu11_3_2_, device0_.startupDate as startup12_3_2_, capabiliti1_.COMP_ID as COMP_ID7_1_4_, capabiliti1_.id as id1_0_4_, capabiliti1_.id as id1_0_0_, capabiliti1_.active as active2_0_0_, capabiliti1_.name as name3_0_0_, capabiliti1_.type as type4_0_0_, capabiliti1_.content as content5_0_0_, capabiliti1_.VALUE_TYPE as VALUE_TY6_0_0_, model2_.id as id1_6_1_, model2_.manufacturer as manufact2_6_1_, model2_.type as type3_6_1_, model2_.version as version4_6_1_ from DEVICES device0_ inner join COMPONENT device0_1_ on device0_.id=device0_1_.id left outer join CAPABILITIES capabiliti1_ on device0_.id=capabiliti1_.COMP_ID left outer join MODELS model2_ on device0_1_.model_id=model2_.id where device0_.id=?
5611 [main] DEBUG org.hibernate.loader.Loader  - Static select for action ACTION_REFRESH on entity org.thingsplode.core.entities.Device: select device0_.id as id2_1_2_, device0_1_.deviceClass as deviceCl3_1_2_, device0_1_.enabledState as enabledS4_1_2_, device0_1_.identification as identifi5_1_2_, device0_1_.model_id as model_i10_1_2_, device0_1_.partNumber as partNumb6_1_2_, device0_1_.serialNumber as serialNu7_1_2_, device0_1_.status as status8_1_2_, device0_1_.type as type9_1_2_, device0_.hostAddress as hostAddr1_3_2_, device0_.lastHeartBeat as lastHear2_3_2_, device0_.city as city3_3_2_, device0_.country as country4_3_2_, device0_.houseNumber as houseNum5_3_2_, device0_.postCode as postCode6_3_2_, device0_.state as state7_3_2_, device0_.street as street8_3_2_, device0_.description as descript9_3_2_, device0_.latitude as latitud10_3_2_, device0_.longitude as longitu11_3_2_, device0_.startupDate as startup12_3_2_, capabiliti1_.COMP_ID as COMP_ID7_1_4_, capabiliti1_.id as id1_0_4_, capabiliti1_.id as id1_0_0_, capabiliti1_.active as active2_0_0_, capabiliti1_.name as name3_0_0_, capabiliti1_.type as type4_0_0_, capabiliti1_.content as content5_0_0_, capabiliti1_.VALUE_TYPE as VALUE_TY6_0_0_, model2_.id as id1_6_1_, model2_.manufacturer as manufact2_6_1_, model2_.type as type3_6_1_, model2_.version as version4_6_1_ from DEVICES device0_ inner join COMPONENT device0_1_ on device0_.id=device0_1_.id left outer join CAPABILITIES capabiliti1_ on device0_.id=capabiliti1_.COMP_ID left outer join MODELS model2_ on device0_1_.model_id=model2_.id where device0_.id=?
5613 [main] DEBUG org.hibernate.loader.plan.build.internal.spaces.QuerySpacesImpl  - Adding QuerySpace : uid = <gen:0> -> org.hibernate.loader.plan.build.internal.spaces.EntityQuerySpaceImpl@59d6642a]
5613 [main] DEBUG org.hibernate.loader.plan.build.internal.spaces.QuerySpacesImpl  - Adding QuerySpace : uid = <gen:1> -> org.hibernate.loader.plan.build.internal.spaces.CompositeQuerySpaceImpl@27df5806]
5614 [main] DEBUG org.hibernate.loader.plan.build.internal.FetchStyleLoadPlanBuildingAssociationVisitationStrategy  - Building LoadPlan...
5614 [main] DEBUG org.hibernate.loader.plan.exec.internal.LoadQueryJoinAndFetchProcessor  - processing queryspace <gen:0>
5614 [main] DEBUG org.hibernate.loader.plan.build.spi.LoadPlanTreePrinter  - LoadPlan(entity=org.thingsplode.core.entities.Treshold)
    - Returns
       - EntityReturnImpl(entity=org.thingsplode.core.entities.Treshold, querySpaceUid=<gen:0>, path=org.thingsplode.core.entities.Treshold)
          - CompositeAttributeFetchImpl(composite=org.thingsplode.core.Value, querySpaceUid=<gen:1>, path=org.thingsplode.core.entities.Treshold.tresholdValue)
    - QuerySpaces
       - EntityQuerySpaceImpl(uid=<gen:0>, entity=org.thingsplode.core.entities.Treshold)
          - SQL table alias mapping - treshold0_
          - alias suffix - 0_
          - suffixed key columns - {id1_8_0_}
          - JOIN (JoinDefinedByMetadata(tresholdValue)) : <gen:0> -> <gen:1>
             - CompositeQuerySpaceImpl(uid=<gen:1>)
                - SQL table alias mapping - treshold0_

5614 [main] DEBUG org.hibernate.loader.entity.plan.EntityLoader  - Static select for entity org.thingsplode.core.entities.Treshold [NONE]: select treshold0_.id as id1_8_0_, treshold0_.name as name2_8_0_, treshold0_.scope as scope3_8_0_, treshold0_.content as content4_8_0_, treshold0_.VALUE_TYPE as VALUE_TY5_8_0_, treshold0_.type as type6_8_0_ from TRESHOLDS treshold0_ where treshold0_.id=?
5615 [main] DEBUG org.hibernate.loader.plan.build.internal.spaces.QuerySpacesImpl  - Adding QuerySpace : uid = <gen:0> -> org.hibernate.loader.plan.build.internal.spaces.EntityQuerySpaceImpl@3214bad]
5615 [main] DEBUG org.hibernate.loader.plan.build.internal.spaces.QuerySpacesImpl  - Adding QuerySpace : uid = <gen:1> -> org.hibernate.loader.plan.build.internal.spaces.CompositeQuerySpaceImpl@f95d64d]
5615 [main] DEBUG org.hibernate.loader.plan.build.internal.FetchStyleLoadPlanBuildingAssociationVisitationStrategy  - Building LoadPlan...
5616 [main] DEBUG org.hibernate.loader.plan.exec.internal.LoadQueryJoinAndFetchProcessor  - processing queryspace <gen:0>
5616 [main] DEBUG org.hibernate.loader.plan.build.spi.LoadPlanTreePrinter  - LoadPlan(entity=org.thingsplode.core.entities.Treshold)
    - Returns
       - EntityReturnImpl(entity=org.thingsplode.core.entities.Treshold, querySpaceUid=<gen:0>, path=org.thingsplode.core.entities.Treshold)
          - CompositeAttributeFetchImpl(composite=org.thingsplode.core.Value, querySpaceUid=<gen:1>, path=org.thingsplode.core.entities.Treshold.tresholdValue)
    - QuerySpaces
       - EntityQuerySpaceImpl(uid=<gen:0>, entity=org.thingsplode.core.entities.Treshold)
          - SQL table alias mapping - treshold0_
          - alias suffix - 0_
          - suffixed key columns - {id1_8_0_}
          - JOIN (JoinDefinedByMetadata(tresholdValue)) : <gen:0> -> <gen:1>
             - CompositeQuerySpaceImpl(uid=<gen:1>)
                - SQL table alias mapping - treshold0_

5616 [main] DEBUG org.hibernate.loader.entity.plan.EntityLoader  - Static select for entity org.thingsplode.core.entities.Treshold [READ]: select treshold0_.id as id1_8_0_, treshold0_.name as name2_8_0_, treshold0_.scope as scope3_8_0_, treshold0_.content as content4_8_0_, treshold0_.VALUE_TYPE as VALUE_TY5_8_0_, treshold0_.type as type6_8_0_ from TRESHOLDS treshold0_ where treshold0_.id=?
5616 [main] DEBUG org.hibernate.loader.plan.build.internal.spaces.QuerySpacesImpl  - Adding QuerySpace : uid = <gen:0> -> org.hibernate.loader.plan.build.internal.spaces.EntityQuerySpaceImpl@b7d2d51]
5616 [main] DEBUG org.hibernate.loader.plan.build.internal.spaces.QuerySpacesImpl  - Adding QuerySpace : uid = <gen:1> -> org.hibernate.loader.plan.build.internal.spaces.CompositeQuerySpaceImpl@45984654]
5616 [main] DEBUG org.hibernate.loader.plan.build.internal.FetchStyleLoadPlanBuildingAssociationVisitationStrategy  - Building LoadPlan...
5616 [main] DEBUG org.hibernate.loader.plan.exec.internal.LoadQueryJoinAndFetchProcessor  - processing queryspace <gen:0>
5618 [main] DEBUG org.hibernate.loader.plan.build.spi.LoadPlanTreePrinter  - LoadPlan(entity=org.thingsplode.core.entities.Treshold)
    - Returns
       - EntityReturnImpl(entity=org.thingsplode.core.entities.Treshold, querySpaceUid=<gen:0>, path=org.thingsplode.core.entities.Treshold)
          - CompositeAttributeFetchImpl(composite=org.thingsplode.core.Value, querySpaceUid=<gen:1>, path=org.thingsplode.core.entities.Treshold.tresholdValue)
    - QuerySpaces
       - EntityQuerySpaceImpl(uid=<gen:0>, entity=org.thingsplode.core.entities.Treshold)
          - SQL table alias mapping - treshold0_
          - alias suffix - 0_
          - suffixed key columns - {id1_8_0_}
          - JOIN (JoinDefinedByMetadata(tresholdValue)) : <gen:0> -> <gen:1>
             - CompositeQuerySpaceImpl(uid=<gen:1>)
                - SQL table alias mapping - treshold0_

5618 [main] DEBUG org.hibernate.loader.entity.plan.EntityLoader  - Static select for entity org.thingsplode.core.entities.Treshold [UPGRADE]: select treshold0_.id as id1_8_0_, treshold0_.name as name2_8_0_, treshold0_.scope as scope3_8_0_, treshold0_.content as content4_8_0_, treshold0_.VALUE_TYPE as VALUE_TY5_8_0_, treshold0_.type as type6_8_0_ from TRESHOLDS treshold0_ where treshold0_.id=? for update
5618 [main] DEBUG org.hibernate.loader.plan.build.internal.spaces.QuerySpacesImpl  - Adding QuerySpace : uid = <gen:0> -> org.hibernate.loader.plan.build.internal.spaces.EntityQuerySpaceImpl@66b0e207]
5618 [main] DEBUG org.hibernate.loader.plan.build.internal.spaces.QuerySpacesImpl  - Adding QuerySpace : uid = <gen:1> -> org.hibernate.loader.plan.build.internal.spaces.CompositeQuerySpaceImpl@7308c820]
5619 [main] DEBUG org.hibernate.loader.plan.build.internal.FetchStyleLoadPlanBuildingAssociationVisitationStrategy  - Building LoadPlan...
5619 [main] DEBUG org.hibernate.loader.plan.exec.internal.LoadQueryJoinAndFetchProcessor  - processing queryspace <gen:0>
5619 [main] DEBUG org.hibernate.loader.plan.build.spi.LoadPlanTreePrinter  - LoadPlan(entity=org.thingsplode.core.entities.Treshold)
    - Returns
       - EntityReturnImpl(entity=org.thingsplode.core.entities.Treshold, querySpaceUid=<gen:0>, path=org.thingsplode.core.entities.Treshold)
          - CompositeAttributeFetchImpl(composite=org.thingsplode.core.Value, querySpaceUid=<gen:1>, path=org.thingsplode.core.entities.Treshold.tresholdValue)
    - QuerySpaces
       - EntityQuerySpaceImpl(uid=<gen:0>, entity=org.thingsplode.core.entities.Treshold)
          - SQL table alias mapping - treshold0_
          - alias suffix - 0_
          - suffixed key columns - {id1_8_0_}
          - JOIN (JoinDefinedByMetadata(tresholdValue)) : <gen:0> -> <gen:1>
             - CompositeQuerySpaceImpl(uid=<gen:1>)
                - SQL table alias mapping - treshold0_

5619 [main] DEBUG org.hibernate.loader.entity.plan.EntityLoader  - Static select for entity org.thingsplode.core.entities.Treshold [UPGRADE_NOWAIT]: select treshold0_.id as id1_8_0_, treshold0_.name as name2_8_0_, treshold0_.scope as scope3_8_0_, treshold0_.content as content4_8_0_, treshold0_.VALUE_TYPE as VALUE_TY5_8_0_, treshold0_.type as type6_8_0_ from TRESHOLDS treshold0_ where treshold0_.id=? for update
5619 [main] DEBUG org.hibernate.loader.plan.build.internal.spaces.QuerySpacesImpl  - Adding QuerySpace : uid = <gen:0> -> org.hibernate.loader.plan.build.internal.spaces.EntityQuerySpaceImpl@3ca17943]
5619 [main] DEBUG org.hibernate.loader.plan.build.internal.spaces.QuerySpacesImpl  - Adding QuerySpace : uid = <gen:1> -> org.hibernate.loader.plan.build.internal.spaces.CompositeQuerySpaceImpl@5170bc02]
5619 [main] DEBUG org.hibernate.loader.plan.build.internal.FetchStyleLoadPlanBuildingAssociationVisitationStrategy  - Building LoadPlan...
5619 [main] DEBUG org.hibernate.loader.plan.exec.internal.LoadQueryJoinAndFetchProcessor  - processing queryspace <gen:0>
5620 [main] DEBUG org.hibernate.loader.plan.build.spi.LoadPlanTreePrinter  - LoadPlan(entity=org.thingsplode.core.entities.Treshold)
    - Returns
       - EntityReturnImpl(entity=org.thingsplode.core.entities.Treshold, querySpaceUid=<gen:0>, path=org.thingsplode.core.entities.Treshold)
          - CompositeAttributeFetchImpl(composite=org.thingsplode.core.Value, querySpaceUid=<gen:1>, path=org.thingsplode.core.entities.Treshold.tresholdValue)
    - QuerySpaces
       - EntityQuerySpaceImpl(uid=<gen:0>, entity=org.thingsplode.core.entities.Treshold)
          - SQL table alias mapping - treshold0_
          - alias suffix - 0_
          - suffixed key columns - {id1_8_0_}
          - JOIN (JoinDefinedByMetadata(tresholdValue)) : <gen:0> -> <gen:1>
             - CompositeQuerySpaceImpl(uid=<gen:1>)
                - SQL table alias mapping - treshold0_

5620 [main] DEBUG org.hibernate.loader.entity.plan.EntityLoader  - Static select for entity org.thingsplode.core.entities.Treshold [UPGRADE_SKIPLOCKED]: select treshold0_.id as id1_8_0_, treshold0_.name as name2_8_0_, treshold0_.scope as scope3_8_0_, treshold0_.content as content4_8_0_, treshold0_.VALUE_TYPE as VALUE_TY5_8_0_, treshold0_.type as type6_8_0_ from TRESHOLDS treshold0_ where treshold0_.id=? for update
[...]
5743 [main] DEBUG org.hibernate.loader.plan.build.internal.spaces.QuerySpacesImpl  - Adding QuerySpace : uid = <gen:3> -> org.hibernate.loader.plan.build.internal.spaces.EntityQuerySpaceImpl@52c46334]
5743 [main] DEBUG org.hibernate.loader.plan.build.internal.spaces.QuerySpacesImpl  - Adding QuerySpace : uid = <gen:4> -> org.hibernate.loader.plan.build.internal.spaces.CompositeQuerySpaceImpl@12fccff0]
5743 [main] DEBUG org.hibernate.loader.plan.build.internal.FetchStyleLoadPlanBuildingAssociationVisitationStrategy  - Building LoadPlan...
5743 [main] DEBUG org.hibernate.loader.plan.exec.internal.LoadQueryJoinAndFetchProcessor  - processing queryspace <gen:0>
5743 [main] DEBUG org.hibernate.loader.plan.build.spi.LoadPlanTreePrinter  - LoadPlan(collection=org.thingsplode.core.entities.Component.capabilities)
    - Returns
       - CollectionReturnImpl(collection=org.thingsplode.core.entities.Component.capabilities, querySpaceUid=<gen:0>, path=[org.thingsplode.core.entities.Component.capabilities])
          - (collection element) CollectionFetchableElementEntityGraph(entity=org.thingsplode.core.entities.Capability, querySpaceUid=<gen:1>, path=[org.thingsplode.core.entities.Component.capabilities].<elements>)
             - CollectionAttributeFetchImpl(collection=org.thingsplode.core.entities.Capability.parameters, querySpaceUid=<gen:2>, path=[org.thingsplode.core.entities.Component.capabilities].<elements>.parameters)
                - (collection element) CollectionFetchableElementEntityGraph(entity=org.thingsplode.core.entities.Parameter, querySpaceUid=<gen:3>, path=[org.thingsplode.core.entities.Component.capabilities].<elements>.parameters.<elements>)
             - CompositeAttributeFetchImpl(composite=org.thingsplode.core.Value, querySpaceUid=<gen:4>, path=[org.thingsplode.core.entities.Component.capabilities].<elements>.value)
    - QuerySpaces
       - CollectionQuerySpaceImpl(uid=<gen:0>, collection=org.thingsplode.core.entities.Component.capabilities)
          - SQL table alias mapping - capabiliti0_
          - alias suffix - 0_
          - suffixed key columns - {COMP_ID7_1_0_}
          - entity-element alias suffix - 1_
          - 1_entity-element suffixed key columns - id1_0_1_
          - JOIN (JoinDefinedByMetadata(elements)) : <gen:0> -> <gen:1>
             - EntityQuerySpaceImpl(uid=<gen:1>, entity=org.thingsplode.core.entities.Capability)
                - SQL table alias mapping - capabiliti0_
                - alias suffix - 1_
                - suffixed key columns - {id1_0_1_}
                - JOIN (JoinDefinedByMetadata(value)) : <gen:1> -> <gen:4>
                   - CompositeQuerySpaceImpl(uid=<gen:4>)
                      - SQL table alias mapping - capabiliti0_

5743 [main] DEBUG org.hibernate.loader.collection.plan.CollectionLoader  - Static select for collection org.thingsplode.core.entities.Component.capabilities: select capabiliti0_.COMP_ID as COMP_ID7_1_0_, capabiliti0_.id as id1_0_0_, capabiliti0_.id as id1_0_1_, capabiliti0_.active as active2_0_1_, capabiliti0_.name as name3_0_1_, capabiliti0_.type as type4_0_1_, capabiliti0_.content as content5_0_1_, capabiliti0_.VALUE_TYPE as VALUE_TY6_0_1_ from CAPABILITIES capabiliti0_ where capabiliti0_.COMP_ID=?
5743 [main] DEBUG org.hibernate.loader.plan.build.internal.spaces.QuerySpacesImpl  - Adding QuerySpace : uid = <gen:0> -> org.hibernate.loader.plan.build.internal.spaces.CollectionQuerySpaceImpl@510da778]
5743 [main] DEBUG org.hibernate.loader.plan.build.internal.spaces.QuerySpacesImpl  - Adding QuerySpace : uid = <gen:1> -> org.hibernate.loader.plan.build.internal.spaces.EntityQuerySpaceImpl@20a1b3ae]
5743 [main] DEBUG org.hibernate.loader.plan.build.internal.spaces.QuerySpacesImpl  - Adding QuerySpace : uid = <gen:2> -> org.hibernate.loader.plan.build.internal.spaces.CompositeQuerySpaceImpl@6546371]
5744 [main] DEBUG org.hibernate.loader.plan.build.internal.FetchStyleLoadPlanBuildingAssociationVisitationStrategy  - Building LoadPlan...
5744 [main] DEBUG org.hibernate.loader.plan.exec.internal.LoadQueryJoinAndFetchProcessor  - processing queryspace <gen:0>
5744 [main] DEBUG org.hibernate.loader.plan.build.spi.LoadPlanTreePrinter  - LoadPlan(collection=org.thingsplode.core.entities.Event.indications)
    - Returns
       - CollectionReturnImpl(collection=org.thingsplode.core.entities.Event.indications, querySpaceUid=<gen:0>, path=[org.thingsplode.core.entities.Event.indications])
          - (collection element) CollectionFetchableElementEntityGraph(entity=org.thingsplode.core.entities.Indication, querySpaceUid=<gen:1>, path=[org.thingsplode.core.entities.Event.indications].<elements>)
             - CompositeAttributeFetchImpl(composite=org.thingsplode.core.Value, querySpaceUid=<gen:2>, path=[org.thingsplode.core.entities.Event.indications].<elements>.indicationValue)
    - QuerySpaces
       - CollectionQuerySpaceImpl(uid=<gen:0>, collection=org.thingsplode.core.entities.Event.indications)
          - SQL table alias mapping - indication0_
          - alias suffix - 0_
          - suffixed key columns - {EVT_ID5_4_0_}
          - entity-element alias suffix - 1_
          - 1_entity-element suffixed key columns - id1_5_1_
          - JOIN (JoinDefinedByMetadata(elements)) : <gen:0> -> <gen:1>
             - EntityQuerySpaceImpl(uid=<gen:1>, entity=org.thingsplode.core.entities.Indication)
                - SQL table alias mapping - indication0_
                - alias suffix - 1_
                - suffixed key columns - {id1_5_1_}
                - JOIN (JoinDefinedByMetadata(indicationValue)) : <gen:1> -> <gen:2>
                   - CompositeQuerySpaceImpl(uid=<gen:2>)
                      - SQL table alias mapping - indication0_

5744 [main] DEBUG org.hibernate.loader.collection.plan.CollectionLoader  - Static select for collection org.thingsplode.core.entities.Event.indications: select indication0_.EVT_ID as EVT_ID5_4_0_, indication0_.id as id1_5_0_, indication0_.id as id1_5_1_, indication0_.content as content2_5_1_, indication0_.VALUE_TYPE as VALUE_TY3_5_1_, indication0_.name as name4_5_1_ from INDICATIONS indication0_ where indication0_.EVT_ID=?
5744 [main] DEBUG org.hibernate.internal.SessionFactoryRegistry  - Registering SessionFactory: dde1eeae-547e-49ac-86d1-00e997f417e5 (<unnamed>)
5744 [main] DEBUG org.hibernate.internal.SessionFactoryRegistry  - Not binding SessionFactory to JNDI, no JNDI name configured
5744 [main] DEBUG org.hibernate.internal.SessionFactoryImpl  - Instantiated session factory
5744 [main] INFO org.hibernate.tool.hbm2ddl.SchemaUpdate  - HHH000228: Running hbm2ddl schema update
5744 [main] INFO org.hibernate.tool.hbm2ddl.SchemaUpdate  - HHH000102: Fetching database metadata
5745 [main] INFO org.hibernate.tool.hbm2ddl.SchemaUpdate  - HHH000396: Updating schema
5749 [main] INFO org.hibernate.tool.hbm2ddl.TableMetadata  - HHH000261: Table found: THINGSPLODE_H2DB_TEST.PUBLIC.CAPABILITIES
5749 [main] INFO org.hibernate.tool.hbm2ddl.TableMetadata  - HHH000037: Columns: [value_type, name, active, id, type, comp_id, content]
5749 [main] INFO org.hibernate.tool.hbm2ddl.TableMetadata  - HHH000108: Foreign keys: [fk_qh15qq5csvpdy9gr04xvpa5kp]
5749 [main] INFO org.hibernate.tool.hbm2ddl.TableMetadata  - HHH000126: Indexes: [primary_key_3, uk_kkhl72he91wcxsg4hcaxidb37_index_3, fk_qh15qq5csvpdy9gr04xvpa5kp_index_3]
5751 [main] INFO org.hibernate.tool.hbm2ddl.TableMetadata  - HHH000261: Table found: THINGSPLODE_H2DB_TEST.PUBLIC.COMPONENT
5751 [main] INFO org.hibernate.tool.hbm2ddl.TableMetadata  - HHH000037: Columns: [identification, serialnumber, enabledstate, root_comp_id, main_type, id, model_id, deviceclass, type, partnumber, status]
5751 [main] INFO org.hibernate.tool.hbm2ddl.TableMetadata  - HHH000108: Foreign keys: [fk_feg3sht8wk011xwtjhv5stvtm, fk_lo7idin9s0k11tueyb9jsmw6a]
5751 [main] INFO org.hibernate.tool.hbm2ddl.TableMetadata  - HHH000126: Indexes: [unique_ids_index_5, uk_g3yj09kkuwosboyy33l8eyuqo_index_5, fk_lo7idin9s0k11tueyb9jsmw6a_index_5, fk_feg3sht8wk011xwtjhv5stvtm_index_5, primary_key_5]
5753 [main] INFO org.hibernate.tool.hbm2ddl.TableMetadata  - HHH000261: Table found: THINGSPLODE_H2DB_TEST.PUBLIC.CONFIGURATION
5754 [main] INFO org.hibernate.tool.hbm2ddl.TableMetadata  - HHH000037: Columns: [syncstatus, id, type, comp_id, value, key]
5754 [main] INFO org.hibernate.tool.hbm2ddl.TableMetadata  - HHH000108: Foreign keys: [fk_pbc8wm565b6wuik56r3wdikd0]
5754 [main] INFO org.hibernate.tool.hbm2ddl.TableMetadata  - HHH000126: Indexes: [primary_key_2, unique_conf_index_2, fk_pbc8wm565b6wuik56r3wdikd0_index_2]
5757 [main] INFO org.hibernate.tool.hbm2ddl.TableMetadata  - HHH000261: Table found: THINGSPLODE_H2DB_TEST.PUBLIC.DEVICES
5757 [main] INFO org.hibernate.tool.hbm2ddl.TableMetadata  - HHH000037: Columns: [country, startupdate, city, latitude, postcode, description, hostaddress, lastheartbeat, housenumber, street, state, id, longitude]
5757 [main] INFO org.hibernate.tool.hbm2ddl.TableMetadata  - HHH000108: Foreign keys: [fk_2k3ne9brr5hwviblbh9dxc48j]
5757 [main] INFO org.hibernate.tool.hbm2ddl.TableMetadata  - HHH000126: Indexes: [primary_key_8]
5759 [main] INFO org.hibernate.tool.hbm2ddl.TableMetadata  - HHH000261: Table found: THINGSPLODE_H2DB_TEST.PUBLIC.EVENTS
5759 [main] INFO org.hibernate.tool.hbm2ddl.TableMetadata  - HHH000037: Columns: [severity, eventid, component_id, receivedate, id, type, eventclass, eventdate]
5759 [main] INFO org.hibernate.tool.hbm2ddl.TableMetadata  - HHH000108: Foreign keys: [fk_3bpapgqkbtlnm5emfpa5787fu]
5759 [main] INFO org.hibernate.tool.hbm2ddl.TableMetadata  - HHH000126: Indexes: [fk_3bpapgqkbtlnm5emfpa5787fu_index_7, primary_key_7]
5761 [main] INFO org.hibernate.tool.hbm2ddl.TableMetadata  - HHH000261: Table found: THINGSPLODE_H2DB_TEST.PUBLIC.INDICATIONS
5762 [main] INFO org.hibernate.tool.hbm2ddl.TableMetadata  - HHH000037: Columns: [value_type, name, evt_id, id, content]
5762 [main] INFO org.hibernate.tool.hbm2ddl.TableMetadata  - HHH000108: Foreign keys: [fk_t4hs0iiteqh8pkdjetw87tjm2]
5762 [main] INFO org.hibernate.tool.hbm2ddl.TableMetadata  - HHH000126: Indexes: [primary_key_30, fk_t4hs0iiteqh8pkdjetw87tjm2_index_3]
5763 [main] INFO org.hibernate.tool.hbm2ddl.TableMetadata  - HHH000261: Table found: THINGSPLODE_H2DB_TEST.PUBLIC.MODELS
5764 [main] INFO org.hibernate.tool.hbm2ddl.TableMetadata  - HHH000037: Columns: [id, type, version, manufacturer]
5764 [main] INFO org.hibernate.tool.hbm2ddl.TableMetadata  - HHH000108: Foreign keys: []
5764 [main] INFO org.hibernate.tool.hbm2ddl.TableMetadata  - HHH000126: Indexes: [primary_key_87, uk_8g9ptgdwhdocc2x7hwrk9gsyp_index_8]
5765 [main] INFO org.hibernate.tool.hbm2ddl.TableMetadata  - HHH000261: Table found: THINGSPLODE_H2DB_TEST.PUBLIC.PARAMETERS
5765 [main] INFO org.hibernate.tool.hbm2ddl.TableMetadata  - HHH000037: Columns: [valuetype, cap_id, name, id]
5765 [main] INFO org.hibernate.tool.hbm2ddl.TableMetadata  - HHH000108: Foreign keys: [fk_6x9a0gjj2wb7v5jt30ibm1o5h]
5765 [main] INFO org.hibernate.tool.hbm2ddl.TableMetadata  - HHH000126: Indexes: [primary_key_38, fk_6x9a0gjj2wb7v5jt30ibm1o5h_index_3]
5767 [main] INFO org.hibernate.tool.hbm2ddl.TableMetadata  - HHH000261: Table found: THINGSPLODE_H2DB_TEST.PUBLIC.TRESHOLDS
5767 [main] INFO org.hibernate.tool.hbm2ddl.TableMetadata  - HHH000037: Columns: [value_type, scope, name, id, type, comp_id, content]
5768 [main] INFO org.hibernate.tool.hbm2ddl.TableMetadata  - HHH000108: Foreign keys: [fk_qt6y1pwe684s6r4dfp03a3uv0]
5768 [main] INFO org.hibernate.tool.hbm2ddl.TableMetadata  - HHH000126: Indexes: [primary_key_c, fk_qt6y1pwe684s6r4dfp03a3uv0_index_c, uk_fg5yr6e1y46ad0srwsxolyrwr_index_c]
5768 [main] DEBUG org.hibernate.tool.hbm2ddl.SchemaUpdate  - alter table CAPABILITIES drop constraint if exists UK_kkhl72he91wcxsg4hcaxidb37
5768 [main] DEBUG org.hibernate.tool.hbm2ddl.SchemaUpdate  - alter table CAPABILITIES add constraint UK_kkhl72he91wcxsg4hcaxidb37  unique (name, COMP_ID)
5769 [main] DEBUG org.hibernate.tool.hbm2ddl.SchemaUpdate  - alter table COMPONENT drop constraint if exists unique_ids
5769 [main] DEBUG org.hibernate.tool.hbm2ddl.SchemaUpdate  - alter table COMPONENT add constraint unique_ids  unique (identification, ROOT_COMP_ID)
5769 [main] DEBUG org.hibernate.tool.hbm2ddl.SchemaUpdate  - alter table CONFIGURATION drop constraint if exists unique_conf
5770 [main] DEBUG org.hibernate.tool.hbm2ddl.SchemaUpdate  - alter table CONFIGURATION add constraint unique_conf  unique (key, COMP_ID)
5770 [main] DEBUG org.hibernate.tool.hbm2ddl.SchemaUpdate  - alter table MODELS drop constraint if exists UK_8g9ptgdwhdocc2x7hwrk9gsyp
5770 [main] DEBUG org.hibernate.tool.hbm2ddl.SchemaUpdate  - alter table MODELS add constraint UK_8g9ptgdwhdocc2x7hwrk9gsyp  unique (manufacturer, type, version)
5771 [main] DEBUG org.hibernate.tool.hbm2ddl.SchemaUpdate  - alter table TRESHOLDS drop constraint if exists UK_fg5yr6e1y46ad0srwsxolyrwr
5771 [main] DEBUG org.hibernate.tool.hbm2ddl.SchemaUpdate  - alter table TRESHOLDS add constraint UK_fg5yr6e1y46ad0srwsxolyrwr  unique (name, COMP_ID)
5771 [main] INFO org.hibernate.tool.hbm2ddl.SchemaUpdate  - HHH000232: Schema update complete
5773 [main] DEBUG org.hibernate.internal.NamedQueryRepository  - Checking 0 named HQL queries
5774 [main] DEBUG org.hibernate.internal.NamedQueryRepository  - Checking 0 named SQL queries
5774 [main] DEBUG org.hibernate.stat.internal.StatisticsInitiator  - Statistics initialized [enabled=false]
5774 [main] DEBUG org.hibernate.jpa.internal.schemagen.JpaSchemaGenerator  - No actions specified; doing nothing
5782 [main] DEBUG org.hibernate.jpa.internal.EntityManagerFactoryRegistry  - Registering EntityManagerFactory: default 
5790 [main] WARN org.hibernate.jpa.internal.EntityManagerFactoryRegistry  - HHH000436: Entity manager factory name (default) is already registered.  If entity manager will be clustered or passivated, specify a unique value for property 'hibernate.ejb.entitymanager_factory_name'
5847 [main] DEBUG org.hibernate.jpa.spi.AbstractEntityManagerImpl  - Mark transaction for rollback
5854 [main] DEBUG org.hibernate.jpa.spi.AbstractEntityManagerImpl  - Mark transaction for rollback
5855 [main] DEBUG org.hibernate.jpa.spi.AbstractEntityManagerImpl  - Mark transaction for rollback
5862 [main] DEBUG org.hibernate.jpa.spi.AbstractEntityManagerImpl  - Mark transaction for rollback
5893 [main] DEBUG org.hibernate.hql.internal.ast.QueryTranslatorImpl  - parse() - HQL: select c from org.thingsplode.core.entities.Component c where MAIN_TYPE= ?1
5894 [main] DEBUG org.hibernate.hql.internal.ast.QueryTranslatorImpl  - --- HQL AST ---
 \-[QUERY] Node: 'query'
    +-[SELECT_FROM] Node: 'SELECT_FROM'
    |  +-[FROM] Node: 'from'
    |  |  \-[RANGE] Node: 'RANGE'
    |  |     +-[DOT] Node: '.'
    |  |     |  +-[DOT] Node: '.'
    |  |     |  |  +-[DOT] Node: '.'
    |  |     |  |  |  +-[DOT] Node: '.'
    |  |     |  |  |  |  +-[IDENT] Node: 'org'
    |  |     |  |  |  |  \-[IDENT] Node: 'thingsplode'
    |  |     |  |  |  \-[IDENT] Node: 'core'
    |  |     |  |  \-[IDENT] Node: 'entities'
    |  |     |  \-[IDENT] Node: 'Component'
    |  |     \-[ALIAS] Node: 'c'
    |  \-[SELECT] Node: 'select'
    |     \-[IDENT] Node: 'c'
    \-[WHERE] Node: 'where'
       \-[EQ] Node: '='
          +-[IDENT] Node: 'MAIN_TYPE'
          \-[PARAM] Node: '?'
             \-[NUM_INT] Node: '1'

5894 [main] DEBUG org.hibernate.hql.internal.ast.ErrorCounter  - throwQueryException() : no errors
5894 [main] DEBUG org.hibernate.hql.internal.antlr.HqlSqlBaseWalker  - select << begin [level=1, statement=select]
5894 [main] DEBUG org.hibernate.hql.internal.ast.tree.FromElement  - FromClause{level=1} : org.thingsplode.core.entities.Component (c) -> component0_
5894 [main] DEBUG org.hibernate.hql.internal.ast.tree.FromReferenceNode  - Resolved : c -> component0_.id
5895 [main] DEBUG org.hibernate.hql.internal.antlr.HqlSqlBaseWalker  - select : finishing up [level=1, statement=select]
5895 [main] DEBUG org.hibernate.hql.internal.ast.HqlSqlWalker  - processQuery() :  ( SELECT ( {select clause} component0_.id ) ( FromClause{level=1} COMPONENT component0_ ) ( where ( = MAIN_TYPE ? ) ) )
5895 [main] DEBUG org.hibernate.hql.internal.ast.util.JoinProcessor  - Using FROM fragment [COMPONENT component0_ left outer join DEVICES component0_1_ on component0_.id=component0_1_.id]
5895 [main] DEBUG org.hibernate.hql.internal.antlr.HqlSqlBaseWalker  - select >> end [level=1, statement=select]
5895 [main] DEBUG org.hibernate.hql.internal.ast.QueryTranslatorImpl  - --- SQL AST ---
 \-[SELECT] QueryNode: 'SELECT'  querySpaces (COMPONENT)
    +-[SELECT_CLAUSE] SelectClause: '{select clause}'
    |  +-[ALIAS_REF] IdentNode: 'component0_.id as id2_1_' {alias=c, className=org.thingsplode.core.entities.Component, tableAlias=component0_}
    |  \-[SQL_TOKEN] SqlFragment: 'component0_.deviceClass as deviceCl3_1_, component0_.enabledState as enabledS4_1_, component0_.identification as identifi5_1_, component0_.model_id as model_i10_1_, component0_.partNumber as partNumb6_1_, component0_.serialNumber as serialNu7_1_, component0_.status as status8_1_, component0_.type as type9_1_, component0_1_.hostAddress as hostAddr1_3_, component0_1_.lastHeartBeat as lastHear2_3_, component0_1_.city as city3_3_, component0_1_.country as country4_3_, component0_1_.houseNumber as houseNum5_3_, component0_1_.postCode as postCode6_3_, component0_1_.state as state7_3_, component0_1_.street as street8_3_, component0_1_.description as descript9_3_, component0_1_.latitude as latitud10_3_, component0_1_.longitude as longitu11_3_, component0_1_.startupDate as startup12_3_, component0_.MAIN_TYPE as MAIN_TYP1_1_'
    +-[FROM] FromClause: 'from' FromClause{level=1, fromElementCounter=1, fromElements=1, fromElementByClassAlias=[c], fromElementByTableAlias=[component0_], fromElementsByPath=[], collectionJoinFromElementsByPath=[], impliedElements=[]}
    |  \-[FROM_FRAGMENT] FromElement: 'COMPONENT component0_ left outer join DEVICES component0_1_ on component0_.id=component0_1_.id' FromElement{explicit,not a collection join,not a fetch join,fetch non-lazy properties,classAlias=c,role=null,tableName=COMPONENT,tableAlias=component0_,origin=null,columns={,className=org.thingsplode.core.entities.Component}}
    \-[WHERE] SqlNode: 'where'
       \-[EQ] BinaryLogicOperatorNode: '='
          +-[IDENT] IdentNode: 'MAIN_TYPE' {originalText=MAIN_TYPE}
          \-[NAMED_PARAM] ParameterNode: '?' {name=1, expectedType=null}

5895 [main] DEBUG org.hibernate.hql.internal.ast.ErrorCounter  - throwQueryException() : no errors
5895 [main] DEBUG org.hibernate.hql.internal.ast.QueryTranslatorImpl  - HQL: select c from org.thingsplode.core.entities.Component c where MAIN_TYPE= ?1
5895 [main] DEBUG org.hibernate.hql.internal.ast.QueryTranslatorImpl  - SQL: select component0_.id as id2_1_, component0_.deviceClass as deviceCl3_1_, component0_.enabledState as enabledS4_1_, component0_.identification as identifi5_1_, component0_.model_id as model_i10_1_, component0_.partNumber as partNumb6_1_, component0_.serialNumber as serialNu7_1_, component0_.status as status8_1_, component0_.type as type9_1_, component0_1_.hostAddress as hostAddr1_3_, component0_1_.lastHeartBeat as lastHear2_3_, component0_1_.city as city3_3_, component0_1_.country as country4_3_, component0_1_.houseNumber as houseNum5_3_, component0_1_.postCode as postCode6_3_, component0_1_.state as state7_3_, component0_1_.street as street8_3_, component0_1_.description as descript9_3_, component0_1_.latitude as latitud10_3_, component0_1_.longitude as longitu11_3_, component0_1_.startupDate as startup12_3_, component0_.MAIN_TYPE as MAIN_TYP1_1_ from COMPONENT component0_ left outer join DEVICES component0_1_ on component0_.id=component0_1_.id where MAIN_TYPE=?
5895 [main] DEBUG org.hibernate.hql.internal.ast.ErrorCounter  - throwQueryException() : no errors
Test Property ---------> [default]
]]></system-out>
  </testcase>
</testsuite>